31/03/2025 17:15:33-2
Recall-----:   0.99999999      0.21704632      0.21495085      0.21377362      0.21259638      0.21158396      0.21071281      0.20953558      0.20813467      0.20620401      0.0   
Precision--:   0.00065068      0.05996669      0.06208243      0.06356479      0.06473038      0.06580841      0.06696923      0.06821997      0.06971801      0.07210575      0.0   
31/03/2025 17:15:52-3
Recall-----:   0.99999999      0.28362175      0.27932191      0.27683207      0.27439519      0.27220554      0.27010418      0.26781741      0.26504503      0.2613544      0.0   
Precision--:   0.00065068      0.09299532      0.09582688      0.09784091      0.09936089      0.10073879      0.1021968      0.10384351      0.10578973      0.10895619      0.0   
31/03/2025 17:16:12-4
Recall-----:   0.99999999      0.34738478      0.34222143      0.33909941      0.3362458      0.33353346      0.33099064      0.32817941      0.3248243      0.32002119      0.0   
Precision--:   0.00065068      0.12592464      0.12973312      0.13237196      0.13444837      0.13628453      0.1382305      0.14040591      0.14298907      0.14705338      0.0   
31/03/2025 17:16:31-5
Recall-----:   0.99999999      0.37717935      0.37143446      0.36782624      0.36464182      0.36175172      0.3589087      0.35581258      0.35221025      0.34659485      0.0   
Precision--:   0.00065068      0.15458304      0.15907865      0.16213818      0.16456628      0.16677204      0.16906083      0.17161798      0.17470759      0.1793349      0.0   
31/03/2025 17:16:50-6
Recall-----:   0.99999999      0.41191695      0.40580207      0.40187684      0.39850659      0.39541888      0.39251785      0.3891476      0.38513155      0.37918821      0.0   
Precision--:   0.00065068      0.18364134      0.18889087      0.19242328      0.19525279      0.19783621      0.20055992      0.20351885      0.20702027      0.21242192      0.0   
31/03/2025 17:17:10-7
Recall-----:   1.0      0.44335158      0.43697687      0.43287127      0.42933074      0.42618753      0.4231282      0.41961416      0.41539378      0.40897492      0.0   
Precision--:   0.00065068      0.21110604      0.21709065      0.22110628      0.22434192      0.22729306      0.23035216      0.23371913      0.23767966      0.24372476      0.0   
31/03/2025 17:17:29-8
Recall-----:   1.0      0.47876469      0.47224675      0.46807542      0.46443777      0.46127886      0.45814743      0.45458041      0.45026389      0.44369101      0.0   
Precision--:   0.00065068      0.23771864      0.24442282      0.24893669      0.25255801      0.25587723      0.25930368      0.26306013      0.26750174      0.27430041      0.0   
31/03/2025 17:17:48-9
Recall-----:   1.0      0.50692919      0.50049797      0.49631644      0.49257637      0.48932015      0.48616281      0.48259933      0.47825534      0.47158396      0.0   
Precision--:   0.00065068      0.26013164      0.26743561      0.27231242      0.27618361      0.27974842      0.28345949      0.28752564      0.29234815      0.2996961      0.0   
31/03/2025 17:18:08-10
Recall-----:   1.0      0.53248679      0.52615864      0.52195271      0.51826369      0.51501774      0.5118071      0.50827862      0.50396031      0.49726293      0.0   
Precision--:   0.00065068      0.281317      0.28914217      0.29431839      0.29843922      0.30222699      0.306125      0.31045512      0.31559709      0.3233862      0.0   
31/03/2025 17:18:27-11
Recall-----:   1.0      0.55122138      0.54487315      0.54064983      0.53697098      0.53376302      0.53057861      0.52709989      0.52277944      0.51613985      0.0   
Precision--:   0.00065068      0.30097204      0.30912118      0.31452429      0.31883045      0.32280526      0.32688674      0.3314003      0.33675849      0.34487817      0.0   
31/03/2025 17:18:46-12
Recall-----:   1.0      0.56895638      0.56265909      0.55849713      0.55490294      0.55172985      0.54854046      0.54502506      0.54070281      0.53403062      0.0   
Precision--:   0.00065068      0.31953508      0.32800988      0.33364277      0.3381632      0.34230002      0.34655071      0.35121802      0.35676643      0.36517691      0.0   
31/03/2025 17:19:06-13
Recall-----:   1.0      0.5868419      0.58054792      0.57635529      0.5728362      0.56968795      0.56647663      0.56299286      0.55872203      0.55210514      0.0   
Precision--:   0.00065068      0.33569705      0.34442273      0.35020977      0.354892      0.35915754      0.36351907      0.36830944      0.37403255      0.38267991      0.0   
31/03/2025 17:19:25-14
Recall-----:   1.0      0.60282065      0.59657425      0.59237389      0.58887515      0.58576726      0.58257696      0.57911119      0.57485432      0.56829713      0.0   
Precision--:   0.00065068      0.34786856      0.35677173      0.36264888      0.36742141      0.37177282      0.37620398      0.38106858      0.38685129      0.39561653      0.0   
31/03/2025 17:19:44-15
Recall-----:   1.0      0.61543131      0.60919124      0.60503046      0.60157823      0.59850786      0.59534478      0.5918793      0.58766996      0.58120696      0.0   
Precision--:   0.00065068      0.35953675      0.36854173      0.37449244      0.37934356      0.38377694      0.38826181      0.39317218      0.39902222      0.40789107      0.0   
31/03/2025 17:20:04-16
Recall-----:   1.0      0.62773005      0.62163268      0.61755877      0.61418703      0.61116639      0.60804396      0.60465145      0.60053183      0.59417893      0.0   
Precision--:   0.00065068      0.37295079      0.38214008      0.3882001      0.39314828      0.39766581      0.40221719      0.40721723      0.41317174      0.42217764      0.0   
31/03/2025 17:20:23-17
Recall-----:   1.0      0.63507367      0.62891675      0.62477682      0.62136088      0.61829027      0.615098      0.61163105      0.60744403      0.60101242      0.0   
Precision--:   0.00065068      0.38676844      0.39610543      0.40223228      0.40724581      0.41181644      0.4164081      0.42145438      0.42747472      0.43656436      0.0   
31/03/2025 17:20:42-18
Recall-----:   1.0      0.64086545      0.63478907      0.63069788      0.62736879      0.62432967      0.62117717      0.61776629      0.61365094      0.6072976      0.0   
Precision--:   0.00065068      0.39885795      0.4083112      0.41451168      0.4195902      0.42420874      0.42885173      0.43395472      0.44005268      0.44923385      0.0   
31/03/2025 17:21:01-19
Recall-----:   1.0      0.65218965      0.64621932      0.64220378      0.6389087      0.63593502      0.63283948      0.62948437      0.62544764      0.6191983      0.0   
Precision--:   0.00065068      0.41019447      0.41976492      0.42605286      0.43117907      0.4358566      0.44054098      0.44569709      0.45186472      0.46112695      0.0   
31/03/2025 17:21:21-20
Recall-----:   1.0      0.65965372      0.65375075      0.64979861      0.64655617      0.64363496      0.64055397      0.63725268      0.63325513      0.62708139      0.0   
Precision--:   0.00065068      0.42095909      0.43062747      0.43698258      0.44216059      0.44687457      0.45158334      0.45677997      0.46298851      0.47230434      0.0   
31/03/2025 17:21:40-21
Recall-----:   1.0      0.66730451      0.66147079      0.65757148      0.65436245      0.65147769      0.64845167      0.64518806      0.64123096      0.6350858      0.0   
Precision--:   0.00065068      0.43144064      0.44120292      0.44760963      0.45282428      0.45756406      0.46231197      0.46753704      0.47379177      0.48315431      0.0   
31/03/2025 17:21:59-22
Recall-----:   1.0      0.67626316      0.67055102      0.66672143      0.66358436      0.66072062      0.65772635      0.65450176      0.65060154      0.6445393      0.0   
Precision--:   0.00065068      0.44056103      0.45039166      0.45682365      0.46207489      0.46682065      0.47158226      0.47681751      0.48308522      0.49245802      0.0   
31/03/2025 17:22:19-23
Recall-----:   1.0      0.68324798      0.67763994      0.6738625      0.67077668      0.66797928      0.66504209      0.66187533      0.65803755      0.65207781      0.0   
Precision--:   0.00065068      0.44914834      0.45903406      0.46547867      0.47074381      0.47551167      0.48028583      0.48553019      0.49181402      0.50119325      0.0   
31/03/2025 17:22:38-24
Recall-----:   1.0      0.6888024      0.68324916      0.67947872      0.67642027      0.67364012      0.67071729      0.66757549      0.66375561      0.65784778      0.0   
Precision--:   0.00065068      0.45828078      0.468231      0.47468831      0.47998304      0.48477125      0.48957252      0.49483655      0.50113643      0.51054868      0.0   
31/03/2025 17:22:57-25
Recall-----:   1.0      0.69675899      0.69134191      0.68765264      0.68463848      0.68191635      0.67906383      0.67598038      0.67226124      0.66648148      0.0   
Precision--:   0.00065068      0.46534964      0.47529216      0.48173062      0.48701218      0.49179942      0.4965874      0.50184138      0.50813625      0.51751554      0.0   
31/03/2025 17:23:16-26
Recall-----:   1.0      0.70024656      0.69484438      0.69116225      0.68813938      0.68542913      0.68255799      0.67948934      0.6757706      0.66998123      0.0   
Precision--:   0.00065068      0.47382988      0.4837917      0.49023923      0.49551752      0.50030122      0.50508063      0.51033444      0.51662897      0.52599074      0.0   
31/03/2025 17:23:36-27
Recall-----:   1.0      0.70618047      0.70085517      0.69722509      0.69424081      0.69156807      0.68873389      0.68571176      0.68204258      0.67631997      0.0   
Precision--:   0.00065068      0.481103      0.49105951      0.4975074      0.50277968      0.50755986      0.51232728      0.51757423      0.52385879      0.53319491      0.0   
31/03/2025 17:23:55-28
Recall-----:   1.0      0.70768631      0.70232544      0.69868901      0.69568341      0.69299567      0.69015935      0.687116      0.68338093      0.67765227      0.0   
Precision--:   0.00065068      0.48889543      0.49884308      0.50529499      0.51055748      0.51532827      0.52009765      0.52532713      0.53158295      0.54088806      0.0   
31/03/2025 17:24:14-29
Recall-----:   1.0      0.71094237      0.70560716      0.70198364      0.69898758      0.6963082      0.69349697      0.69047619      0.68675849      0.68106186      0.0   
Precision--:   0.00065068      0.49641525      0.50635373      0.51278788      0.51804347      0.52280214      0.52756717      0.53278752      0.53902816      0.54830593      0.0   
31/03/2025 17:24:34-30
Recall-----:   1.0      0.71649245      0.71120061      0.70761764      0.70466013      0.70201478      0.69921904      0.69622393      0.69254299      0.68688544      0.0   
Precision--:   0.00065068      0.50288379      0.51279256      0.51921339      0.52445769      0.52919711      0.53395009      0.53915797      0.5453831      0.55462962      0.0   
31/03/2025 17:24:53-31
Recall-----:   1.0      0.72128399      0.71603501      0.7125      0.70955986      0.70694641      0.70418065      0.70121843      0.69757196      0.69195435      0.0   
Precision--:   0.00065068      0.5091386      0.51905125      0.52547561      0.53070254      0.53544082      0.5401856      0.54539024      0.55159582      0.56082258      0.0   
31/03/2025 17:25:12-32
Recall-----:   1.0      0.72612867      0.7209328      0.71742999      0.71450939      0.71191306      0.70916368      0.70622916      0.70261934      0.69706602      0.0   
Precision--:   0.00065068      0.51538934      0.5252932      0.53171678      0.53693189      0.54166327      0.54639734      0.55160161      0.55781051      0.56703059      0.0   
31/03/2025 17:25:31-33
Recall-----:   1.0      0.73070395      0.72555806      0.72210634      0.71922905      0.71666649      0.71394916      0.71103863      0.70747577      0.70199645      0.0   
Precision--:   0.00065068      0.52079305      0.53068465      0.53709564      0.54229858      0.54702556      0.55175088      0.55694378      0.5631338      0.57233315      0.0   
31/03/2025 17:25:51-34
Recall-----:   1.0      0.7344063      0.72931359      0.72587573      0.72301102      0.72047426      0.71777806      0.71489417      0.71135945      0.70591357      0.0   
Precision--:   0.00065068      0.52707256      0.53697753      0.54338558      0.54857978      0.55330456      0.55802132      0.56320447      0.56938552      0.57856481      0.0   
31/03/2025 17:26:10-35
Recall-----:   1.0      0.73857496      0.73353444      0.73014401      0.72732847      0.72481802      0.72216238      0.71930857      0.71580827      0.71043126      0.0   
Precision--:   0.00065068      0.53234326      0.54221461      0.54860745      0.55379604      0.55850188      0.56320958      0.56837262      0.57452823      0.58366432      0.0   
31/03/2025 17:26:29-36
Recall-----:   1.0      0.73137054      0.72612263      0.72257852      0.71965198      0.71705285      0.71429335      0.71135154      0.70772058      0.70220922      0.0   
Precision--:   0.00065068      0.53594241      0.54577987      0.5521318      0.55728955      0.56195439      0.56661117      0.57172897      0.5778195      0.58687543      0.0   
31/03/2025 17:26:49-37
Recall-----:   1.0      0.73337639      0.72814298      0.72460199      0.72168741      0.71907581      0.71632759      0.71339907      0.70977444      0.70426499      0.0   
Precision--:   0.00065068      0.54064807      0.55047947      0.55682962      0.56197946      0.5666177      0.57126519      0.57638318      0.5824565      0.59148824      0.0   
31/03/2025 17:27:08-38
Recall-----:   1.0      0.73665675      0.7314561      0.72795519      0.72506373      0.7224711      0.7197372      0.71684121      0.71326062      0.7077883      0.0   
Precision--:   0.00065068      0.5447314      0.5545337      0.56087019      0.56600507      0.57062567      0.57526018      0.5803646      0.58642176      0.59542401      0.0   
31/03/2025 17:27:27-39
Recall-----:   1.0      0.74026664      0.73510948      0.73162811      0.7287692      0.72618665      0.72348578      0.72059156      0.71703602      0.71159809      0.0   
Precision--:   0.00065068      0.54873433      0.55851986      0.56483132      0.56995835      0.57456629      0.57919528      0.58427319      0.59030367      0.59927592      0.0   
31/03/2025 17:27:47-40
Recall-----:   1.0      0.74420005      0.73909804      0.73565593      0.73281592      0.73026535      0.72759763      0.72473781      0.72122076      0.71583966      0.0   
Precision--:   0.00065068      0.55218249      0.56194066      0.56822826      0.57332661      0.57791981      0.58253121      0.5875929      0.59360227      0.602532      0.0   
31/03/2025 17:28:06-41
Recall-----:   1.0      0.7472087      0.74213483      0.73870403      0.73589297      0.73335435      0.7306997      0.72785248      0.72436282      0.71900894      0.0   
Precision--:   0.00065068      0.55635432      0.56614239      0.57244203      0.57754738      0.58215112      0.58676287      0.59182924      0.59783527      0.60674678      0.0   
31/03/2025 17:28:25-42
Recall-----:   1.0      0.74997885      0.74492688      0.74151428      0.73871849      0.7361962      0.73356467      0.73073767      0.7272725      0.72195032      0.0   
Precision--:   0.00065068      0.56075989      0.57051469      0.57679891      0.58189432      0.58648922      0.59108712      0.5961311      0.60213085      0.61100538      0.0   
31/03/2025 17:28:44-43
Recall-----:   1.0      0.75197614      0.74693866      0.7435402      0.74075337      0.73824346      0.73562118      0.73281027      0.72934519      0.72404604      0.0   
Precision--:   0.00065068      0.56542829      0.57514703      0.58141755      0.58649717      0.59108287      0.59566794      0.60069703      0.60667416      0.61550912      0.0   
31/03/2025 17:29:04-44
Recall-----:   1.0      0.75391449      0.7488885      0.74549493      0.7427143      0.74019974      0.73759099      0.73477348      0.731303      0.72600153      0.0   
Precision--:   0.00065068      0.56994741      0.57963826      0.58589352      0.5909637      0.59553499      0.60011174      0.60512224      0.61107613      0.61987036      0.0   
31/03/2025 17:29:23-45
Recall-----:   1.0      0.7550653      0.75002802      0.74663836      0.74385907      0.74133237      0.7387074      0.73588895      0.7324156      0.72708121      0.0   
Precision--:   0.00065068      0.57458105      0.58424058      0.59047769      0.59552967      0.60008452      0.60463595      0.60962591      0.61555357      0.62430023      0.0   
31/03/2025 17:29:42-46
Recall-----:   1.0      0.75856343      0.75358599      0.75022862      0.74747841      0.74497391      0.74237548      0.73958844      0.73615518      0.73087267      0.0   
Precision--:   0.00065068      0.57757598      0.58719212      0.59339579      0.59841845      0.60295183      0.60747709      0.61243998      0.61832963      0.62701468      0.0   
31/03/2025 17:30:02-47
Recall-----:   1.0      0.76031844      0.75535714      0.75201822      0.74928704      0.74680308      0.74421537      0.74144005      0.73801577      0.73274913      0.0   
Precision--:   0.00065068      0.5814559      0.59103347      0.59721273      0.60222612      0.60674924      0.61125027      0.61619036      0.62205045      0.63069387      0.0   
31/03/2025 17:30:21-48
Recall-----:   1.0      0.76135891      0.75640949      0.75306663      0.75033641      0.74786062      0.74528536      0.74250181      0.73906453      0.73380375      0.0   
Precision--:   0.00065068      0.58567905      0.5952249      0.60138346      0.60637159      0.61087905      0.61535967      0.6202719      0.62609768      0.63470625      0.0   
31/03/2025 17:30:40-49
Recall-----:   1.0      0.76427265      0.75936783      0.75604097      0.75333427      0.75088681      0.74833269      0.74557514      0.74216352      0.73694649      0.0   
Precision--:   0.00065068      0.58852782      0.59802438      0.60414233      0.60909659      0.61357726      0.61803844      0.62292263      0.62871015      0.63728592      0.0   
31/03/2025 17:31:00-50
Recall-----:   1.0      0.76711644      0.76223993      0.75893883      0.75625197      0.75382756      0.75129721      0.74856256      0.74518114      0.74001586      0.0   
Precision--:   0.00065068      0.59159891      0.60104644      0.60713231      0.61205747      0.61651278      0.62095179      0.62580536      0.63155269      0.64007856      0.0   
31/03/2025 17:31:19-51
Recall-----:   1.0      0.76905758      0.76419063      0.76090072      0.7582241      0.7558076      0.75328312      0.7505413      0.74718143      0.74203127      0.0   
Precision--:   0.00065068      0.59533561      0.60475254      0.61082072      0.61572444      0.62015644      0.62457885      0.62940917      0.63514153      0.64363174      0.0   
31/03/2025 17:31:38-52
Recall-----:   1.0      0.77097878      0.76613969      0.7628672      0.76021377      0.75781221      0.75530338      0.75257731      0.74924018      0.74412989      0.0   
Precision--:   0.00065068      0.59841083      0.60778338      0.61381716      0.61870113      0.62311585      0.62752488      0.63233117      0.63803789      0.64648518      0.0   
31/03/2025 17:31:57-53
Recall-----:   1.0      0.77318788      0.76837104      0.76511207      0.76247834      0.7601036      0.75760983      0.75490219      0.75158501      0.74651637      0.0   
Precision--:   0.00065068      0.60120779      0.61053563      0.61654049      0.62140954      0.62580318      0.63019983      0.63498088      0.64066625      0.64908395      0.0   
31/03/2025 17:32:17-54
Recall-----:   1.0      0.77506429      0.77026311      0.76702551      0.76440563      0.76204068      0.75956271      0.75687156      0.75357103      0.74852519      0.0   
Precision--:   0.00065068      0.60441135      0.61369514      0.61967991      0.62452875      0.62890067      0.63327459      0.63802739      0.64368682      0.65206449      0.0   
31/03/2025 17:32:36-55
Recall-----:   1.0      0.77692604      0.77216266      0.76893999      0.76632842      0.76398489      0.76152279      0.75884564      0.75555485      0.75053921      0.0   
Precision--:   0.00065068      0.60699865      0.61623931      0.62219308      0.62702007      0.63137253      0.63572392      0.64045051      0.6460735      0.65441135      0.0   
31/03/2025 17:32:55-56
Recall-----:   1.0      0.77779306      0.77302837      0.76979284      0.76717504      0.76482678      0.76236946      0.75969652      0.75640213      0.75139456      0.0   
Precision--:   0.00065068      0.61030889      0.61951705      0.62544602      0.63026059      0.63459478      0.63893183      0.64364227      0.64923961      0.65754332      0.0   
31/03/2025 17:33:15-57
Recall-----:   1.0      0.77907713      0.77432517      0.77110402      0.76850335      0.76615843      0.76370694      0.76104904      0.75777247      0.75277269      0.0   
Precision--:   0.00065068      0.61327599      0.62244755      0.62835474      0.63315277      0.63746972      0.64178837      0.64647455      0.65205627      0.66031944      0.0   
31/03/2025 17:33:34-58
Recall-----:   1.0      0.78075824      0.77602696      0.7728179      0.770226      0.76789448      0.76545881      0.76280884      0.75955129      0.754571      0.0   
Precision--:   0.00065068      0.61583988      0.62497933      0.63086178      0.63563876      0.63993728      0.64424443      0.64890888      0.65446632      0.66269355      0.0   
31/03/2025 17:33:53-59
Recall-----:   1.0      0.78212608      0.77740597      0.77419154      0.77160751      0.76927482      0.76684796      0.76419742      0.76094296      0.75597328      0.0   
Precision--:   0.00065068      0.61884573      0.6279493      0.63380834      0.63856411      0.64284267      0.64713503      0.65177644      0.65730277      0.66548957      0.0   
31/03/2025 17:34:13-60
Recall-----:   1.0      0.78383872      0.77913404      0.77593756      0.77336348      0.77103893      0.76862116      0.76597702      0.76273133      0.7577638      0.0   
Precision--:   0.00065068      0.62141975      0.63050076      0.63634849      0.64109345      0.64535434      0.64963058      0.65424886      0.6597571      0.6679028      0.0   
31/03/2025 17:34:32-61
Recall-----:   1.0      0.78522668      0.78053579      0.77734701      0.77478311      0.77247213      0.77006602      0.76743718      0.76420055      0.75925162      0.0   
Precision--:   0.00065068      0.6239212      0.63295826      0.63878311      0.64351248      0.64775666      0.65201364      0.6566092      0.66209421      0.67020165      0.0   
31/03/2025 17:34:51-62
Recall-----:   1.0      0.78669111      0.78201245      0.77883168      0.77627933      0.77398541      0.77159675      0.76897656      0.76573974      0.76080433      0.0   
Precision--:   0.00065068      0.62649863      0.63549845      0.64130005      0.64600857      0.65023654      0.65447514      0.65905579      0.66451593      0.67258376      0.0   
31/03/2025 17:35:10-63
Recall-----:   1.0      0.78842486      0.78376964      0.7806016      0.77806982      0.77578691      0.77341074      0.77080666      0.76759171      0.76268045      0.0   
Precision--:   0.00065068      0.62871735      0.63767335      0.6434487      0.64814085      0.65235357      0.65657252      0.66113224      0.66657067      0.67459841      0.0   
31/03/2025 17:35:30-64
Recall-----:   1.0      0.78967386      0.78504571      0.78189435      0.77937272      0.77709885      0.77472826      0.77214089      0.76894063      0.76405493      0.0   
Precision--:   0.00065068      0.63130628      0.64022689      0.64597837      0.65065126      0.65484519      0.65904489      0.66358139      0.66899969      0.67698935      0.0   
31/03/2025 17:35:49-65
Recall-----:   1.0      0.79138694      0.78679841      0.78367072      0.78117017      0.7789163      0.77656558      0.77399654      0.77081962      0.76597049      0.0   
Precision--:   0.00065068      0.63332767      0.64220832      0.64793852      0.6525908      0.65676769      0.66094789      0.66546021      0.67085432      0.6788062      0.0   
31/03/2025 17:36:08-66
Recall-----:   1.0      0.79269993      0.78813719      0.78503035      0.78253971      0.78029946      0.77795957      0.77540885      0.77224824      0.76742194      0.0   
Precision--:   0.00065068      0.63545483      0.64430374      0.65000644      0.65463631      0.658796      0.66295764      0.66745101      0.67281477      0.68072269      0.0   
31/03/2025 17:36:28-67
Recall-----:   1.0      0.79319525      0.78865442      0.78556938      0.78308681      0.78085145      0.77851689      0.77597044      0.77281996      0.76800854      0.0   
Precision--:   0.00065068      0.63782646      0.64664297      0.65233082      0.6569419      0.66108372      0.66522879      0.6697005      0.67504437      0.68291907      0.0   
31/03/2025 17:36:47-68
Recall-----:   1.0      0.79468608      0.79017113      0.78709549      0.7846192      0.78239577      0.78006741      0.77753124      0.7743911      0.76960847      0.0   
Precision--:   0.00065068      0.63988971      0.64866578      0.65433267      0.65892177      0.66305166      0.66717345      0.67162107      0.67694614      0.68479115      0.0   
31/03/2025 17:37:06-69
Recall-----:   1.0      0.79583764      0.7913428      0.78828587      0.78582074      0.78360889      0.7812921      0.77876895      0.77563886      0.77087763      0.0   
Precision--:   0.00065068      0.64206658      0.65081065      0.6564597      0.66103193      0.66514835      0.66925137      0.6736805      0.67898015      0.6867967      0.0   
31/03/2025 17:37:25-70
Recall-----:   1.0      0.79666478      0.79218799      0.78914227      0.78668849      0.78448789      0.78217239      0.77966091      0.77654854      0.77179119      0.0   
Precision--:   0.00065068      0.64428713      0.65300441      0.65863527      0.66318607      0.66728765      0.67137892      0.67579583      0.68107894      0.68886334      0.0   
31/03/2025 17:37:45-71
Recall-----:   1.0      0.79693625      0.79246228      0.78941766      0.78696117      0.78474994      0.78243569      0.77992475      0.77681686      0.7720633      0.0   
Precision--:   0.00065068      0.6466905      0.65538363      0.66099874      0.66553501      0.66962304      0.673701      0.67810173      0.68336752      0.69113311      0.0   
31/03/2025 17:38:04-72
Recall-----:   1.0      0.79835413      0.79389936      0.79085968      0.78840781      0.78620558      0.78390465      0.78140586      0.77831199      0.77357517      0.0   
Precision--:   0.00065068      0.64869712      0.65736335      0.66295681      0.66747697      0.67155465      0.67561988      0.68000608      0.68524887      0.69298428      0.0   
31/03/2025 17:38:23-73
Recall-----:   1.0      0.79942825      0.79499167      0.79196396      0.78951945      0.78732168      0.78502942      0.78254101      0.77945745      0.77473453      0.0   
Precision--:   0.00065068      0.65060617      0.65924165      0.66481201      0.66931406      0.67337353      0.6774222      0.68179535      0.6870199      0.69472469      0.0   
31/03/2025 17:38:43-74
Recall-----:   1.0      0.80050291      0.79609065      0.79307505      0.79064242      0.78845323      0.78617552      0.78369816      0.78062605      0.77592136      0.0   
Precision--:   0.00065068      0.65252152      0.6611331      0.66668936      0.67117091      0.67521435      0.6792538      0.68361154      0.68881832      0.69649126      0.0   
31/03/2025 17:39:02-75
Recall-----:   1.0      0.80131649      0.79691534      0.79390968      0.79148164      0.78929385      0.78702287      0.78455347      0.78148554      0.77680233      0.0   
Precision--:   0.00065068      0.65465904      0.66324187      0.66877634      0.67323942      0.67726396      0.68128604      0.68562425      0.69080719      0.69845329      0.0   
31/03/2025 17:39:21-76
Recall-----:   1.0      0.8022768      0.79790254      0.79490977      0.79248803      0.79030847      0.78804452      0.7855838      0.78252498      0.77786222      0.0   
Precision--:   0.00065068      0.65669443      0.66524577      0.67075546      0.67520079      0.67920293      0.68320625      0.68752654      0.69268474      0.70029846      0.0   
31/03/2025 17:39:40-77
Recall-----:   1.0      0.80306216      0.79870821      0.79572755      0.79331106      0.79113544      0.7888747      0.78642017      0.7833734      0.77872968      0.0   
Precision--:   0.00065068      0.65873966      0.66726193      0.67274996      0.6771754      0.68116017      0.6851462      0.68944706      0.69457838      0.70216052      0.0   
31/03/2025 17:40:00-78
Recall-----:   1.0      0.80413656      0.79980419      0.79683891      0.79443378      0.79226916      0.79002005      0.78757424      0.7845486      0.77992387      0.0   
Precision--:   0.00065068      0.66038635      0.66887998      0.67434482      0.67875204      0.68272139      0.68668986      0.69097271      0.69608688      0.70363258      0.0   
31/03/2025 17:40:19-79
Recall-----:   1.0      0.80538451      0.80108026      0.79812908      0.79573857      0.79358865      0.79135176      0.78892327      0.78591824      0.78131423      0.0   
Precision--:   0.00065068      0.66178394      0.67024021      0.67568087      0.68006532      0.68401959      0.68797113      0.69223311      0.69732267      0.70483503      0.0   
31/03/2025 17:40:38-80
Recall-----:   1.0      0.80600432      0.80171963      0.79878309      0.79640464      0.79426252      0.79203275      0.78961201      0.78661792      0.78203151      0.0   
Precision--:   0.00065068      0.66361541      0.67204226      0.67746418      0.68183688      0.68576909      0.68970245      0.69394717      0.69901718      0.70649704      0.0   
31/03/2025 17:40:58-81
Recall-----:   1.0      0.8069652      0.80270605      0.79978638      0.79741798      0.79528475      0.79306668      0.79065565      0.78768041      0.78311203      0.0   
Precision--:   0.00065068      0.66519566      0.67358888      0.67898837      0.68334237      0.6872601      0.69117543      0.69539643      0.70044427      0.7078889      0.0   
31/03/2025 17:41:17-82
Recall-----:   1.0      0.80806078      0.80381849      0.80090931      0.79855413      0.79642916      0.79422163      0.7918188      0.78885558      0.78430863      0.0   
Precision--:   0.00065068      0.66625151      0.67460995      0.67998996      0.68432667      0.68823073      0.69213583      0.69633677      0.70136787      0.70878351      0.0   
31/03/2025 17:41:36-83
Recall-----:   1.0      0.80889147      0.80465217      0.80175071      0.79939583      0.79727092      0.79506992      0.79267005      0.7897173      0.78518075      0.0   
Precision--:   0.00065068      0.66804448      0.67637578      0.68173911      0.68606028      0.68994917      0.69383637      0.69801617      0.7030299      0.71041601      0.0   
31/03/2025 17:41:56-84
Recall-----:   1.0      0.80998265      0.80576705      0.80287896      0.80053432      0.79842154      0.79623106      0.79384363      0.79089861      0.78638385      0.0   
Precision--:   0.00065068      0.66945514      0.67774919      0.68309438      0.68739856      0.69127757      0.69514892      0.69931255      0.70430594      0.71166532      0.0   
31/03/2025 17:42:15-85
Recall-----:   1.0      0.81083163      0.80662357      0.80374606      0.80141309      0.79930269      0.7971151      0.79473572      0.79179702      0.78730355      0.0   
Precision--:   0.00065068      0.67108221      0.67934709      0.68467135      0.68895977      0.6928235      0.69668389      0.70083303      0.70580761      0.71314586      0.0   
31/03/2025 17:42:34-86
Recall-----:   1.0      0.81191765      0.8077198      0.80485547      0.8025347      0.80043395      0.79826135      0.79589308      0.79296583      0.78849113      0.0   
Precision--:   0.00065068      0.67238145      0.68060911      0.68591299      0.69018597      0.69403158      0.69787781      0.70201092      0.70697194      0.7142729      0.0   
31/03/2025 17:42:53-87
Recall-----:   1.0      0.81308133      0.80890469      0.80605967      0.80375203      0.8016607      0.79950034      0.79714615      0.79423852      0.78978738      0.0   
Precision--:   0.00065068      0.67368392      0.68188658      0.68716909      0.69142478      0.69525566      0.69908556      0.70320197      0.70814237      0.71541595      0.0   
31/03/2025 17:43:13-88
Recall-----:   1.0      0.81383671      0.80967367      0.80683483      0.80453486      0.80244758      0.80029603      0.79794606      0.79504253      0.79060251      0.0   
Precision--:   0.00065068      0.67542035      0.68359455      0.68885991      0.69310257      0.69691893      0.70073737      0.70483649      0.70975735      0.71700755      0.0   
31/03/2025 17:43:32-89
Recall-----:   1.0      0.81495595      0.81081916      0.80799655      0.80570683      0.8036298      0.80149038      0.7991571      0.79626582      0.79184845      0.0   
Precision--:   0.00065068      0.67660543      0.68474571      0.68998636      0.69421061      0.69800741      0.70180482      0.70588455      0.71077979      0.71799909      0.0   
31/03/2025 17:43:51-90
Recall-----:   1.0      0.81563571      0.81149936      0.80868565      0.80640285      0.80432924      0.80219664      0.79987076      0.79698991      0.79258344      0.0   
Precision--:   0.00065068      0.67828064      0.68638903      0.69161195      0.69582261      0.69960555      0.70338771      0.70745332      0.71232871      0.71951864      0.0   
31/03/2025 17:44:11-91
Recall-----:   1.0      0.81678784      0.8126761      0.80987647      0.8076085      0.80555052      0.80343419      0.80111594      0.79825565      0.7938775      0.0   
Precision--:   0.00065068      0.67943372      0.68750982      0.69270953      0.69690445      0.70066559      0.70443479      0.70847931      0.7133372      0.7205009      0.0   
31/03/2025 17:44:30-92
Recall-----:   1.0      0.8178814      0.81378919      0.8110056      0.80874873      0.80669959      0.80459235      0.80228345      0.79943873      0.79507955      0.0   
Precision--:   0.00065068      0.68049152      0.68853176      0.69371166      0.69789453      0.70163853      0.70539018      0.70941826      0.71425183      0.72138589      0.0   
31/03/2025 17:44:49-93
Recall-----:   1.0      0.81849219      0.81441233      0.81163206      0.80938004      0.80732865      0.80522503      0.80292004      0.80008003      0.79572928      0.0   
Precision--:   0.00065068      0.68210566      0.69012145      0.69528151      0.69944992      0.70317989      0.70691843      0.71093029      0.7157414      0.72284265      0.0   
31/03/2025 17:45:09-94
Recall-----:   1.0      0.81932098      0.81525656      0.81248659      0.81024229      0.8082006      0.80610649      0.80380903      0.80097958      0.79664526      0.0   
Precision--:   0.00065068      0.68361165      0.69159578      0.69673341      0.70088796      0.704603      0.70832861      0.71232372      0.71711838      0.72419053      0.0   
31/03/2025 17:45:28-95
Recall-----:   1.0      0.81968627      0.81562408      0.81285942      0.81061974      0.80858202      0.80648986      0.80419463      0.80136743      0.79703264      0.0   
Precision--:   0.00065068      0.68519476      0.69314899      0.69826759      0.70240739      0.7061089      0.7098191      0.71379815      0.71857378      0.72561548      0.0   
31/03/2025 17:45:47-96
Recall-----:   1.0      0.82037061      0.81631353      0.81355844      0.81132218      0.80928691      0.80719738      0.80490687      0.80208042      0.79775828      0.0   
Precision--:   0.00065068      0.68665412      0.69458084      0.69968296      0.70380724      0.70749336      0.71119166      0.71516133      0.71991668      0.72693291      0.0   
31/03/2025 17:46:06-97
Recall-----:   1.0      0.82150695      0.81747541      0.81473799      0.81251842      0.81049491      0.80841877      0.80614335      0.80333133      0.79904032      0.0   
Precision--:   0.00065068      0.68724143      0.69513133      0.70020853      0.70431574      0.70798643      0.71167041      0.71561978      0.72035268      0.72733675      0.0   
31/03/2025 17:46:26-98
Recall-----:   1.0      0.82215944      0.8181358      0.81539927      0.81317822      0.81115767      0.80908253      0.8068094      0.8039951      0.79971104      0.0   
Precision--:   0.00065068      0.6886998      0.6965646      0.70161994      0.70571322      0.70937391      0.71304593      0.71697978      0.7216951      0.72865296      0.0   
31/03/2025 17:46:45-99
Recall-----:   1.0      0.82245912      0.81843652      0.81569804      0.81347872      0.81145718      0.80938548      0.80711602      0.80430337      0.80001801      0.0   
Precision--:   0.00065068      0.69026758      0.69810526      0.70314108      0.70722098      0.71087078      0.71452979      0.7184488      0.72315017      0.73007989      0.0   
