10/05/2025 17:36:02-0
Recall-----:   0.99999996      0.58626168      0.56973334      0.55935015      0.55066217      0.54253927      0.53533461      0.52742361      0.5167932      0.50065335      0.0   
Precision--:   0.00065068      0.13397253      0.14027338      0.14464455      0.14804124      0.15123651      0.15459617      0.15838035      0.16293104      0.16952476      0.0   
10/05/2025 17:36:58-1
Recall-----:   0.99999996      0.25749602      0.24167402      0.23083171      0.22313261      0.2166696      0.20964153      0.20233091      0.1933604      0.18015186      0.0   
Precision--:   0.00065068      0.62140965      0.63685429      0.64584974      0.65505436      0.66188363      0.66990174      0.67726674      0.68437491      0.69676264      0.0   
10/05/2025 17:37:53-2
Recall-----:   0.99999996      0.63644709      0.61864734      0.60741654      0.59851667      0.5888045      0.58036374      0.57096943      0.56033902      0.54208015      0.0   
Precision--:   0.00065068      0.41703692      0.4398162      0.45403906      0.46546182      0.47589414      0.48673063      0.49802845      0.51126219      0.53039149      0.0   
10/05/2025 17:38:48-3
Recall-----:   0.99999996      0.72011299      0.71213135      0.70679849      0.70231324      0.69913471      0.69468477      0.69062332      0.68529046      0.67716756      0.0   
Precision--:   0.00065068      0.36835639      0.38055335      0.3886925      0.39505731      0.40104535      0.40711993      0.41420431      0.42152368      0.43254827      0.0   
10/05/2025 17:39:43-4
Recall-----:   0.99999996      0.56853256      0.55691328      0.54970862      0.54328093      0.53752426      0.53155569      0.52526927      0.51728764      0.50542114      0.0   
Precision--:   0.00065068      0.68980586      0.69907343      0.70621594      0.71141836      0.71657247      0.72142066      0.72604341      0.73311974      0.74242578      0.0   
10/05/2025 17:40:39-5
Recall-----:   0.99999996      0.71033019      0.701395      0.69539111      0.6903761      0.68582021      0.68073457      0.67582551      0.66999821      0.66042731      0.0   
Precision--:   0.00065068      0.63785993      0.65133972      0.66038366      0.66650753      0.67277575      0.67860158      0.68430837      0.69169064      0.70240015      0.0   
10/05/2025 17:41:34-6
Recall-----:   0.99999996      0.70150095      0.6922479      0.68645592      0.68041672      0.67617868      0.67045733      0.66568954      0.65897932      0.64806637      0.0   
Precision--:   0.00065068      0.66661071      0.67771936      0.68565681      0.69185188      0.69748631      0.70209695      0.70773098      0.71438414      0.7232952      0.0   
10/05/2025 17:42:29-7
Recall-----:   0.99999996      0.75119192      0.74232736      0.73674728      0.733039      0.72830653      0.72438634      0.71905348      0.71297896      0.70301958      0.0   
Precision--:   0.00065068      0.63243338      0.64341249      0.65101109      0.65733466      0.66334275      0.66880786      0.67457423      0.68154348      0.69211777      0.0   
10/05/2025 17:43:24-8
Recall-----:   0.99999996      0.71124843      0.70287831      0.69606213      0.69115307      0.68613807      0.68105242      0.67628463      0.6701748      0.66116897      0.0   
Precision--:   0.00065068      0.69796213      0.7081554      0.7151306      0.72094306      0.72598181      0.73095289      0.73644332      0.74278777      0.75345109      0.0   
10/05/2025 17:44:19-9
Recall-----:   0.99999996      0.73999644      0.73190886      0.72650536      0.72163162      0.71778207      0.71340276      0.70856434      0.70330211      0.69585023      0.0   
Precision--:   0.00065068      0.66563947      0.67745413      0.68408099      0.6891167      0.69374656      0.69876848      0.70448398      0.71253754      0.72206543      0.0   
