01/04/2025 11:09:14-1
Recall-----:   0.99999998      0.13740067      0.1267526      0.11970687      0.11375596      0.10904114      0.10379657      0.09818117      0.09164754      0.08133498      0.0   
Precision--:   0.00065068      0.2317291      0.25434959      0.27043522      0.28224675      0.29528499      0.30700928      0.32125728      0.33954855      0.36821486      0.0   
01/04/2025 11:09:34-2
Recall-----:   0.99999999      0.28066396      0.26930366      0.26165165      0.25521219      0.24972629      0.24411089      0.23755371      0.22997233      0.21828242      0.0   
Precision--:   0.00065068      0.22704849      0.24740439      0.26131326      0.27218853      0.28296073      0.29320023      0.30440488      0.31852274      0.34005795      0.0   
01/04/2025 11:09:53-3
Recall-----:   0.99999999      0.33087586      0.31859438      0.31039202      0.3036553      0.29781035      0.29185061      0.2853258      0.27725587      0.26549532      0.0   
Precision--:   0.00065068      0.28543029      0.30762673      0.32260876      0.33425989      0.34570052      0.35652652      0.36847926      0.38288584      0.40503771      0.0   
01/04/2025 11:10:13-4
Recall-----:   0.99999999      0.37892989      0.3672541      0.3592654      0.35278827      0.34716581      0.34167049      0.3353982      0.32767791      0.31644005      0.0   
Precision--:   0.00065069      0.32857641      0.35135829      0.36636366      0.37812098      0.38947969      0.40038074      0.41225549      0.42656429      0.4481972      0.0   
01/04/2025 11:10:33-5
Recall-----:   0.99999999      0.44557066      0.43442227      0.42684089      0.42058979      0.41508623      0.40967096      0.40351992      0.39607981      0.38513744      0.0   
Precision--:   0.00065069      0.34694252      0.36856298      0.38282776      0.39402896      0.40447034      0.41459564      0.42548411      0.43882016      0.45867566      0.0   
01/04/2025 11:10:54-6
Recall-----:   0.99999999      0.47873666      0.46814157      0.46103277      0.45509952      0.44986756      0.4447466      0.43884362      0.4316995      0.42113973      0.0   
Precision--:   0.00065069      0.37891996      0.40078959      0.41514963      0.4263486      0.43676494      0.44697918      0.45787667      0.47102765      0.49059908      0.0   
01/04/2025 11:11:13-7
Recall-----:   1.0      0.5026576      0.49268497      0.48591294      0.48029754      0.47532227      0.47042645      0.4648552      0.45799488      0.44796927      0.0   
Precision--:   0.00065069      0.40559401      0.42733737      0.44152463      0.45266447      0.46297729      0.47296122      0.48369078      0.4965705      0.51575881      0.0   
01/04/2025 11:11:33-8
Recall-----:   1.0      0.53487943      0.52549296      0.51912021      0.51378735      0.50903918      0.50444013      0.49920144      0.49269135      0.48326956      0.0   
Precision--:   0.0006507      0.41512284      0.43557909      0.44885149      0.45932482      0.46893323      0.47821332      0.48816746      0.50011551      0.51784543      0.0   
01/04/2025 11:11:52-9
Recall-----:   1.0      0.55063041      0.54140915      0.53522868      0.53004061      0.52530108      0.52076638      0.51562069      0.50930602      0.49991877      0.0   
Precision--:   0.0006507      0.4406282      0.46122464      0.47460674      0.48515892      0.49475274      0.50406106      0.51398516      0.52597218      0.54358403      0.0   
01/04/2025 11:12:12-10
Recall-----:   1.0      0.56277591      0.55365129      0.54755751      0.54247829      0.53783892      0.53332798      0.52824234      0.52199765      0.51267719      0.0   
Precision--:   0.0006507      0.46361145      0.4842585      0.49764229      0.50819914      0.51777076      0.52700825      0.53688518      0.54879008      0.56624267      0.0   
01/04/2025 11:12:31-11
Recall-----:   0.99985873      0.58214727      0.57339749      0.56758196      0.56265525      0.55818471      0.55382895      0.54893755      0.54289834      0.53383954      0.0   
Precision--:   0.00065068      0.47987714      0.50018741      0.51339573      0.52377952      0.53316916      0.54221641      0.55189698      0.56355265      0.58060138      0.0   
01/04/2025 11:12:50-12
Recall-----:   0.99972289      0.59792716      0.58937502      0.58367541      0.5788886      0.57453375      0.57025496      0.5654274      0.55954305      0.55064861      0.0   
Precision--:   0.00065063      0.49762373      0.5177647      0.53086246      0.54113369      0.55038582      0.55935193      0.56886443      0.58039727      0.59721972      0.0   
01/04/2025 11:13:10-13
Recall-----:   0.99960647      0.61013849      0.60175576      0.59617063      0.59151131      0.58722535      0.58304029      0.57834817      0.57264953      0.5639111      0.0   
Precision--:   0.0006506      0.50954347      0.52935459      0.54223071      0.55235813      0.56144269      0.57025729      0.57964811      0.59104851      0.60765866      0.0   
01/04/2025 11:13:29-14
Recall-----:   0.99943022      0.62354465      0.61544529      0.61006063      0.60557537      0.60141268      0.59738183      0.5928542      0.58734475      0.57887103      0.0   
Precision--:   0.00065074      0.51988371      0.53910993      0.55158584      0.56143885      0.57024887      0.57880977      0.58793862      0.59895077      0.6150169      0.0   
01/04/2025 11:13:48-15
Recall-----:   0.99946583      0.6332443      0.62533551      0.62009756      0.6156719      0.61159059      0.6076395      0.60321826      0.59781476      0.58950203      0.0   
Precision--:   0.00065075      0.53318304      0.55214552      0.56443975      0.5740937      0.58273918      0.5911577      0.60014757      0.61094418      0.62671275      0.0   
01/04/2025 11:14:08-16
Recall-----:   0.99948271      0.64487956      0.63721577      0.6321426      0.62784639      0.62389504      0.6200268      0.61573682      0.61048498      0.60243895      0.0   
Precision--:   0.00065077      0.54183656      0.56031793      0.57226763      0.58164626      0.59003417      0.5982041      0.6069383      0.61740353      0.63267038      0.0   
01/04/2025 11:14:27-17
Recall-----:   0.99951145      0.65356996      0.64602193      0.64105598      0.63681598      0.63295073      0.62912865      0.62491023      0.61975984      0.61183315      0.0   
Precision--:   0.00065083      0.55292827      0.5711862      0.58301006      0.59225103      0.60053501      0.60856032      0.61718079      0.62746917      0.6425029      0.0   
01/04/2025 11:14:47-18
Recall-----:   0.99950742      0.66075448      0.653271      0.64833778      0.64415736      0.640358      0.63655864      0.63239124      0.62727771      0.61939645      0.0   
Precision--:   0.00065083      0.5640417      0.58206263      0.59372867      0.6028498      0.61102134      0.61892791      0.62742187      0.63754869      0.65233546      0.0   
01/04/2025 11:15:06-19
Recall-----:   0.99952675      0.67194067      0.66462829      0.65980222      0.65571782      0.65201307      0.64828889      0.64422038      0.63921949      0.6315098      0.0   
Precision--:   0.00065083      0.56761667      0.58524006      0.59665556      0.6055096      0.61347252      0.62116831      0.62946904      0.63936853      0.65388005      0.0   
01/04/2025 11:15:25-20
Recall-----:   0.99954929      0.67947159      0.67230056      0.66755968      0.66353859      0.65990599      0.65625152      0.65225734      0.64733819      0.63976018      0.0   
Precision--:   0.00065082      0.57697767      0.59435028      0.60559334      0.61431125      0.62216676      0.62974893      0.63792111      0.64764316      0.66192394      0.0   
01/04/2025 11:15:45-21
Recall-----:   0.99956977      0.68790554      0.68090636      0.67627021      0.67233718      0.6687798      0.66521278      0.66130063      0.65650233      0.64911788      0.0   
Precision--:   0.00065082      0.58431374      0.60138011      0.61241018      0.6209528      0.6286345      0.63604144      0.64405296      0.65359702      0.66759288      0.0   
01/04/2025 11:16:04-22
Recall-----:   0.99955777      0.69407366      0.68717917      0.6826371      0.67877527      0.67528657      0.67177637      0.667913      0.66318513      0.65594515      0.0   
Precision--:   0.00065086      0.59104383      0.60785624      0.61872354      0.62713283      0.63469593      0.64197754      0.64984978      0.65925035      0.67304078      0.0   
01/04/2025 11:16:24-23
Recall-----:   0.99957619      0.69968067      0.69287333      0.68839543      0.68457678      0.68112896      0.67766054      0.67383895      0.66915798      0.66200335      0.0   
Precision--:   0.00065086      0.59820592      0.61476483      0.62545675      0.63374633      0.6412042      0.64838787      0.65616792      0.66542917      0.67902187      0.0   
01/04/2025 11:16:43-24
Recall-----:   0.99959315      0.70591418      0.69920113      0.69480629      0.69104715      0.68765672      0.68423238      0.68046336      0.6758439      0.66880169      0.0   
Precision--:   0.00065086      0.60477357      0.62109515      0.63161247      0.63975805      0.64709464      0.65416505      0.66180611      0.67091634      0.68428492      0.0   
01/04/2025 11:17:02-25
Recall-----:   0.9996088      0.71161657      0.70502859      0.70071585      0.69703337      0.6937258      0.69037341      0.68666784      0.68213912      0.67521699      0.0   
Precision--:   0.00065085      0.61007023      0.62613094      0.63647288      0.64449599      0.65173847      0.65869871      0.6662098      0.6751609      0.68831498      0.0   
01/04/2025 11:17:22-26
Recall-----:   0.99950295      0.71632102      0.7098554      0.70560559      0.70198102      0.69871093      0.69541991      0.69178226      0.68732317      0.68050961      0.0   
Precision--:   0.00065095      0.61611737      0.63195992      0.64212431      0.6500221      0.65714556      0.66399396      0.6713921      0.68020619      0.69317158      0.0   
01/04/2025 11:17:41-27
Recall-----:   0.99951944      0.72118766      0.71485457      0.71066572      0.70708484      0.70386847      0.70062688      0.69703211      0.69263641      0.68594132      0.0   
Precision--:   0.00065095      0.62168254      0.63728292      0.64729109      0.65505137      0.66205673      0.66881268      0.67610147      0.68475263      0.69751585      0.0   
01/04/2025 11:18:01-28
Recall-----:   0.99953601      0.72491247      0.7186504      0.71449396      0.71095861      0.70778374      0.70457476      0.70102724      0.69669786      0.69006071      0.0   
Precision--:   0.00065095      0.62757289      0.64297785      0.65284558      0.66050243      0.66741157      0.67408738      0.68127436      0.68980431      0.70238333      0.0   
01/04/2025 11:18:20-29
Recall-----:   0.99955147      0.73039025      0.72424745      0.72018012      0.71671905      0.71360763      0.71046913      0.70699394      0.70275825      0.69625522      0.0   
Precision--:   0.00065094      0.63021855      0.64532885      0.654998      0.66251878      0.66928193      0.67583294      0.6828931      0.69126044      0.70359474      0.0   
01/04/2025 11:18:39-30
Recall-----:   0.99955227      0.73302763      0.72694058      0.72290191      0.71948414      0.71638878      0.71327747      0.70983805      0.70563647      0.6991598      0.0   
Precision--:   0.00065094      0.63604156      0.65098487      0.66054154      0.66797963      0.67464997      0.681116      0.68808848      0.69634437      0.70851093      0.0   
01/04/2025 11:18:59-31
Recall-----:   0.99956516      0.73377406      0.72772492      0.72371976      0.72032712      0.71724461      0.71415217      0.7107176      0.70652812      0.7000894      0.0   
Precision--:   0.00065093      0.64125531      0.65602732      0.66547593      0.67282164      0.6794031      0.68578832      0.69266405      0.70082993      0.71284473      0.0   
01/04/2025 11:19:18-32
Recall-----:   0.9995762      0.73633635      0.73034209      0.7263684      0.72299937      0.71993643      0.71686599      0.71345844      0.70931244      0.70293826      0.0   
Precision--:   0.00065093      0.64684137      0.66146101      0.67079758      0.67805682      0.68456509      0.69087879      0.69767189      0.70573315      0.71759278      0.0   
01/04/2025 11:19:37-33
Recall-----:   0.99958347      0.74005256      0.73412242      0.73019809      0.7268679      0.72383688      0.72079442      0.71742581      0.71332488      0.7070395      0.0   
Precision--:   0.00065092      0.65060256      0.66499652      0.67419438      0.68134687      0.68775901      0.69396666      0.7006595      0.70858484      0.72025489      0.0   
01/04/2025 11:19:57-34
Recall-----:   0.99959537      0.74252012      0.73663833      0.73276052      0.72947201      0.72646906      0.72345097      0.72010898      0.7160445      0.70982064      0.0   
Precision--:   0.00065092      0.6551337      0.66934057      0.67842746      0.68549167      0.69182759      0.69796022      0.70456973      0.71239706      0.72392029      0.0   
01/04/2025 11:20:16-35
Recall-----:   0.99960661      0.74553436      0.73971589      0.73589774      0.73263975      0.72966135      0.72666725      0.72336021      0.71934389      0.71318991      0.0   
Precision--:   0.00065091      0.65944615      0.67348288      0.68246124      0.68944128      0.69568906      0.70173738      0.70826713      0.71600039      0.72736923      0.0   
01/04/2025 11:20:35-36
Recall-----:   0.99961724      0.74829596      0.74253833      0.73875656      0.73553603      0.73260186      0.72963905      0.72636794      0.72239907      0.71630928      0.0   
Precision--:   0.00065091      0.66297387      0.67681289      0.68568366      0.69256439      0.69873856      0.70469876      0.71113393      0.7187554      0.72997788      0.0   
01/04/2025 11:20:55-37
Recall-----:   0.99962731      0.75155999      0.7458563      0.74212385      0.73893975      0.73604004      0.73309944      0.72985957      0.72592637      0.71988531      0.0   
Precision--:   0.0006509      0.66654358      0.68027899      0.68907214      0.69590193      0.70203601      0.70793735      0.71432132      0.72186677      0.73298194      0.0   
01/04/2025 11:21:14-38
Recall-----:   0.99963415      0.75453076      0.7488891      0.74519893      0.74205391      0.73919504      0.73629362      0.73308974      0.72919672      0.72323358      0.0   
Precision--:   0.0006509      0.66985105      0.68342927      0.69211535      0.69886757      0.70492378      0.71075799      0.71706386      0.72450701      0.73547705      0.0   
01/04/2025 11:21:34-39
Recall-----:   0.9996433      0.75808935      0.75253752      0.74890429      0.74580434      0.74299046      0.74012891      0.73697687      0.73311231      0.72723556      0.0   
Precision--:   0.0006509      0.67198392      0.68537986      0.69393594      0.70059535      0.70655835      0.71230765      0.71853019      0.72585758      0.7366693      0.0   
01/04/2025 11:21:53-40
Recall-----:   0.99964338      0.76076371      0.75527321      0.75166054      0.74858711      0.74580051      0.74297257      0.73985778      0.73601513      0.73019041      0.0   
Precision--:   0.00065089      0.67540975      0.68866965      0.69712638      0.70371915      0.70961833      0.71531419      0.72148256      0.72872856      0.73941885      0.0   
01/04/2025 11:22:12-41
Recall-----:   0.99965103      0.76406078      0.75865055      0.75508438      0.75204712      0.74930333      0.74651245      0.7434323      0.73963153      0.73387234      0.0   
Precision--:   0.00065089      0.67757273      0.69069554      0.69904411      0.70557036      0.71140402      0.71704107      0.72315859      0.73032157      0.74091245      0.0   
01/04/2025 11:22:32-42
Recall-----:   0.99965915      0.76661643      0.76125236      0.75771984      0.75469983      0.75198288      0.7492068      0.74615805      0.74237338      0.73663725      0.0   
Precision--:   0.00065089      0.68061254      0.69361396      0.70189702      0.70836761      0.71414598      0.71973795      0.72581163      0.73290645      0.74339194      0.0   
01/04/2025 11:22:51-43
Recall-----:   0.9996669      0.76871799      0.76338513      0.75986949      0.75687477      0.75417944      0.75142311      0.74838906      0.7446254      0.73889763      0.0   
Precision--:   0.00065089      0.68399811      0.69688346      0.70508355      0.71150092      0.71722715      0.72276956      0.72879309      0.73582405      0.7462187      0.0   
01/04/2025 11:23:11-44
Recall-----:   0.9996743      0.77105343      0.76576059      0.7622854      0.75931956      0.75664175      0.75390743      0.75089528      0.74716267      0.74147978      0.0   
Precision--:   0.00065088      0.68693631      0.69968763      0.70780728      0.71414515      0.71981531      0.72530015      0.73126573      0.73821436      0.74850323      0.0   
01/04/2025 11:23:30-45
Recall-----:   0.99968138      0.77325661      0.76799822      0.76455712      0.76162504      0.75896552      0.75626607      0.75328409      0.74957965      0.74393201      0.0   
Precision--:   0.00065088      0.68950151      0.70211186      0.71013703      0.71640509      0.72201471      0.72744614      0.73334758      0.74022967      0.75041123      0.0   
01/04/2025 11:23:49-46
Recall-----:   0.99968515      0.7748701      0.76964995      0.76623021      0.76331769      0.76068019      0.75800361      0.75504225      0.75135726      0.74574337      0.0   
Precision--:   0.00065088      0.69253996      0.70501919      0.71295737      0.71916294      0.72472404      0.73010259      0.73594416      0.74275434      0.7528304      0.0   
01/04/2025 11:24:09-47
Recall-----:   0.99969171      0.77708885      0.77191565      0.76851786      0.76563291      0.76301062      0.76036038      0.75741951      0.75376788      0.74819736      0.0   
Precision--:   0.00065088      0.69444722      0.70678629      0.71463963      0.72078385      0.72629101      0.73161357      0.7373902      0.74412684      0.75410595      0.0   
01/04/2025 11:24:28-48
Recall-----:   0.999698      0.77879036      0.77365642      0.77027464      0.76739955      0.76479763      0.76216471      0.75924494      0.75561594      0.75008919      0.0   
Precision--:   0.00065088      0.69683249      0.70905363      0.71681504      0.72289673      0.72835207      0.73361962      0.73934069      0.74601276      0.75588595      0.0   
01/04/2025 11:24:48-49
Recall-----:   0.99970334      0.78004097      0.77492001      0.77153805      0.76867738      0.76609712      0.7634766      0.76056366      0.75694014      0.75143422      0.0   
Precision--:   0.00065088      0.69990988      0.71202586      0.71971312      0.72573992      0.73114619      0.73636816      0.74202496      0.74864019      0.75841923      0.0   
