31/03/2025 23:15:17-0
Recall-----:   0.99999996      0.56704925      0.54578843      0.53226203      0.51940666      0.50771674      0.49683911      0.48430159      0.46847959      0.44492317      0.0   
Precision--:   0.00065068      0.06391465      0.07308307      0.07991029      0.08571762      0.0912339      0.09714463      0.10368841      0.11226398      0.12626283      0.0   
31/03/2025 23:15:37-1
Recall-----:   0.99999998      0.62256753      0.60561539      0.59496732      0.5851492      0.57591382      0.56720818      0.55753133      0.54531166      0.52737064      0.0   
Precision--:   0.00065068      0.11536574      0.13044123      0.14145549      0.1507831      0.15950116      0.16867172      0.17874713      0.19172886      0.21254261      0.0   
31/03/2025 23:15:56-2
Recall-----:   0.99999999      0.644829      0.62859497      0.61855317      0.60942962      0.60093001      0.59294837      0.58387191      0.57285302      0.55615986      0.0   
Precision--:   0.00065068      0.16029205      0.17959403      0.19351358      0.20518918      0.21605401      0.22736321      0.23961871      0.25546916      0.28014611      0.0   
31/03/2025 23:16:15-3
Recall-----:   0.99999999      0.65259579      0.63811583      0.62897757      0.62087232      0.61344693      0.60627759      0.59830478      0.58829242      0.57360939      0.0   
Precision--:   0.00065068      0.19718178      0.21936007      0.23507865      0.24823408      0.26039847      0.27287575      0.28634571      0.30357427      0.33009003      0.0   
31/03/2025 23:16:35-4
Recall-----:   0.99999999      0.66862793      0.65517923      0.64671728      0.63915239      0.63234328      0.6256048      0.61822355      0.60901289      0.59554299      0.0   
Precision--:   0.00065068      0.23181907      0.25633323      0.27353009      0.2877815      0.30096046      0.31431208      0.32869042      0.3469616      0.37476553      0.0   
31/03/2025 23:16:54-5
Recall-----:   0.99999999      0.66056271      0.64819589      0.64022602      0.63331567      0.62706457      0.62073694      0.61386779      0.60534463      0.5928542      0.0   
Precision--:   0.00065068      0.259832      0.28609136      0.30430744      0.31941789      0.33328849      0.3472224      0.36221238      0.3810939      0.40959073      0.0   
31/03/2025 23:17:13-6
Recall-----:   0.99999999      0.67911001      0.66744027      0.65992785      0.65333871      0.64739537      0.6414823      0.63504452      0.62695694      0.61502989      0.0   
Precision--:   0.00065068      0.28835508      0.31588323      0.33480513      0.35037758      0.36461773      0.37891634      0.39425357      0.41340009      0.44203106      0.0   
31/03/2025 23:17:32-7
Recall-----:   1.0      0.68865001      0.67756489      0.67041762      0.66410913      0.65849814      0.65285184      0.64678615      0.6391003      0.62777238      0.0   
Precision--:   0.00065068      0.31500882      0.34365078      0.36320174      0.37920586      0.39379955      0.40837043      0.42398706      0.44335997      0.47211838      0.0   
31/03/2025 23:17:52-8
Recall-----:   1.0      0.70287833      0.69255008      0.68585163      0.67996547      0.67470324      0.66939784      0.66369219      0.65649538      0.6458375      0.0   
Precision--:   0.00065068      0.33683866      0.36584082      0.38544612      0.40142287      0.41589183      0.43032393      0.44567884      0.46471796      0.4927118      0.0   
31/03/2025 23:18:11-9
Recall-----:   1.0      0.71873212      0.70887868      0.70254988      0.69697686      0.69199717      0.68699982      0.68151863      0.67468479      0.66449938      0.0   
Precision--:   0.00065068      0.35012421      0.37842949      0.39748672      0.41293917      0.42688793      0.44077367      0.45545456      0.47362119      0.50017545      0.0   
31/03/2025 23:18:30-10
Recall-----:   1.0      0.70956608      0.69994702      0.69371518      0.68829884      0.68340905      0.67855136      0.67322492      0.66658533      0.65656494      0.0   
Precision--:   0.00065068      0.36753004      0.39628129      0.41555614      0.43116705      0.44519693      0.45915918      0.47388808      0.49207207      0.51851204      0.0   
31/03/2025 23:18:50-11
Recall-----:   0.99999705      0.71389134      0.70444994      0.6983607      0.69307787      0.68833657      0.68360704      0.67836541      0.67187886      0.66204014      0.0   
Precision--:   0.00065068      0.38636849      0.415485      0.43491465      0.45061308      0.46469252      0.47870738      0.49341739      0.51155927      0.53778129      0.0   
31/03/2025 23:19:09-12
Recall-----:   0.99999728      0.72227278      0.7132262      0.7073337      0.70222633      0.69760524      0.69304663      0.68800445      0.68176693      0.67226667      0.0   
Precision--:   0.00065068      0.40252021      0.43163983      0.45093377      0.46648692      0.4803877      0.49422579      0.5087098      0.52650185      0.55213853      0.0   
31/03/2025 23:19:28-13
Recall-----:   0.99999747      0.72794833      0.71922      0.71348856      0.70852905      0.70407406      0.69965187      0.6947302      0.68872379      0.67945057      0.0   
Precision--:   0.00065068      0.41810192      0.44724825      0.46648029      0.48193275      0.49573275      0.50943847      0.52376152      0.54132448      0.56651964      0.0   
31/03/2025 23:19:48-14
Recall-----:   0.99999529      0.72863147      0.72000706      0.7143846      0.70949909      0.70512685      0.70079463      0.69600094      0.6900983      0.68090882      0.0   
Precision--:   0.00065068      0.43229999      0.46146986      0.48067582      0.49607541      0.50980682      0.52341745      0.5376322      0.55501126      0.57986506      0.0   
31/03/2025 23:20:07-15
Recall-----:   0.99999558      0.73483798      0.72644579      0.72094517      0.71618621      0.71195038      0.70772338      0.70303064      0.69729384      0.68835643      0.0   
Precision--:   0.00065068      0.44547971      0.474483      0.49350216      0.50874456      0.52230985      0.53571852      0.54970737      0.5667593      0.59107063      0.0   
31/03/2025 23:20:26-16
Recall-----:   0.99999584      0.74133436      0.73323223      0.72791391      0.72328531      0.71921139      0.7151167      0.71059197      0.70506175      0.69642364      0.0   
Precision--:   0.00065068      0.45589853      0.48445721      0.50312167      0.51805069      0.53131364      0.54440397      0.55805231      0.57468335      0.59835145      0.0   
31/03/2025 23:20:45-17
Recall-----:   0.99999411      0.74695783      0.73911354      0.73394549      0.72942688      0.72547138      0.72150411      0.71711499      0.71174485      0.70334922      0.0   
Precision--:   0.00065068      0.46671186      0.49497345      0.51338039      0.52807737      0.54109691      0.55395807      0.5673289      0.58359677      0.60672468      0.0   
31/03/2025 23:21:05-18
Recall-----:   0.99999442      0.75184438      0.74422521      0.73920091      0.7348216      0.73097949      0.72712436      0.7228603      0.71765012      0.70949376      0.0   
Precision--:   0.00065068      0.47706501      0.5050329      0.52317923      0.53764302      0.55044798      0.56306001      0.57615427      0.59207046      0.61466281      0.0   
31/03/2025 23:21:24-19
Recall-----:   0.99999293      0.75507505      0.74766378      0.74275649      0.73850962      0.73474307      0.73098534      0.72683913      0.72172523      0.71373477      0.0   
Precision--:   0.00065068      0.48713076      0.51486899      0.53282064      0.54710356      0.55971294      0.57211704      0.58498265      0.60060161      0.6227532      0.0   
31/03/2025 23:21:43-20
Recall-----:   0.99999327      0.75986815      0.75266181      0.74787551      0.7437182      0.74003683      0.736379      0.73233773      0.72733786      0.71952608      0.0   
Precision--:   0.00065068      0.49561076      0.52300285      0.54067283      0.55469133      0.56705945      0.57923081      0.59183396      0.60712486      0.62875261      0.0   
31/03/2025 23:22:03-21
Recall-----:   0.99999358      0.76269404      0.75568202      0.75100091      0.74694107      0.74334355      0.73978296      0.73583709      0.73094088      0.72330117      0.0   
Precision--:   0.00065068      0.50436846      0.53147023      0.54890336      0.5627155      0.57489369      0.58686898      0.59925351      0.6142565      0.63543053      0.0   
31/03/2025 23:22:22-22
Recall-----:   0.99999232      0.76410721      0.75724036      0.75267987      0.74872437      0.74520342      0.74171625      0.73785902      0.73308509      0.72561939      0.0   
Precision--:   0.00065068      0.5131854      0.54007918      0.55735347      0.57101786      0.5830502      0.59487268      0.60709625      0.621902      0.64275931      0.0   
31/03/2025 23:22:41-23
Recall-----:   0.99999264      0.76778062      0.76109247      0.7566234      0.75276061      0.74932162      0.7459047      0.74212284      0.73746247      0.73016216      0.0   
Precision--:   0.00065068      0.5201359      0.5466454      0.5636369      0.57705241      0.58885724      0.60045465      0.61242093      0.62691239      0.64731675      0.0   
31/03/2025 23:23:01-24
Recall-----:   0.99999294      0.7709087      0.76435387      0.75994914      0.75615045      0.75277838      0.74943175      0.74572488      0.74115486      0.73398128      0.0   
Precision--:   0.00065068      0.52738206      0.55354558      0.57026537      0.58345642      0.59504775      0.60645663      0.61820826      0.63240718      0.6523765      0.0   
31/03/2025 23:23:20-25
Recall-----:   0.99999321      0.77217023      0.76573439      0.76139448      0.75764544      0.75432157      0.75101808      0.74734919      0.74285714      0.73580597      0.0   
Precision--:   0.00065068      0.53508134      0.56101015      0.57755144      0.59058571      0.60203205      0.61328799      0.6248684      0.63886153      0.65852045      0.0   
31/03/2025 23:23:39-26
Recall-----:   0.99999346      0.77492495      0.76862022      0.76436518      0.7606896      0.75742081      0.75419389      0.75059417      0.74619525      0.73927312      0.0   
Precision--:   0.00065068      0.54171635      0.56731107      0.58360698      0.5964277      0.60769638      0.61876364      0.63013838      0.6438706      0.66314197      0.0   
31/03/2025 23:23:59-27
Recall-----:   0.99999369      0.7771701      0.77100224      0.76683232      0.76321485      0.76000731      0.75682248      0.75328195      0.74894427      0.74218107      0.0   
Precision--:   0.00065068      0.5465186      0.5716982      0.58770135      0.60027182      0.61132022      0.62215918      0.63331064      0.64673527      0.66560863      0.0   
31/03/2025 23:24:18-28
Recall-----:   0.99999391      0.77884757      0.77276574      0.76865071      0.76509222      0.76192709      0.75877901      0.75528506      0.75101171      0.74430757      0.0   
Precision--:   0.00065069      0.55325788      0.57818313      0.59401846      0.60644005      0.61734175      0.62802517      0.63902367      0.65224846      0.67082546      0.0   
31/03/2025 23:24:37-29
Recall-----:   0.99999411      0.77940314      0.77341338      0.76936253      0.76584496      0.76270057      0.75956678      0.75611631      0.75187827      0.74522573      0.0   
Precision--:   0.00065069      0.55998586      0.58470942      0.60039522      0.61268318      0.62345766      0.63400978      0.64488576      0.65795178      0.67627722      0.0   
31/03/2025 23:24:56-30
Recall-----:   0.99998975      0.77980895      0.77389506      0.76990083      0.7664409      0.76333529      0.76023081      0.75681874      0.75263425      0.74604706      0.0   
Precision--:   0.00065069      0.56642834      0.59095136      0.60648964      0.61865828      0.62931603      0.63974138      0.65048553      0.66337774      0.68145387      0.0   
31/03/2025 23:25:16-31
Recall-----:   0.99999007      0.78273552      0.77692367      0.77298252      0.76957112      0.7665173      0.76345908      0.76010617      0.75598954      0.74950115      0.0   
Precision--:   0.00065069      0.57150674      0.59568759      0.61097832      0.62294902      0.63343788      0.64369002      0.65424484      0.66690195      0.68461573      0.0   
31/03/2025 23:25:35-32
Recall-----:   0.99996254      0.7834952      0.77771071      0.77380765      0.77043434      0.76741207      0.76437802      0.76107642      0.75699998      0.7505648      0.0   
Precision--:   0.00065068      0.5773439      0.60128798      0.61642091      0.62826398      0.63863123      0.64876244      0.65919302      0.67168146      0.689161      0.0   
31/03/2025 23:25:54-33
Recall-----:   0.9999626      0.78513675      0.77939982      0.77554196      0.77220451      0.76921087      0.76621724      0.76294938      0.75891078      0.75255581      0.0   
Precision--:   0.00065068      0.58276049      0.60644925      0.62140876      0.63310663      0.64334073      0.65334634      0.66364135      0.67595528      0.69318263      0.0   
31/03/2025 23:26:14-34
Recall-----:   0.99996266      0.78329709      0.77757978      0.77372821      0.77041346      0.76742564      0.7644348      0.76118261      0.75715345      0.75080346      0.0   
Precision--:   0.00065068      0.58844973      0.61198248      0.62682777      0.63842673      0.6485707      0.65848515      0.66868864      0.68088215      0.69791535      0.0   
31/03/2025 23:26:33-35
Recall-----:   0.99996272      0.78404065      0.77837326      0.77456295      0.77129417      0.76833834      0.76537858      0.76216473      0.75818961      0.75190515      0.0   
Precision--:   0.00065068      0.59357572      0.61687733      0.63155508      0.64302481      0.6530503      0.66284374      0.67291827      0.68496027      0.70175951      0.0   
31/03/2025 23:26:52-36
Recall-----:   0.99995991      0.78648601      0.78089543      0.7771356      0.77391508      0.77099809      0.76807632      0.76491784      0.76098429      0.75478091      0.0   
Precision--:   0.00065069      0.59731487      0.62031433      0.63478834      0.64610716      0.65598667      0.66564395      0.67556381      0.68741636      0.7039752      0.0   
31/03/2025 23:27:11-37
Recall-----:   0.9999526      0.78669572      0.7811333      0.77741387      0.77422698      0.77134585      0.76844336      0.76531316      0.76141342      0.75526176      0.0   
Precision--:   0.00065069      0.60256327      0.62537929      0.63972816      0.6509471      0.66072532      0.67028064      0.6800886      0.69180707      0.70817535      0.0   
31/03/2025 23:27:31-38
Recall-----:   0.99995291      0.78842599      0.78292832      0.77925354      0.77611305      0.77326777      0.77038898      0.76729105      0.7634415      0.75736608      0.0   
Precision--:   0.00065069      0.60670785      0.62924979      0.64342557      0.65449344      0.66413687      0.67355772      0.68322144      0.69477528      0.71090824      0.0   
31/03/2025 23:27:50-39
Recall-----:   0.9999532      0.78937401      0.78392901      0.78027989      0.77717906      0.774359      0.77150892      0.76843193      0.76461593      0.75859968      0.0   
Precision--:   0.00065069      0.61146584      0.6338133      0.64785987      0.65882104      0.66836074      0.67767336      0.68721974      0.69863766      0.7145774      0.0   
31/03/2025 23:28:09-40
Recall-----:   0.99995348      0.79058071      0.78517635      0.78156023      0.77847904      0.77569331      0.77288001      0.7698195      0.766038      0.76007115      0.0   
Precision--:   0.00065069      0.61608857      0.63822846      0.65214235      0.66298305      0.67241778      0.68162484      0.69106024      0.70234443      0.71808281      0.0   
31/03/2025 23:28:29-41
Recall-----:   0.99995459      0.79270284      0.78738175      0.78381221      0.78076991      0.77801855      0.77524028      0.77220891      0.76848969      0.76261446      0.0   
Precision--:   0.00065069      0.61980619      0.64169058      0.65543377      0.66613076      0.67543726      0.6845165      0.69382741      0.70495305      0.72045395      0.0   
31/03/2025 23:28:48-42
Recall-----:   0.99995565      0.79506794      0.78981475      0.78629702      0.78329097      0.78056335      0.77782094      0.77482639      0.77115671      0.76536227      0.0   
Precision--:   0.00065069      0.62331483      0.64493943      0.65851201      0.66907255      0.67825216      0.68720271      0.69638361      0.70735373      0.72262986      0.0   
31/03/2025 23:29:07-43
Recall-----:   0.99995505      0.79697317      0.79179201      0.78831089      0.78534185      0.78264331      0.77993274      0.77697173      0.77335575      0.7676344      0.0   
Precision--:   0.00065069      0.62700264      0.64839479      0.66181733      0.67224243      0.68131312      0.69014508      0.69920581      0.71003474      0.72509187      0.0   
31/03/2025 23:29:27-44
Recall-----:   0.99995605      0.79937528      0.79425354      0.79080503      0.78786666      0.78520297      0.78252516      0.77959621      0.77601978      0.77035807      0.0   
Precision--:   0.00065069      0.63005008      0.65116887      0.66440763      0.67469361      0.6836405      0.69235192      0.70128588      0.71196513      0.72680644      0.0   
31/03/2025 23:29:46-45
Recall-----:   0.99995624      0.80096047      0.79589479      0.79249054      0.78958533      0.78694884      0.78430468      0.78140331      0.77786317      0.77225775      0.0   
Precision--:   0.0006507      0.63335594      0.65425925      0.66735824      0.67753679      0.6863771      0.69498661      0.70381891      0.71437113      0.72903317      0.0   
31/03/2025 23:30:05-46
Recall-----:   0.99995717      0.80276299      0.7977585      0.79439362      0.79152618      0.788924      0.78631054      0.78344536      0.77994597      0.77441248      0.0   
Precision--:   0.0006507      0.63635459      0.65700056      0.66993507      0.67998425      0.68871048      0.69719808      0.70591155      0.7163203      0.73078726      0.0   
31/03/2025 23:30:24-47
Recall-----:   0.99995659      0.80424834      0.79930764      0.79597239      0.7931257      0.79055639      0.78797016      0.78513303      0.78166387      0.77618827      0.0   
Precision--:   0.0006507      0.63962358      0.66006995      0.672864      0.682798      0.69143325      0.69982383      0.70842738      0.71870913      0.73300875      0.0   
31/03/2025 23:30:44-48
Recall-----:   0.99995603      0.80482401      0.79991423      0.79660453      0.79377628      0.79122553      0.78865028      0.78583862      0.78239269      0.7769546      0.0   
Precision--:   0.0006507      0.64324528      0.66351617      0.67619189      0.68603527      0.69458573      0.70289283      0.7114101      0.72158865      0.73573255      0.0   
31/03/2025 23:31:03-49
Recall-----:   0.99995621      0.80602931      0.80117182      0.79788663      0.795086      0.79256578      0.79001377      0.78722726      0.78381282      0.77841992      0.0   
Precision--:   0.0006507      0.64625331      0.66632457      0.67886402      0.68860228      0.69706049      0.70526803      0.71368735      0.72374941      0.73772876      0.0   
31/03/2025 23:31:22-50
Recall-----:   0.99995706      0.80653572      0.8017153      0.79846337      0.7956851      0.79318244      0.79064446      0.7878752      0.78448685      0.77914014      0.0   
Precision--:   0.0006507      0.64961526      0.66951363      0.68195048      0.69160221      0.69998619      0.70811195      0.71644976      0.72640708      0.7402408      0.0   
31/03/2025 23:31:42-51
Recall-----:   0.99995789      0.80756938      0.80278393      0.79955446      0.79679498      0.79431329      0.79179627      0.78904563      0.78569459      0.78039025      0.0   
Precision--:   0.0006507      0.65275157      0.67246452      0.68478333      0.69434432      0.70264553      0.71069513      0.71894242      0.72879541      0.74248105      0.0   
31/03/2025 23:32:01-52
Recall-----:   0.99995735      0.80814822      0.80339776      0.80017925      0.79742852      0.79496433      0.79246016      0.78972276      0.78638831      0.78110942      0.0   
Precision--:   0.0006507      0.65574253      0.67529473      0.687501      0.69696768      0.70519718      0.71316748      0.72133882      0.73109399      0.74464232      0.0   
31/03/2025 23:32:20-53
Recall-----:   0.99995814      0.80954932      0.80484235      0.80165794      0.79892414      0.79646961      0.79398434      0.79127605      0.78796476      0.78274243      0.0   
Precision--:   0.0006507      0.65845913      0.67783641      0.6899282      0.69929713      0.70743433      0.7153139      0.72339948      0.73305013      0.7464563      0.0   
31/03/2025 23:32:40-54
Recall-----:   0.9999589      0.81056555      0.80589536      0.80273225      0.8000244      0.7975856      0.79512048      0.79242997      0.78915063      0.78396931      0.0   
Precision--:   0.0006507      0.66119752      0.68039243      0.69236354      0.70163766      0.70969235      0.71749223      0.72549096      0.73504214      0.74830468      0.0   
31/03/2025 23:32:59-55
Recall-----:   0.99995964      0.81162496      0.80698708      0.80384766      0.80115915      0.79873931      0.79628352      0.7936152      0.79035657      0.78522111      0.0   
Precision--:   0.0006507      0.66402302      0.68304342      0.69490548      0.70408991      0.71206901      0.71979087      0.72771033      0.73716758      0.75028337      0.0   
31/03/2025 23:33:18-56
Recall-----:   0.99995973      0.81179958      0.80716996      0.80403605      0.80136125      0.79894793      0.79650176      0.79384307      0.79059825      0.7854934      0.0   
Precision--:   0.0006507      0.66703152      0.68590901      0.69767784      0.70678631      0.71469721      0.72235574      0.73020656      0.73958473      0.75258306      0.0   
31/03/2025 23:33:38-57
Recall-----:   0.99996042      0.81307154      0.80848155      0.80537792      0.80272732      0.80032942      0.79790412      0.7952724      0.7920549      0.78699483      0.0   
Precision--:   0.0006507      0.66943525      0.68813083      0.69978525      0.70880496      0.71662974      0.72421001      0.73197335      0.74125268      0.75410923      0.0   
31/03/2025 23:33:57-58
Recall-----:   0.99996109      0.81468707      0.81014016      0.80705801      0.80443258      0.80205557      0.7996588      0.79705432      0.79386682      0.788856      0.0   
Precision--:   0.0006507      0.67147933      0.68997639      0.70150138      0.71042408      0.71816039      0.7256608      0.73333451      0.74250398      0.75520985      0.0   
31/03/2025 23:34:16-59
Recall-----:   0.99996115      0.81556125      0.81104832      0.80799046      0.80539172      0.80303432      0.80065395      0.79807758      0.79491965      0.78995821      0.0   
Precision--:   0.0006507      0.67384186      0.69218129      0.70359904      0.71243396      0.7200963      0.72751764      0.73511968      0.7441949      0.75677059      0.0   
31/03/2025 23:34:35-60
Recall-----:   0.99996005      0.81631123      0.81183292      0.80879682      0.80622331      0.80388487      0.80151979      0.79896307      0.79582623      0.79090733      0.0   
Precision--:   0.0006507      0.67618721      0.6943679      0.70568059      0.71443025      0.72202037      0.72937127      0.73690323      0.74588979      0.75834766      0.0   
31/03/2025 23:34:55-61
Recall-----:   0.99995956      0.81720506      0.81276594      0.80975489      0.80720295      0.80488741      0.80253997      0.80000171      0.79689154      0.79200412      0.0   
Precision--:   0.0006507      0.67846124      0.69648593      0.70770095      0.71637269      0.72389206      0.73117737      0.73863718      0.74754144      0.75986982      0.0   
31/03/2025 23:35:14-62
Recall-----:   0.99995796      0.81773192      0.81331842      0.81032321      0.80778599      0.80548814      0.80316115      0.80064131      0.79754631      0.79270284      0.0   
Precision--:   0.0006507      0.68088281      0.69876707      0.70989638      0.71849478      0.72595205      0.73317432      0.74056828      0.74939517      0.76162138      0.0   
31/03/2025 23:35:33-63
Recall-----:   0.9999542      0.8177981      0.81340169      0.81041851      0.80789941      0.80559884      0.80327841      0.80076428      0.79767846      0.79284997      0.0   
Precision--:   0.0006507      0.68327463      0.70102813      0.71207239      0.72060389      0.72799761      0.7351652      0.74250188      0.75125602      0.76338474      0.0   
31/03/2025 23:35:53-64
Recall-----:   0.99994947      0.81817194      0.81379861      0.81083199      0.80832394      0.80603159      0.80371915      0.80121816      0.7981483      0.79334194      0.0   
Precision--:   0.00065071      0.6857289      0.70334269      0.714305      0.72276829      0.73010051      0.73720773      0.74447959      0.75315869      0.76517857      0.0   
31/03/2025 23:36:12-65
Recall-----:   0.99994916      0.81899625      0.81465119      0.81170169      0.80921131      0.80692962      0.80463669      0.80215326      0.79910049      0.79432253      0.0   
Precision--:   0.00065071      0.68791572      0.70538566      0.71625337      0.72463854      0.73190361      0.73894613      0.74615389      0.7547521      0.76665265      0.0   
31/03/2025 23:36:31-66
Recall-----:   0.9999494      0.81990032      0.81558638      0.81265876      0.81018499      0.8079226      0.80564175      0.80317905      0.80014285      0.79539456      0.0   
Precision--:   0.00065071      0.68992762      0.70725229      0.71803146      0.72634417      0.73354762      0.74053023      0.74767302      0.75619244      0.76799208      0.0   
31/03/2025 23:36:51-67
Recall-----:   0.99994754      0.82021793      0.81590614      0.81298002      0.8105203      0.80826521      0.80599142      0.80353949      0.80049911      0.79576664      0.0   
Precision--:   0.00065071      0.69224855      0.70944643      0.72014464      0.72839495      0.73554608      0.74247098      0.74955598      0.75800274      0.76970975      0.0   
31/03/2025 23:37:10-68
Recall-----:   0.99994779      0.82131353      0.8170366      0.81413498      0.81169452      0.80945932      0.80720824      0.80477905      0.80176329      0.79706613      0.0   
Precision--:   0.00065071      0.69414066      0.71119884      0.7218033      0.7299802      0.7370682      0.74393194      0.75095797      0.75933209      0.77092873      0.0   
31/03/2025 23:37:29-69
Recall-----:   0.99994601      0.82229005      0.81803991      0.81516208      0.81274236      0.81052748      0.80829242      0.80588179      0.80289095      0.79823314      0.0   
Precision--:   0.00065071      0.69587828      0.71279522      0.72330988      0.73141624      0.73844384      0.7452466      0.7522123      0.76051135      0.77201038      0.0   
31/03/2025 23:37:48-70
Recall-----:   0.99994429      0.82265111      0.81841307      0.81554892      0.81314488      0.81093931      0.80871533      0.80631726      0.80333671      0.79869725      0.0   
Precision--:   0.00065071      0.69773865      0.71453003      0.72496975      0.73301434      0.73998841      0.74674113      0.75365111      0.76188625      0.77329769      0.0   
31/03/2025 23:38:08-71
Recall-----:   0.99994408      0.82350344      0.81929288      0.81645133      0.81406106      0.81187337      0.80966949      0.80729246      0.80432976      0.79971992      0.0   
Precision--:   0.00065071      0.69940989      0.71606406      0.72641611      0.73439692      0.74131054      0.74800735      0.75485772      0.76301707      0.7743294      0.0   
31/03/2025 23:38:27-72
Recall-----:   0.99994436      0.8246348      0.82045046      0.81762946      0.81525838      0.81308373      0.81089166      0.80853316      0.80559605      0.8010179      0.0   
Precision--:   0.00065071      0.70080955      0.71731478      0.7275697      0.73547948      0.74233084      0.74896142      0.75575009      0.76382748      0.77503414      0.0   
31/03/2025 23:38:46-73
Recall-----:   0.99994464      0.8255838      0.82142451      0.81862397      0.8162668      0.8141077      0.8119295      0.80958235      0.80666011      0.80210613      0.0   
Precision--:   0.00065071      0.70243485      0.71881549      0.72899147      0.73684111      0.74363534      0.75020582      0.75693527      0.76493896      0.77605241      0.0   
31/03/2025 23:39:06-74
Recall-----:   0.99994538      0.82657673      0.82244605      0.81966778      0.81732321      0.81518394      0.81302066      0.81068833      0.80778433      0.80326423      0.0   
Precision--:   0.00065072      0.70390973      0.72015927      0.73025154      0.73803884      0.74477358      0.7512855      0.75795477      0.76588682      0.77689985      0.0   
31/03/2025 23:39:25-75
Recall-----:   0.99994609      0.82752075      0.82341933      0.82065439      0.81832532      0.81620398      0.81405244      0.8117322      0.80884737      0.80435421      0.0   
Precision--:   0.00065071      0.70551812      0.72164979      0.73166699      0.73939169      0.74606752      0.75252159      0.75913852      0.76700352      0.77792919      0.0   
31/03/2025 23:39:44-76
Recall-----:   0.99994588      0.82786968      0.82379034      0.82103653      0.81871983      0.81660769      0.81446895      0.8121628      0.8092902      0.80481824      0.0   
Precision--:   0.00065071      0.70733478      0.72335787      0.73330154      0.74097329      0.74759806      0.75400259      0.76057106      0.76837747      0.77921509      0.0   
31/03/2025 23:40:04-77
Recall-----:   0.99994657      0.82868191      0.82462861      0.82189245      0.81958869      0.81749096      0.81536515      0.81306773      0.81021023      0.80576844      0.0   
Precision--:   0.00065071      0.70883745      0.72473947      0.7346051      0.74221525      0.74878775      0.75514426      0.76166031      0.76940402      0.78015433      0.0   
31/03/2025 23:40:23-78
Recall-----:   0.99994591      0.82851957      0.82447734      0.82174586      0.81944087      0.817346      0.81522206      0.81292467      0.81008143      0.8056458      0.0   
Precision--:   0.00065071      0.71080111      0.72660679      0.73641097      0.74396979      0.75049607      0.75680941      0.76327992      0.77096952      0.78164421      0.0   
31/03/2025 23:40:42-79
Recall-----:   0.99994658      0.82918594      0.82516157      0.82244438      0.82014877      0.81806419      0.81595179      0.8136659      0.81083701      0.80642857      0.0   
Precision--:   0.00065071      0.71234712      0.72803941      0.73777484      0.74527634      0.75175314      0.75802039      0.76444315      0.77207803      0.78267233      0.0   
31/03/2025 23:41:02-80
Recall-----:   0.99994724      0.82971029      0.82570247      0.82299658      0.820711      0.81863428      0.81653139      0.81424931      0.81143572      0.80704159      0.0   
Precision--:   0.00065072      0.71389668      0.7294832      0.7391524      0.74660089      0.75303271      0.75925879      0.76563301      0.77321389      0.78373308      0.0   
31/03/2025 23:41:21-81
Recall-----:   0.99994745      0.8303222      0.82633311      0.82364299      0.82137107      0.81930417      0.81721401      0.81494338      0.81213655      0.80776844      0.0   
Precision--:   0.00065072      0.71542918      0.73090633      0.74050945      0.74790394      0.75428564      0.76046605      0.76679554      0.77431665      0.78475669      0.0   
31/03/2025 23:41:40-82
Recall-----:   0.99994639      0.83027515      0.82628136      0.82359216      0.82131741      0.81925073      0.8171632      0.81489525      0.81208862      0.80772633      0.0   
Precision--:   0.00065071      0.71707888      0.73245664      0.74199624      0.74934284      0.75568454      0.76182535      0.76811503      0.77558113      0.78595505      0.0   
31/03/2025 23:41:59-83
Recall-----:   0.99994702      0.83107389      0.82709779      0.82442631      0.82216813      0.82011133      0.81803772      0.81577912      0.81298529      0.80865308      0.0   
Precision--:   0.00065072      0.71824332      0.73350843      0.74297563      0.75026368      0.756554      0.76265194      0.76889253      0.77630153      0.78660012      0.0   
31/03/2025 23:42:19-84
Recall-----:   0.99994723      0.83150772      0.82754807      0.82488808      0.82263859      0.82058855      0.81852728      0.81627863      0.81349981      0.80918158      0.0   
Precision--:   0.00065072      0.7198497      0.73501542      0.74442009      0.75165904      0.75790661      0.76396546      0.7701649      0.77752825      0.7877592      0.0   
31/03/2025 23:42:38-85
Recall-----:   0.99994785      0.83177213      0.82782649      0.82517196      0.82293509      0.8208904      0.81883544      0.81659199      0.81382249      0.80951628      0.0   
Precision--:   0.00065072      0.72152818      0.73660355      0.74594677      0.7531366      0.75934546      0.76536702      0.77152997      0.77884546      0.78900928      0.0   
31/03/2025 23:42:57-86
Recall-----:   0.99994844      0.83225373      0.82833233      0.82568802      0.82346021      0.82142847      0.81938374      0.81715349      0.81439715      0.81011486      0.0   
Precision--:   0.00065072      0.72296895      0.73794623      0.74722446      0.75436354      0.76053029      0.76650921      0.77263116      0.77989189      0.78999088      0.0   
31/03/2025 23:43:17-87
Recall-----:   0.99994903      0.83303862      0.82913891      0.826511      0.82429687      0.82227979      0.82025027      0.81803573      0.81529907      0.81104257      0.0   
Precision--:   0.00065072      0.72411279      0.73898188      0.74819294      0.75527926      0.76140005      0.76733544      0.7734124      0.78061512      0.79063851      0.0   
31/03/2025 23:43:36-88
Recall-----:   0.9999496      0.83410032      0.83023053      0.82762263      0.82542187      0.82341674      0.82139891      0.81919973      0.81647834      0.81225062      0.0   
Precision--:   0.00065072      0.72490797      0.73966796      0.74880381      0.75582733      0.76189768      0.76778282      0.77380851      0.78095469      0.79089701      0.0   
31/03/2025 23:43:55-89
Recall-----:   0.99995016      0.83479153      0.83094159      0.82835246      0.8261581      0.82416701      0.82215787      0.81997057      0.81726333      0.81305708      0.0   
Precision--:   0.00065072      0.72623713      0.74090052      0.74997495      0.75695141      0.76298121      0.76882537      0.77480974      0.78190596      0.7917768      0.0   
31/03/2025 23:44:15-90
Recall-----:   0.99995071      0.83537868      0.83154388      0.82897078      0.82678773      0.82480842      0.82280894      0.82063481      0.81793792      0.81375072      0.0   
Precision--:   0.00065072      0.72757882      0.74214844      0.75116271      0.75809406      0.76408471      0.76989054      0.77583527      0.78288403      0.79268208      0.0   
31/03/2025 23:44:34-91
Recall-----:   0.9999501      0.83535152      0.83153114      0.82897066      0.82679982      0.82482668      0.82283549      0.82066465      0.81797327      0.81379742      0.0   
Precision--:   0.00065072      0.72888117      0.74336432      0.75232505      0.75921008      0.76516399      0.77093365      0.77684264      0.78384664      0.79358061      0.0   
31/03/2025 23:44:53-92
Recall-----:   0.99994987      0.8357233      0.83192084      0.82937195      0.82721305      0.82524935      0.82327122      0.82110929      0.8184328      0.81427185      0.0   
Precision--:   0.00065072      0.73025017      0.74464509      0.75354825      0.7603913      0.76630491      0.77204051      0.77791265      0.78486731      0.79453855      0.0   
31/03/2025 23:45:12-93
Recall-----:   0.9999489      0.83562355      0.83183111      0.82928641      0.82713283      0.82517386      0.82320175      0.82104215      0.81837121      0.81421884      0.0   
Precision--:   0.00065072      0.73139133      0.74570146      0.75455264      0.76135573      0.76723428      0.77293557      0.77876693      0.78567842      0.7952948      0.0   
31/03/2025 23:45:32-94
Recall-----:   0.99994907      0.83609357      0.83231689      0.82978447      0.82763794      0.82569031      0.82372222      0.82157123      0.81891168      0.81477513      0.0   
Precision--:   0.00065072      0.73265457      0.74687505      0.75567179      0.76243699      0.76827806      0.77394198      0.77973813      0.78660359      0.79615697      0.0   
31/03/2025 23:45:51-95
Recall-----:   0.99994923      0.83659831      0.83284368      0.8303255      0.82819067      0.82625044      0.82429403      0.82215514      0.81950416      0.815389      0.0   
Precision--:   0.00065072      0.73374679      0.74787665      0.75661266      0.76333691      0.76913728      0.77476477      0.78052398      0.78733963      0.79682445      0.0   
31/03/2025 23:46:10-96
Recall-----:   0.99994939      0.83726778      0.83353292      0.83103014      0.82890821      0.82698071      0.82503136      0.8229036      0.82026284      0.81616498      0.0   
Precision--:   0.00065072      0.73485184      0.74888584      0.75756329      0.76424336      0.77000929      0.77559611      0.78132022      0.78808472      0.79750521      0.0   
31/03/2025 23:46:30-97
Recall-----:   0.99994955      0.8379488      0.83422647      0.8317359      0.82962986      0.82771517      0.82577346      0.82365516      0.82102873      0.81695142      0.0   
Precision--:   0.00065072      0.73578032      0.74972293      0.75834515      0.7649811      0.77070867      0.77625607      0.78194229      0.78866359      0.798024      0.0   
31/03/2025 23:46:49-98
Recall-----:   0.9999497      0.83827931      0.83457603      0.83209742      0.8299998      0.82809126      0.82615953      0.82404658      0.82143062      0.81736632      0.0   
Precision--:   0.00065072      0.73696363      0.7508212      0.75939137      0.76598612      0.77167695      0.77719086      0.78284134      0.78951876      0.79881469      0.0   
31/03/2025 23:47:08-99
Recall-----:   0.9999502      0.83879569      0.83511001      0.83264206      0.83055624      0.82865654      0.82673459      0.82463288      0.82202931      0.81798305      0.0   
Precision--:   0.00065072      0.73807131      0.75184064      0.76035577      0.7669084      0.77256273      0.77804024      0.78365662      0.79029203      0.79952963      0.0   
