12/05/2025 16:40:58-1
Recall-----:   0.99999996      0.4990994      0.48892811      0.48013419      0.46992758      0.46145151      0.45361114      0.4426982      0.42775912      0.40324915      0.0   
Precision--:   0.00065068      0.00482231      0.0057417      0.00659641      0.00746663      0.00844593      0.00964604      0.0112525      0.01384306      0.01889243      0.0   
12/05/2025 16:41:54-2
Recall-----:   0.99999996      0.24958502      0.24220377      0.23750661      0.23344516      0.23033727      0.22705279      0.22320324      0.2183295      0.21045382      0.0   
Precision--:   0.00065068      0.36574887      0.3745085      0.38078249      0.38598538      0.39218278      0.39808047      0.40321549      0.40978388      0.41979567      0.0   
12/05/2025 16:42:50-3
Recall-----:   0.99999996      0.53035492      0.51961856      0.51276707      0.50697508      0.50196007      0.49669785      0.4907646      0.48394842      0.47314143      0.0   
Precision--:   0.00065068      0.34799434      0.35786733      0.36391206      0.36947904      0.37470669      0.37966686      0.38521885      0.3922315      0.40312339      0.0   
12/05/2025 16:43:46-4
Recall-----:   0.99999996      0.62037787      0.61123077      0.60487372      0.59922301      0.59572663      0.59081757      0.58619104      0.58018716      0.57054563      0.0   
Precision--:   0.00065068      0.38963688      0.40054154      0.40775658      0.41374853      0.41973772      0.42493903      0.4312737      0.43866487      0.45114355      0.0   
12/05/2025 16:44:45-5
Recall-----:   0.99999996      0.61123077      0.59978808      0.59184176      0.58552002      0.57937487      0.57347694      0.56733178      0.55889103      0.54677731      0.0   
Precision--:   0.00065068      0.52717026      0.54307366      0.55391021      0.56207619      0.56977631      0.57798816      0.58644858      0.5957759      0.61094666      0.0   
12/05/2025 16:45:45-6
Recall-----:   0.99999996      0.61395018      0.6067102      0.60201305      0.59848135      0.59427863      0.59042908      0.58636763      0.58124667      0.57291186      0.0   
Precision--:   0.00065068      0.59821058      0.60789099      0.61466895      0.62043713      0.62505105      0.62960868      0.63464697      0.64101263      0.64976365      0.0   
12/05/2025 16:46:43-7
Recall-----:   0.99999996      0.62567541      0.61663427      0.61151331      0.60745186      0.60335509      0.59925832      0.59530282      0.58975806      0.58181174      0.0   
Precision--:   0.00065068      0.5855948      0.59665788      0.60467957      0.61042692      0.61610586      0.62142462      0.62808806      0.63474986      0.64439661      0.0   
12/05/2025 16:47:42-8
Recall-----:   0.99999996      0.67554297      0.66752602      0.66155746      0.65753132      0.65361114      0.64884335      0.64467594      0.6391665      0.63019599      0.0   
Precision--:   0.00065068      0.55044603      0.56274747      0.57033246      0.57649789      0.58247567      0.58884613      0.59536854      0.60350805      0.61543766      0.0   
12/05/2025 16:48:38-9
Recall-----:   0.99999996      0.64764257      0.63824826      0.63273881      0.62744126      0.62337981      0.61889456      0.61370296      0.60755781      0.59809286      0.0   
Precision--:   0.00065068      0.59128134      0.60308347      0.61163456      0.61820584      0.62439419      0.63081351      0.63715027      0.6445968      0.65609017      0.0   
