2025-05-12 22:40:50,970 - MainApp - INFO - 日志记录已启动，日志文件：d:\Github\Infrared-Small-Target-Detection\logs\MainApp_20250512_224050.log
2025-05-12 22:40:50,970 - MainApp - INFO - OpenCV 版本: 4.11.0
2025-05-12 22:40:50,970 - MainApp - INFO - OpenCV 路径: C:\Users\Nero\.conda\envs\Infrared-Small-Target-Detection\lib\site-packages\cv2\__init__.py
2025-05-12 22:40:51,779 - MainApp - INFO - 创建预测结果目录: d:\Github\Infrared-Small-Target-Detection\predicts
2025-05-12 22:40:51,798 - MainApp - INFO - 使用设备: cuda
2025-05-12 22:40:51,843 - MainApp - INFO - 切换到图像模式
2025-05-12 22:40:51,862 - MainApp - INFO - 开始加载模型: D:/Github/Infrared-Small-Target-Detection/result/NUDT-SIRST_DNANet_21_02_2025_23_09_23_wDS/mIoU__DNANet_NUDT-SIRST_epoch.pth.tar
2025-05-12 22:40:52,095 - MainApp - INFO - 更新模型路径: D:/Github/Infrared-Small-Target-Detection/result/NUDT-SIRST_DNANet_21_02_2025_23_09_23_wDS/mIoU__DNANet_NUDT-SIRST_epoch.pth.tar
2025-05-12 22:40:52,096 - MainApp - INFO - 模型加载成功: D:/Github/Infrared-Small-Target-Detection/result/NUDT-SIRST_DNANet_21_02_2025_23_09_23_wDS/mIoU__DNANet_NUDT-SIRST_epoch.pth.tar
2025-05-12 22:40:57,844 - MainApp - INFO - 切换到视频模式
2025-05-12 22:40:57,854 - MainApp - INFO - 视频模式初始化，使用设备：cuda
2025-05-12 22:40:57,873 - MainApp - INFO - 开始加载模型: D:/Github/Infrared-Small-Target-Detection/result/NUDT-SIRST_DNANet_21_02_2025_23_09_23_wDS/mIoU__DNANet_NUDT-SIRST_epoch.pth.tar
2025-05-12 22:40:57,993 - MainApp - INFO - 更新模型路径: D:/Github/Infrared-Small-Target-Detection/result/NUDT-SIRST_DNANet_21_02_2025_23_09_23_wDS/mIoU__DNANet_NUDT-SIRST_epoch.pth.tar
2025-05-12 22:40:57,994 - MainApp - INFO - 模型加载成功: D:/Github/Infrared-Small-Target-Detection/result/NUDT-SIRST_DNANet_21_02_2025_23_09_23_wDS/mIoU__DNANet_NUDT-SIRST_epoch.pth.tar
2025-05-12 22:41:33,745 - MainApp - INFO - 选择视频文件: D:/Github/Infrared-Small-Target-Detection/dataset/Anti-UAV410/3700000000002_130905_1.mp4
2025-05-12 22:41:33,746 - MainApp - INFO - 开始加载视频: D:/Github/Infrared-Small-Target-Detection/dataset/Anti-UAV410/3700000000002_130905_1.mp4
2025-05-12 22:41:33,789 - MainApp - INFO - 视频信息 - 帧数: 1500, FPS: 25.0, 分辨率: 640x512
2025-05-12 22:41:34,745 - MainApp - INFO - 停止视频播放
2025-05-12 22:41:34,745 - MainApp - INFO - 开始处理视频: D:/Github/Infrared-Small-Target-Detection/dataset/Anti-UAV410/3700000000002_130905_1.mp4
2025-05-12 22:41:34,747 - MainApp - INFO - 视频处理线程启动，处理视频: D:/Github/Infrared-Small-Target-Detection/dataset/Anti-UAV410/3700000000002_130905_1.mp4
2025-05-12 22:41:34,748 - MainApp - INFO - 创建临时目录: C:\Users\Nero\AppData\Local\Temp\tmprhc1od5c
2025-05-12 22:41:34,748 - MainApp - INFO - 临时标签视频路径: C:\Users\Nero\AppData\Local\Temp\tmprhc1od5c\temp_label.mp4
2025-05-12 22:41:34,748 - MainApp - INFO - 临时结果视频路径: C:\Users\Nero\AppData\Local\Temp\tmprhc1od5c\temp_result.mp4
2025-05-12 22:41:35,768 - MainApp - INFO - 视频处理进度: 2.0% (30/1500)
2025-05-12 22:41:36,557 - MainApp - INFO - 视频处理进度: 4.0% (60/1500)
2025-05-12 22:41:37,340 - MainApp - INFO - 视频处理进度: 6.0% (90/1500)
2025-05-12 22:41:38,116 - MainApp - INFO - 视频处理进度: 8.0% (120/1500)
2025-05-12 22:41:38,893 - MainApp - INFO - 视频处理进度: 10.0% (150/1500)
2025-05-12 22:41:39,682 - MainApp - INFO - 视频处理进度: 12.0% (180/1500)
2025-05-12 22:41:40,463 - MainApp - INFO - 视频处理进度: 14.0% (210/1500)
2025-05-12 22:41:41,237 - MainApp - INFO - 视频处理进度: 16.0% (240/1500)
2025-05-12 22:41:42,021 - MainApp - INFO - 视频处理进度: 18.0% (270/1500)
2025-05-12 22:41:42,797 - MainApp - INFO - 视频处理进度: 20.0% (300/1500)
2025-05-12 22:41:43,581 - MainApp - INFO - 视频处理进度: 22.0% (330/1500)
2025-05-12 22:41:44,367 - MainApp - INFO - 视频处理进度: 24.0% (360/1500)
2025-05-12 22:41:45,158 - MainApp - INFO - 视频处理进度: 26.0% (390/1500)
2025-05-12 22:41:45,940 - MainApp - INFO - 视频处理进度: 28.0% (420/1500)
2025-05-12 22:41:46,722 - MainApp - INFO - 视频处理进度: 30.0% (450/1500)
2025-05-12 22:41:47,503 - MainApp - INFO - 视频处理进度: 32.0% (480/1500)
2025-05-12 22:41:48,277 - MainApp - INFO - 视频处理进度: 34.0% (510/1500)
2025-05-12 22:41:49,048 - MainApp - INFO - 视频处理进度: 36.0% (540/1500)
2025-05-12 22:41:49,830 - MainApp - INFO - 视频处理进度: 38.0% (570/1500)
2025-05-12 22:41:50,613 - MainApp - INFO - 视频处理进度: 40.0% (600/1500)
2025-05-12 22:41:51,398 - MainApp - INFO - 视频处理进度: 42.0% (630/1500)
2025-05-12 22:41:52,181 - MainApp - INFO - 视频处理进度: 44.0% (660/1500)
2025-05-12 22:41:52,965 - MainApp - INFO - 视频处理进度: 46.0% (690/1500)
2025-05-12 22:41:53,742 - MainApp - INFO - 视频处理进度: 48.0% (720/1500)
2025-05-12 22:41:54,525 - MainApp - INFO - 视频处理进度: 50.0% (750/1500)
2025-05-12 22:41:55,309 - MainApp - INFO - 视频处理进度: 52.0% (780/1500)
2025-05-12 22:41:56,088 - MainApp - INFO - 视频处理进度: 54.0% (810/1500)
2025-05-12 22:41:56,869 - MainApp - INFO - 视频处理进度: 56.0% (840/1500)
2025-05-12 22:41:57,648 - MainApp - INFO - 视频处理进度: 58.0% (870/1500)
2025-05-12 22:41:58,431 - MainApp - INFO - 视频处理进度: 60.0% (900/1500)
2025-05-12 22:41:59,208 - MainApp - INFO - 视频处理进度: 62.0% (930/1500)
2025-05-12 22:41:59,993 - MainApp - INFO - 视频处理进度: 64.0% (960/1500)
2025-05-12 22:42:00,844 - MainApp - INFO - 视频处理进度: 66.0% (990/1500)
2025-05-12 22:42:01,633 - MainApp - INFO - 视频处理进度: 68.0% (1020/1500)
2025-05-12 22:42:02,414 - MainApp - INFO - 视频处理进度: 70.0% (1050/1500)
2025-05-12 22:42:03,207 - MainApp - INFO - 视频处理进度: 72.0% (1080/1500)
2025-05-12 22:42:03,986 - MainApp - INFO - 视频处理进度: 74.0% (1110/1500)
2025-05-12 22:42:04,765 - MainApp - INFO - 视频处理进度: 76.0% (1140/1500)
2025-05-12 22:42:05,545 - MainApp - INFO - 视频处理进度: 78.0% (1170/1500)
2025-05-12 22:42:06,329 - MainApp - INFO - 视频处理进度: 80.0% (1200/1500)
2025-05-12 22:42:07,108 - MainApp - INFO - 视频处理进度: 82.0% (1230/1500)
2025-05-12 22:42:07,899 - MainApp - INFO - 视频处理进度: 84.0% (1260/1500)
2025-05-12 22:42:08,674 - MainApp - INFO - 视频处理进度: 86.0% (1290/1500)
2025-05-12 22:42:09,444 - MainApp - INFO - 视频处理进度: 88.0% (1320/1500)
2025-05-12 22:42:10,223 - MainApp - INFO - 视频处理进度: 90.0% (1350/1500)
2025-05-12 22:42:11,000 - MainApp - INFO - 视频处理进度: 92.0% (1380/1500)
2025-05-12 22:42:11,779 - MainApp - INFO - 视频处理进度: 94.0% (1410/1500)
2025-05-12 22:42:12,566 - MainApp - INFO - 视频处理进度: 96.0% (1440/1500)
2025-05-12 22:42:13,359 - MainApp - INFO - 视频处理进度: 98.0% (1470/1500)
2025-05-12 22:42:14,143 - MainApp - INFO - 视频处理进度: 100.0% (1500/1500)
2025-05-12 22:42:14,150 - MainApp - INFO - 视频处理完成，共处理 1500/1500 帧，错误帧: 0
2025-05-12 22:42:20,809 - MainApp - INFO - 选择视频文件: D:/Github/Infrared-Small-Target-Detection/dataset/Anti-UAV410/3700000000002_132726_4.mp4
2025-05-12 22:42:20,809 - MainApp - INFO - 开始加载视频: D:/Github/Infrared-Small-Target-Detection/dataset/Anti-UAV410/3700000000002_132726_4.mp4
2025-05-12 22:42:20,819 - MainApp - INFO - 视频信息 - 帧数: 1500, FPS: 25.0, 分辨率: 640x512
2025-05-12 22:42:21,596 - MainApp - INFO - 停止视频播放
2025-05-12 22:42:21,597 - MainApp - INFO - 开始处理视频: D:/Github/Infrared-Small-Target-Detection/dataset/Anti-UAV410/3700000000002_132726_4.mp4
2025-05-12 22:42:21,597 - MainApp - INFO - 视频处理线程启动，处理视频: D:/Github/Infrared-Small-Target-Detection/dataset/Anti-UAV410/3700000000002_132726_4.mp4
2025-05-12 22:42:21,598 - MainApp - INFO - 创建临时目录: C:\Users\Nero\AppData\Local\Temp\tmp1qb_xegm
2025-05-12 22:42:21,598 - MainApp - INFO - 临时标签视频路径: C:\Users\Nero\AppData\Local\Temp\tmp1qb_xegm\temp_label.mp4
2025-05-12 22:42:21,599 - MainApp - INFO - 临时结果视频路径: C:\Users\Nero\AppData\Local\Temp\tmp1qb_xegm\temp_result.mp4
2025-05-12 22:42:22,435 - MainApp - INFO - 视频处理进度: 2.0% (30/1500)
2025-05-12 22:42:23,226 - MainApp - INFO - 视频处理进度: 4.0% (60/1500)
2025-05-12 22:42:24,013 - MainApp - INFO - 视频处理进度: 6.0% (90/1500)
2025-05-12 22:42:24,796 - MainApp - INFO - 视频处理进度: 8.0% (120/1500)
2025-05-12 22:42:25,572 - MainApp - INFO - 视频处理进度: 10.0% (150/1500)
2025-05-12 22:42:26,355 - MainApp - INFO - 视频处理进度: 12.0% (180/1500)
2025-05-12 22:42:27,141 - MainApp - INFO - 视频处理进度: 14.0% (210/1500)
2025-05-12 22:42:27,936 - MainApp - INFO - 视频处理进度: 16.0% (240/1500)
2025-05-12 22:42:28,716 - MainApp - INFO - 视频处理进度: 18.0% (270/1500)
2025-05-12 22:42:29,502 - MainApp - INFO - 视频处理进度: 20.0% (300/1500)
2025-05-12 22:42:30,288 - MainApp - INFO - 视频处理进度: 22.0% (330/1500)
2025-05-12 22:42:31,070 - MainApp - INFO - 视频处理进度: 24.0% (360/1500)
2025-05-12 22:42:31,854 - MainApp - INFO - 视频处理进度: 26.0% (390/1500)
2025-05-12 22:42:32,632 - MainApp - INFO - 视频处理进度: 28.0% (420/1500)
2025-05-12 22:42:33,410 - MainApp - INFO - 视频处理进度: 30.0% (450/1500)
2025-05-12 22:42:34,223 - MainApp - INFO - 视频处理进度: 32.0% (480/1500)
2025-05-12 22:42:35,070 - MainApp - INFO - 视频处理进度: 34.0% (510/1500)
2025-05-12 22:42:36,005 - MainApp - INFO - 视频处理进度: 36.0% (540/1500)
2025-05-12 22:42:36,833 - MainApp - INFO - 视频处理进度: 38.0% (570/1500)
2025-05-12 22:42:37,709 - MainApp - INFO - 视频处理进度: 40.0% (600/1500)
2025-05-12 22:42:38,543 - MainApp - INFO - 视频处理进度: 42.0% (630/1500)
2025-05-12 22:42:39,404 - MainApp - INFO - 视频处理进度: 44.0% (660/1500)
2025-05-12 22:42:40,238 - MainApp - INFO - 视频处理进度: 46.0% (690/1500)
2025-05-12 22:42:41,116 - MainApp - INFO - 视频处理进度: 48.0% (720/1500)
2025-05-12 22:42:41,977 - MainApp - INFO - 视频处理进度: 50.0% (750/1500)
2025-05-12 22:42:42,840 - MainApp - INFO - 视频处理进度: 52.0% (780/1500)
2025-05-12 22:42:43,691 - MainApp - INFO - 视频处理进度: 54.0% (810/1500)
2025-05-12 22:42:44,564 - MainApp - INFO - 视频处理进度: 56.0% (840/1500)
2025-05-12 22:42:45,415 - MainApp - INFO - 视频处理进度: 58.0% (870/1500)
2025-05-12 22:42:46,228 - MainApp - INFO - 视频处理进度: 60.0% (900/1500)
2025-05-12 22:42:47,032 - MainApp - INFO - 视频处理进度: 62.0% (930/1500)
2025-05-12 22:42:47,827 - MainApp - INFO - 视频处理进度: 64.0% (960/1500)
2025-05-12 22:42:48,670 - MainApp - INFO - 视频处理进度: 66.0% (990/1500)
2025-05-12 22:42:49,617 - MainApp - INFO - 视频处理进度: 68.0% (1020/1500)
2025-05-12 22:42:50,574 - MainApp - INFO - 视频处理进度: 70.0% (1050/1500)
2025-05-12 22:42:51,414 - MainApp - INFO - 视频处理进度: 72.0% (1080/1500)
2025-05-12 22:42:52,222 - MainApp - INFO - 视频处理进度: 74.0% (1110/1500)
2025-05-12 22:42:53,022 - MainApp - INFO - 视频处理进度: 76.0% (1140/1500)
2025-05-12 22:42:53,822 - MainApp - INFO - 视频处理进度: 78.0% (1170/1500)
2025-05-12 22:42:54,612 - MainApp - INFO - 视频处理进度: 80.0% (1200/1500)
2025-05-12 22:42:55,403 - MainApp - INFO - 视频处理进度: 82.0% (1230/1500)
2025-05-12 22:42:56,194 - MainApp - INFO - 视频处理进度: 84.0% (1260/1500)
2025-05-12 22:42:56,987 - MainApp - INFO - 视频处理进度: 86.0% (1290/1500)
2025-05-12 22:42:57,792 - MainApp - INFO - 视频处理进度: 88.0% (1320/1500)
2025-05-12 22:42:58,582 - MainApp - INFO - 视频处理进度: 90.0% (1350/1500)
2025-05-12 22:42:59,388 - MainApp - INFO - 视频处理进度: 92.0% (1380/1500)
2025-05-12 22:43:00,185 - MainApp - INFO - 视频处理进度: 94.0% (1410/1500)
2025-05-12 22:43:00,993 - MainApp - INFO - 视频处理进度: 96.0% (1440/1500)
2025-05-12 22:43:01,788 - MainApp - INFO - 视频处理进度: 98.0% (1470/1500)
2025-05-12 22:43:02,591 - MainApp - INFO - 视频处理进度: 100.0% (1500/1500)
2025-05-12 22:43:02,596 - MainApp - INFO - 视频处理完成，共处理 1500/1500 帧，错误帧: 0
2025-05-12 22:48:37,370 - MainApp - INFO - 选择视频文件: D:/Github/Infrared-Small-Target-Detection/dataset/Anti-UAV410/3700000000002_132726_2.mp4
2025-05-12 22:48:37,371 - MainApp - INFO - 开始加载视频: D:/Github/Infrared-Small-Target-Detection/dataset/Anti-UAV410/3700000000002_132726_2.mp4
2025-05-12 22:48:37,378 - MainApp - INFO - 视频信息 - 帧数: 1500, FPS: 25.0, 分辨率: 640x512
2025-05-12 22:48:37,908 - MainApp - INFO - 停止视频播放
2025-05-12 22:48:37,908 - MainApp - INFO - 开始处理视频: D:/Github/Infrared-Small-Target-Detection/dataset/Anti-UAV410/3700000000002_132726_2.mp4
2025-05-12 22:48:37,909 - MainApp - INFO - 视频处理线程启动，处理视频: D:/Github/Infrared-Small-Target-Detection/dataset/Anti-UAV410/3700000000002_132726_2.mp4
2025-05-12 22:48:37,910 - MainApp - INFO - 创建临时目录: C:\Users\Nero\AppData\Local\Temp\tmp1y_y2fyw
2025-05-12 22:48:37,910 - MainApp - INFO - 临时标签视频路径: C:\Users\Nero\AppData\Local\Temp\tmp1y_y2fyw\temp_label.mp4
2025-05-12 22:48:37,911 - MainApp - INFO - 临时结果视频路径: C:\Users\Nero\AppData\Local\Temp\tmp1y_y2fyw\temp_result.mp4
2025-05-12 22:48:38,836 - MainApp - INFO - 视频处理进度: 2.0% (30/1500)
2025-05-12 22:48:39,722 - MainApp - INFO - 视频处理进度: 4.0% (60/1500)
2025-05-12 22:48:40,607 - MainApp - INFO - 视频处理进度: 6.0% (90/1500)
2025-05-12 22:48:41,488 - MainApp - INFO - 视频处理进度: 8.0% (120/1500)
2025-05-12 22:48:42,382 - MainApp - INFO - 视频处理进度: 10.0% (150/1500)
2025-05-12 22:48:43,274 - MainApp - INFO - 视频处理进度: 12.0% (180/1500)
2025-05-12 22:48:44,157 - MainApp - INFO - 视频处理进度: 14.0% (210/1500)
2025-05-12 22:48:45,048 - MainApp - INFO - 视频处理进度: 16.0% (240/1500)
2025-05-12 22:48:45,931 - MainApp - INFO - 视频处理进度: 18.0% (270/1500)
2025-05-12 22:48:46,822 - MainApp - INFO - 视频处理进度: 20.0% (300/1500)
2025-05-12 22:48:47,704 - MainApp - INFO - 视频处理进度: 22.0% (330/1500)
2025-05-12 22:48:48,588 - MainApp - INFO - 视频处理进度: 24.0% (360/1500)
2025-05-12 22:48:49,466 - MainApp - INFO - 视频处理进度: 26.0% (390/1500)
2025-05-12 22:48:50,353 - MainApp - INFO - 视频处理进度: 28.0% (420/1500)
2025-05-12 22:48:51,235 - MainApp - INFO - 视频处理进度: 30.0% (450/1500)
2025-05-12 22:48:52,118 - MainApp - INFO - 视频处理进度: 32.0% (480/1500)
2025-05-12 22:48:53,017 - MainApp - INFO - 视频处理进度: 34.0% (510/1500)
2025-05-12 22:48:53,907 - MainApp - INFO - 视频处理进度: 36.0% (540/1500)
2025-05-12 22:48:54,788 - MainApp - INFO - 视频处理进度: 38.0% (570/1500)
2025-05-12 22:48:55,669 - MainApp - INFO - 视频处理进度: 40.0% (600/1500)
2025-05-12 22:48:56,559 - MainApp - INFO - 视频处理进度: 42.0% (630/1500)
2025-05-12 22:48:57,448 - MainApp - INFO - 视频处理进度: 44.0% (660/1500)
2025-05-12 22:48:58,338 - MainApp - INFO - 视频处理进度: 46.0% (690/1500)
2025-05-12 22:48:59,231 - MainApp - INFO - 视频处理进度: 48.0% (720/1500)
2025-05-12 22:49:00,113 - MainApp - INFO - 视频处理进度: 50.0% (750/1500)
2025-05-12 22:49:00,996 - MainApp - INFO - 视频处理进度: 52.0% (780/1500)
2025-05-12 22:49:01,867 - MainApp - INFO - 视频处理进度: 54.0% (810/1500)
2025-05-12 22:49:02,749 - MainApp - INFO - 视频处理进度: 56.0% (840/1500)
2025-05-12 22:49:03,640 - MainApp - INFO - 视频处理进度: 58.0% (870/1500)
2025-05-12 22:49:04,528 - MainApp - INFO - 视频处理进度: 60.0% (900/1500)
2025-05-12 22:49:05,415 - MainApp - INFO - 视频处理进度: 62.0% (930/1500)
2025-05-12 22:49:06,305 - MainApp - INFO - 视频处理进度: 64.0% (960/1500)
2025-05-12 22:49:07,188 - MainApp - INFO - 视频处理进度: 66.0% (990/1500)
2025-05-12 22:49:08,072 - MainApp - INFO - 视频处理进度: 68.0% (1020/1500)
2025-05-12 22:49:08,958 - MainApp - INFO - 视频处理进度: 70.0% (1050/1500)
2025-05-12 22:49:09,845 - MainApp - INFO - 视频处理进度: 72.0% (1080/1500)
2025-05-12 22:49:10,724 - MainApp - INFO - 视频处理进度: 74.0% (1110/1500)
2025-05-12 22:49:11,609 - MainApp - INFO - 视频处理进度: 76.0% (1140/1500)
2025-05-12 22:49:12,520 - MainApp - INFO - 视频处理进度: 78.0% (1170/1500)
2025-05-12 22:49:13,440 - MainApp - INFO - 视频处理进度: 80.0% (1200/1500)
2025-05-12 22:49:14,248 - MainApp - INFO - 视频处理进度: 82.0% (1230/1500)
2025-05-12 22:49:15,034 - MainApp - INFO - 视频处理进度: 84.0% (1260/1500)
2025-05-12 22:49:15,836 - MainApp - INFO - 视频处理进度: 86.0% (1290/1500)
2025-05-12 22:49:16,640 - MainApp - INFO - 视频处理进度: 88.0% (1320/1500)
2025-05-12 22:49:17,427 - MainApp - INFO - 视频处理进度: 90.0% (1350/1500)
2025-05-12 22:49:18,222 - MainApp - INFO - 视频处理进度: 92.0% (1380/1500)
2025-05-12 22:49:19,025 - MainApp - INFO - 视频处理进度: 94.0% (1410/1500)
2025-05-12 22:49:19,827 - MainApp - INFO - 视频处理进度: 96.0% (1440/1500)
2025-05-12 22:49:20,621 - MainApp - INFO - 视频处理进度: 98.0% (1470/1500)
2025-05-12 22:49:21,412 - MainApp - INFO - 视频处理进度: 100.0% (1500/1500)
2025-05-12 22:49:21,416 - MainApp - INFO - 视频处理完成，共处理 1500/1500 帧，错误帧: 0
2025-05-12 22:49:47,589 - MainApp - INFO - 选择视频文件: D:/Github/Infrared-Small-Target-Detection/dataset/Anti-UAV410/02_6321_0274-2773.mp4
2025-05-12 22:49:47,590 - MainApp - INFO - 开始加载视频: D:/Github/Infrared-Small-Target-Detection/dataset/Anti-UAV410/02_6321_0274-2773.mp4
2025-05-12 22:49:47,597 - MainApp - INFO - 视频信息 - 帧数: 1500, FPS: 25.0, 分辨率: 640x512
2025-05-12 22:49:49,444 - MainApp - INFO - 停止视频播放
2025-05-12 22:49:49,444 - MainApp - INFO - 开始处理视频: D:/Github/Infrared-Small-Target-Detection/dataset/Anti-UAV410/02_6321_0274-2773.mp4
2025-05-12 22:49:49,445 - MainApp - INFO - 视频处理线程启动，处理视频: D:/Github/Infrared-Small-Target-Detection/dataset/Anti-UAV410/02_6321_0274-2773.mp4
2025-05-12 22:49:49,446 - MainApp - INFO - 创建临时目录: C:\Users\Nero\AppData\Local\Temp\tmpryzm6_cd
2025-05-12 22:49:49,446 - MainApp - INFO - 临时标签视频路径: C:\Users\Nero\AppData\Local\Temp\tmpryzm6_cd\temp_label.mp4
2025-05-12 22:49:49,447 - MainApp - INFO - 临时结果视频路径: C:\Users\Nero\AppData\Local\Temp\tmpryzm6_cd\temp_result.mp4
2025-05-12 22:49:50,406 - MainApp - INFO - 视频处理进度: 2.0% (30/1500)
2025-05-12 22:49:51,301 - MainApp - INFO - 视频处理进度: 4.0% (60/1500)
2025-05-12 22:49:52,198 - MainApp - INFO - 视频处理进度: 6.0% (90/1500)
2025-05-12 22:49:53,091 - MainApp - INFO - 视频处理进度: 8.0% (120/1500)
2025-05-12 22:49:53,981 - MainApp - INFO - 视频处理进度: 10.0% (150/1500)
2025-05-12 22:49:54,878 - MainApp - INFO - 视频处理进度: 12.0% (180/1500)
2025-05-12 22:49:55,769 - MainApp - INFO - 视频处理进度: 14.0% (210/1500)
2025-05-12 22:49:56,666 - MainApp - INFO - 视频处理进度: 16.0% (240/1500)
2025-05-12 22:49:57,567 - MainApp - INFO - 视频处理进度: 18.0% (270/1500)
2025-05-12 22:49:58,469 - MainApp - INFO - 视频处理进度: 20.0% (300/1500)
2025-05-12 22:49:59,365 - MainApp - INFO - 视频处理进度: 22.0% (330/1500)
2025-05-12 22:50:00,247 - MainApp - INFO - 视频处理进度: 24.0% (360/1500)
2025-05-12 22:50:01,136 - MainApp - INFO - 视频处理进度: 26.0% (390/1500)
2025-05-12 22:50:02,030 - MainApp - INFO - 视频处理进度: 28.0% (420/1500)
2025-05-12 22:50:02,919 - MainApp - INFO - 视频处理进度: 30.0% (450/1500)
2025-05-12 22:50:03,806 - MainApp - INFO - 视频处理进度: 32.0% (480/1500)
2025-05-12 22:50:04,690 - MainApp - INFO - 视频处理进度: 34.0% (510/1500)
2025-05-12 22:50:05,577 - MainApp - INFO - 视频处理进度: 36.0% (540/1500)
2025-05-12 22:50:06,468 - MainApp - INFO - 视频处理进度: 38.0% (570/1500)
2025-05-12 22:50:07,354 - MainApp - INFO - 视频处理进度: 40.0% (600/1500)
2025-05-12 22:50:08,255 - MainApp - INFO - 视频处理进度: 42.0% (630/1500)
2025-05-12 22:50:09,145 - MainApp - INFO - 视频处理进度: 44.0% (660/1500)
2025-05-12 22:50:10,042 - MainApp - INFO - 视频处理进度: 46.0% (690/1500)
2025-05-12 22:50:10,946 - MainApp - INFO - 视频处理进度: 48.0% (720/1500)
2025-05-12 22:50:11,836 - MainApp - INFO - 视频处理进度: 50.0% (750/1500)
2025-05-12 22:50:12,730 - MainApp - INFO - 视频处理进度: 52.0% (780/1500)
2025-05-12 22:50:13,625 - MainApp - INFO - 视频处理进度: 54.0% (810/1500)
2025-05-12 22:50:14,511 - MainApp - INFO - 视频处理进度: 56.0% (840/1500)
2025-05-12 22:50:15,394 - MainApp - INFO - 视频处理进度: 58.0% (870/1500)
2025-05-12 22:50:16,287 - MainApp - INFO - 视频处理进度: 60.0% (900/1500)
2025-05-12 22:50:17,172 - MainApp - INFO - 视频处理进度: 62.0% (930/1500)
2025-05-12 22:50:18,087 - MainApp - INFO - 视频处理进度: 64.0% (960/1500)
2025-05-12 22:50:19,004 - MainApp - INFO - 视频处理进度: 66.0% (990/1500)
2025-05-12 22:50:19,901 - MainApp - INFO - 视频处理进度: 68.0% (1020/1500)
2025-05-12 22:50:20,776 - MainApp - INFO - 视频处理进度: 70.0% (1050/1500)
2025-05-12 22:50:21,679 - MainApp - INFO - 视频处理进度: 72.0% (1080/1500)
2025-05-12 22:50:22,582 - MainApp - INFO - 视频处理进度: 74.0% (1110/1500)
2025-05-12 22:50:23,513 - MainApp - INFO - 视频处理进度: 76.0% (1140/1500)
2025-05-12 22:50:24,414 - MainApp - INFO - 视频处理进度: 78.0% (1170/1500)
2025-05-12 22:50:25,307 - MainApp - INFO - 视频处理进度: 80.0% (1200/1500)
2025-05-12 22:50:26,199 - MainApp - INFO - 视频处理进度: 82.0% (1230/1500)
2025-05-12 22:50:27,093 - MainApp - INFO - 视频处理进度: 84.0% (1260/1500)
2025-05-12 22:50:27,999 - MainApp - INFO - 视频处理进度: 86.0% (1290/1500)
2025-05-12 22:50:28,891 - MainApp - INFO - 视频处理进度: 88.0% (1320/1500)
2025-05-12 22:50:29,780 - MainApp - INFO - 视频处理进度: 90.0% (1350/1500)
2025-05-12 22:50:30,672 - MainApp - INFO - 视频处理进度: 92.0% (1380/1500)
2025-05-12 22:50:31,563 - MainApp - INFO - 视频处理进度: 94.0% (1410/1500)
2025-05-12 22:50:32,446 - MainApp - INFO - 视频处理进度: 96.0% (1440/1500)
2025-05-12 22:50:33,332 - MainApp - INFO - 视频处理进度: 98.0% (1470/1500)
2025-05-12 22:50:34,232 - MainApp - INFO - 视频处理进度: 100.0% (1500/1500)
2025-05-12 22:50:34,236 - MainApp - INFO - 视频处理完成，共处理 1500/1500 帧，错误帧: 0
2025-05-12 22:50:42,151 - MainApp - INFO - 选择视频文件: D:/Github/Infrared-Small-Target-Detection/dataset/Anti-UAV410/3700000000002_153139_2.mp4
2025-05-12 22:50:42,152 - MainApp - INFO - 开始加载视频: D:/Github/Infrared-Small-Target-Detection/dataset/Anti-UAV410/3700000000002_153139_2.mp4
2025-05-12 22:50:42,161 - MainApp - INFO - 视频信息 - 帧数: 1500, FPS: 25.0, 分辨率: 640x512
2025-05-12 22:50:42,834 - MainApp - INFO - 停止视频播放
2025-05-12 22:50:42,834 - MainApp - INFO - 开始处理视频: D:/Github/Infrared-Small-Target-Detection/dataset/Anti-UAV410/3700000000002_153139_2.mp4
2025-05-12 22:50:42,835 - MainApp - INFO - 视频处理线程启动，处理视频: D:/Github/Infrared-Small-Target-Detection/dataset/Anti-UAV410/3700000000002_153139_2.mp4
2025-05-12 22:50:42,836 - MainApp - INFO - 创建临时目录: C:\Users\Nero\AppData\Local\Temp\tmpfwb1emuu
2025-05-12 22:50:42,836 - MainApp - INFO - 临时标签视频路径: C:\Users\Nero\AppData\Local\Temp\tmpfwb1emuu\temp_label.mp4
2025-05-12 22:50:42,836 - MainApp - INFO - 临时结果视频路径: C:\Users\Nero\AppData\Local\Temp\tmpfwb1emuu\temp_result.mp4
2025-05-12 22:50:43,816 - MainApp - INFO - 视频处理进度: 2.0% (30/1500)
2025-05-12 22:50:44,747 - MainApp - INFO - 视频处理进度: 4.0% (60/1500)
2025-05-12 22:50:45,668 - MainApp - INFO - 视频处理进度: 6.0% (90/1500)
2025-05-12 22:50:46,576 - MainApp - INFO - 视频处理进度: 8.0% (120/1500)
2025-05-12 22:50:47,495 - MainApp - INFO - 视频处理进度: 10.0% (150/1500)
2025-05-12 22:50:48,418 - MainApp - INFO - 视频处理进度: 12.0% (180/1500)
2025-05-12 22:50:49,305 - MainApp - INFO - 视频处理进度: 14.0% (210/1500)
2025-05-12 22:50:50,202 - MainApp - INFO - 视频处理进度: 16.0% (240/1500)
2025-05-12 22:50:51,095 - MainApp - INFO - 视频处理进度: 18.0% (270/1500)
2025-05-12 22:50:52,001 - MainApp - INFO - 视频处理进度: 20.0% (300/1500)
2025-05-12 22:50:52,897 - MainApp - INFO - 视频处理进度: 22.0% (330/1500)
2025-05-12 22:50:53,780 - MainApp - INFO - 视频处理进度: 24.0% (360/1500)
2025-05-12 22:50:54,677 - MainApp - INFO - 视频处理进度: 26.0% (390/1500)
2025-05-12 22:50:55,562 - MainApp - INFO - 视频处理进度: 28.0% (420/1500)
2025-05-12 22:50:56,444 - MainApp - INFO - 视频处理进度: 30.0% (450/1500)
2025-05-12 22:50:57,319 - MainApp - INFO - 视频处理进度: 32.0% (480/1500)
2025-05-12 22:50:58,213 - MainApp - INFO - 视频处理进度: 34.0% (510/1500)
2025-05-12 22:50:59,112 - MainApp - INFO - 视频处理进度: 36.0% (540/1500)
2025-05-12 22:51:00,014 - MainApp - INFO - 视频处理进度: 38.0% (570/1500)
2025-05-12 22:51:00,916 - MainApp - INFO - 视频处理进度: 40.0% (600/1500)
2025-05-12 22:51:01,819 - MainApp - INFO - 视频处理进度: 42.0% (630/1500)
2025-05-12 22:51:02,716 - MainApp - INFO - 视频处理进度: 44.0% (660/1500)
2025-05-12 22:51:03,606 - MainApp - INFO - 视频处理进度: 46.0% (690/1500)
2025-05-12 22:51:04,503 - MainApp - INFO - 视频处理进度: 48.0% (720/1500)
2025-05-12 22:51:05,391 - MainApp - INFO - 视频处理进度: 50.0% (750/1500)
2025-05-12 22:51:06,290 - MainApp - INFO - 视频处理进度: 52.0% (780/1500)
2025-05-12 22:51:07,201 - MainApp - INFO - 视频处理进度: 54.0% (810/1500)
2025-05-12 22:51:08,097 - MainApp - INFO - 视频处理进度: 56.0% (840/1500)
2025-05-12 22:51:08,987 - MainApp - INFO - 视频处理进度: 58.0% (870/1500)
2025-05-12 22:51:09,877 - MainApp - INFO - 视频处理进度: 60.0% (900/1500)
2025-05-12 22:51:10,764 - MainApp - INFO - 视频处理进度: 62.0% (930/1500)
2025-05-12 22:51:11,653 - MainApp - INFO - 视频处理进度: 64.0% (960/1500)
2025-05-12 22:51:12,540 - MainApp - INFO - 视频处理进度: 66.0% (990/1500)
2025-05-12 22:51:13,484 - MainApp - INFO - 视频处理进度: 68.0% (1020/1500)
2025-05-12 22:51:14,428 - MainApp - INFO - 视频处理进度: 70.0% (1050/1500)
2025-05-12 22:51:15,345 - MainApp - INFO - 视频处理进度: 72.0% (1080/1500)
2025-05-12 22:51:16,272 - MainApp - INFO - 视频处理进度: 74.0% (1110/1500)
2025-05-12 22:51:17,207 - MainApp - INFO - 视频处理进度: 76.0% (1140/1500)
2025-05-12 22:51:18,123 - MainApp - INFO - 视频处理进度: 78.0% (1170/1500)
2025-05-12 22:51:19,020 - MainApp - INFO - 视频处理进度: 80.0% (1200/1500)
2025-05-12 22:51:19,919 - MainApp - INFO - 视频处理进度: 82.0% (1230/1500)
2025-05-12 22:51:20,836 - MainApp - INFO - 视频处理进度: 84.0% (1260/1500)
2025-05-12 22:51:21,744 - MainApp - INFO - 视频处理进度: 86.0% (1290/1500)
2025-05-12 22:51:22,661 - MainApp - INFO - 视频处理进度: 88.0% (1320/1500)
2025-05-12 22:51:23,568 - MainApp - INFO - 视频处理进度: 90.0% (1350/1500)
2025-05-12 22:51:24,477 - MainApp - INFO - 视频处理进度: 92.0% (1380/1500)
2025-05-12 22:51:25,385 - MainApp - INFO - 视频处理进度: 94.0% (1410/1500)
2025-05-12 22:51:26,280 - MainApp - INFO - 视频处理进度: 96.0% (1440/1500)
2025-05-12 22:51:27,185 - MainApp - INFO - 视频处理进度: 98.0% (1470/1500)
2025-05-12 22:51:28,079 - MainApp - INFO - 视频处理进度: 100.0% (1500/1500)
2025-05-12 22:51:28,085 - MainApp - INFO - 视频处理完成，共处理 1500/1500 帧，错误帧: 0
2025-05-12 22:51:34,647 - MainApp - INFO - 开始播放处理后的视频
