2025-04-28 12:43:10,353 - MainApp - INFO - 日志记录已启动，日志文件：d:\Github\Infrared-Small-Target-Detection\logs\MainApp_20250428_124310.log
2025-04-28 12:43:10,353 - MainApp - INFO - OpenCV 版本: 4.11.0
2025-04-28 12:43:10,353 - MainApp - INFO - OpenCV 路径: C:\Users\Nero\.conda\envs\Infrared-Small-Target-Detection\lib\site-packages\cv2\__init__.py
2025-04-28 12:43:11,114 - MainApp - INFO - 使用设备: cuda
2025-04-28 12:43:11,121 - MainApp - INFO - 切换到图像模式
2025-04-28 12:43:11,126 - MainApp - INFO - 开始加载模型: D:/Github/Infrared-Small-Target-Detection/result/NUDT-SIRST_DNANet_21_02_2025_23_09_23_wDS/mIoU__DNANet_NUDT-SIRST_epoch.pth.tar
2025-04-28 12:43:11,325 - MainApp - INFO - 更新模型路径: D:/Github/Infrared-Small-Target-Detection/result/NUDT-SIRST_DNANet_21_02_2025_23_09_23_wDS/mIoU__DNANet_NUDT-SIRST_epoch.pth.tar
2025-04-28 12:43:11,325 - MainApp - INFO - 模型加载成功: D:/Github/Infrared-Small-Target-Detection/result/NUDT-SIRST_DNANet_21_02_2025_23_09_23_wDS/mIoU__DNANet_NUDT-SIRST_epoch.pth.tar
2025-04-28 12:43:17,636 - MainApp - INFO - 切换到视频模式
2025-04-28 12:43:17,641 - MainApp - INFO - 视频模式初始化，使用设备：cuda
2025-04-28 12:43:17,645 - MainApp - INFO - 开始加载模型: D:/Github/Infrared-Small-Target-Detection/result/NUDT-SIRST_DNANet_21_02_2025_23_09_23_wDS/mIoU__DNANet_NUDT-SIRST_epoch.pth.tar
2025-04-28 12:43:17,797 - MainApp - INFO - 更新模型路径: D:/Github/Infrared-Small-Target-Detection/result/NUDT-SIRST_DNANet_21_02_2025_23_09_23_wDS/mIoU__DNANet_NUDT-SIRST_epoch.pth.tar
2025-04-28 12:43:17,797 - MainApp - INFO - 模型加载成功: D:/Github/Infrared-Small-Target-Detection/result/NUDT-SIRST_DNANet_21_02_2025_23_09_23_wDS/mIoU__DNANet_NUDT-SIRST_epoch.pth.tar
2025-04-28 12:43:20,218 - MainApp - INFO - 选择视频文件: D:/Github/Infrared-Small-Target-Detection/dataset/Anti-UAV410/02_6321_0274-2773.mp4
2025-04-28 12:43:20,218 - MainApp - INFO - 开始加载视频: D:/Github/Infrared-Small-Target-Detection/dataset/Anti-UAV410/02_6321_0274-2773.mp4
2025-04-28 12:43:20,221 - MainApp - INFO - 视频信息 - 帧数: 1500, FPS: 25.0, 分辨率: 640x512
2025-04-28 12:43:21,104 - MainApp - INFO - 停止视频播放
2025-04-28 12:43:21,104 - MainApp - INFO - 开始处理视频: D:/Github/Infrared-Small-Target-Detection/dataset/Anti-UAV410/02_6321_0274-2773.mp4
2025-04-28 12:43:21,105 - MainApp - INFO - 视频处理线程启动，处理视频: D:/Github/Infrared-Small-Target-Detection/dataset/Anti-UAV410/02_6321_0274-2773.mp4
2025-04-28 12:43:21,106 - MainApp - INFO - 创建临时目录: C:\Users\Nero\AppData\Local\Temp\tmpew2ys6bj
2025-04-28 12:43:21,106 - MainApp - INFO - 临时标签视频路径: C:\Users\Nero\AppData\Local\Temp\tmpew2ys6bj\temp_label.mp4
2025-04-28 12:43:21,106 - MainApp - INFO - 临时结果视频路径: C:\Users\Nero\AppData\Local\Temp\tmpew2ys6bj\temp_result.mp4
2025-04-28 12:43:22,079 - MainApp - INFO - 视频处理进度: 2.0% (30/1500)
2025-04-28 12:43:22,859 - MainApp - INFO - 视频处理进度: 4.0% (60/1500)
2025-04-28 12:43:23,643 - MainApp - INFO - 视频处理进度: 6.0% (90/1500)
2025-04-28 12:43:24,426 - MainApp - INFO - 视频处理进度: 8.0% (120/1500)
2025-04-28 12:43:25,210 - MainApp - INFO - 视频处理进度: 10.0% (150/1500)
2025-04-28 12:43:26,007 - MainApp - INFO - 视频处理进度: 12.0% (180/1500)
2025-04-28 12:43:26,802 - MainApp - INFO - 视频处理进度: 14.0% (210/1500)
2025-04-28 12:43:27,586 - MainApp - INFO - 视频处理进度: 16.0% (240/1500)
2025-04-28 12:43:28,375 - MainApp - INFO - 视频处理进度: 18.0% (270/1500)
2025-04-28 12:43:29,153 - MainApp - INFO - 视频处理进度: 20.0% (300/1500)
2025-04-28 12:43:29,932 - MainApp - INFO - 视频处理进度: 22.0% (330/1500)
2025-04-28 12:43:30,705 - MainApp - INFO - 视频处理进度: 24.0% (360/1500)
2025-04-28 12:43:31,488 - MainApp - INFO - 视频处理进度: 26.0% (390/1500)
2025-04-28 12:43:32,268 - MainApp - INFO - 视频处理进度: 28.0% (420/1500)
2025-04-28 12:43:33,046 - MainApp - INFO - 视频处理进度: 30.0% (450/1500)
2025-04-28 12:43:33,819 - MainApp - INFO - 视频处理进度: 32.0% (480/1500)
2025-04-28 12:43:34,592 - MainApp - INFO - 视频处理进度: 34.0% (510/1500)
2025-04-28 12:43:35,367 - MainApp - INFO - 视频处理进度: 36.0% (540/1500)
2025-04-28 12:43:36,156 - MainApp - INFO - 视频处理进度: 38.0% (570/1500)
2025-04-28 12:43:36,938 - MainApp - INFO - 视频处理进度: 40.0% (600/1500)
2025-04-28 12:43:37,719 - MainApp - INFO - 视频处理进度: 42.0% (630/1500)
2025-04-28 12:43:38,505 - MainApp - INFO - 视频处理进度: 44.0% (660/1500)
2025-04-28 12:43:39,288 - MainApp - INFO - 视频处理进度: 46.0% (690/1500)
2025-04-28 12:43:40,073 - MainApp - INFO - 视频处理进度: 48.0% (720/1500)
2025-04-28 12:43:40,855 - MainApp - INFO - 视频处理进度: 50.0% (750/1500)
2025-04-28 12:43:41,645 - MainApp - INFO - 视频处理进度: 52.0% (780/1500)
2025-04-28 12:43:42,427 - MainApp - INFO - 视频处理进度: 54.0% (810/1500)
2025-04-28 12:43:43,215 - MainApp - INFO - 视频处理进度: 56.0% (840/1500)
2025-04-28 12:43:44,003 - MainApp - INFO - 视频处理进度: 58.0% (870/1500)
2025-04-28 12:43:44,788 - MainApp - INFO - 视频处理进度: 60.0% (900/1500)
2025-04-28 12:43:45,568 - MainApp - INFO - 视频处理进度: 62.0% (930/1500)
2025-04-28 12:43:46,343 - MainApp - INFO - 视频处理进度: 64.0% (960/1500)
2025-04-28 12:43:47,127 - MainApp - INFO - 视频处理进度: 66.0% (990/1500)
2025-04-28 12:43:47,902 - MainApp - INFO - 视频处理进度: 68.0% (1020/1500)
2025-04-28 12:43:48,674 - MainApp - INFO - 视频处理进度: 70.0% (1050/1500)
2025-04-28 12:43:49,463 - MainApp - INFO - 视频处理进度: 72.0% (1080/1500)
2025-04-28 12:43:50,251 - MainApp - INFO - 视频处理进度: 74.0% (1110/1500)
2025-04-28 12:43:51,031 - MainApp - INFO - 视频处理进度: 76.0% (1140/1500)
2025-04-28 12:43:51,817 - MainApp - INFO - 视频处理进度: 78.0% (1170/1500)
2025-04-28 12:43:52,587 - MainApp - INFO - 视频处理进度: 80.0% (1200/1500)
2025-04-28 12:43:53,360 - MainApp - INFO - 视频处理进度: 82.0% (1230/1500)
2025-04-28 12:43:54,133 - MainApp - INFO - 视频处理进度: 84.0% (1260/1500)
2025-04-28 12:43:54,907 - MainApp - INFO - 视频处理进度: 86.0% (1290/1500)
2025-04-28 12:43:55,682 - MainApp - INFO - 视频处理进度: 88.0% (1320/1500)
2025-04-28 12:43:56,465 - MainApp - INFO - 视频处理进度: 90.0% (1350/1500)
2025-04-28 12:43:57,248 - MainApp - INFO - 视频处理进度: 92.0% (1380/1500)
2025-04-28 12:43:58,021 - MainApp - INFO - 视频处理进度: 94.0% (1410/1500)
2025-04-28 12:43:58,792 - MainApp - INFO - 视频处理进度: 96.0% (1440/1500)
2025-04-28 12:43:59,567 - MainApp - INFO - 视频处理进度: 98.0% (1470/1500)
2025-04-28 12:44:00,339 - MainApp - INFO - 视频处理进度: 100.0% (1500/1500)
2025-04-28 12:44:00,344 - MainApp - INFO - 视频处理完成，共处理 1500/1500 帧，错误帧: 0
2025-04-28 12:44:02,514 - MainApp - INFO - 应用程序关闭
