2025-05-12 22:51:59,460 - MainApp - INFO - 日志记录已启动，日志文件：d:\Github\Infrared-Small-Target-Detection\logs\MainApp_20250512_225159.log
2025-05-12 22:51:59,460 - MainApp - INFO - OpenCV 版本: 4.11.0
2025-05-12 22:51:59,460 - MainApp - INFO - OpenCV 路径: C:\Users\Nero\.conda\envs\Infrared-Small-Target-Detection\lib\site-packages\cv2\__init__.py
2025-05-12 22:52:00,217 - MainApp - INFO - 创建预测结果目录: d:\Github\Infrared-Small-Target-Detection\predicts
2025-05-12 22:52:00,236 - MainApp - INFO - 使用设备: cuda
2025-05-12 22:52:00,244 - MainApp - INFO - 切换到图像模式
2025-05-12 22:52:00,248 - MainApp - INFO - 开始加载模型: D:/Github/Infrared-Small-Target-Detection/result/NUDT-SIRST_DNANet_21_02_2025_23_09_23_wDS/mIoU__DNANet_NUDT-SIRST_epoch.pth.tar
2025-05-12 22:52:00,458 - MainApp - INFO - 更新模型路径: D:/Github/Infrared-Small-Target-Detection/result/NUDT-SIRST_DNANet_21_02_2025_23_09_23_wDS/mIoU__DNANet_NUDT-SIRST_epoch.pth.tar
2025-05-12 22:52:00,458 - MainApp - INFO - 模型加载成功: D:/Github/Infrared-Small-Target-Detection/result/NUDT-SIRST_DNANet_21_02_2025_23_09_23_wDS/mIoU__DNANet_NUDT-SIRST_epoch.pth.tar
2025-05-12 22:52:01,668 - MainApp - INFO - 切换到视频模式
2025-05-12 22:52:01,678 - MainApp - INFO - 视频模式初始化，使用设备：cuda
2025-05-12 22:52:01,684 - MainApp - INFO - 开始加载模型: D:/Github/Infrared-Small-Target-Detection/result/NUDT-SIRST_DNANet_21_02_2025_23_09_23_wDS/mIoU__DNANet_NUDT-SIRST_epoch.pth.tar
2025-05-12 22:52:01,804 - MainApp - INFO - 更新模型路径: D:/Github/Infrared-Small-Target-Detection/result/NUDT-SIRST_DNANet_21_02_2025_23_09_23_wDS/mIoU__DNANet_NUDT-SIRST_epoch.pth.tar
2025-05-12 22:52:01,805 - MainApp - INFO - 模型加载成功: D:/Github/Infrared-Small-Target-Detection/result/NUDT-SIRST_DNANet_21_02_2025_23_09_23_wDS/mIoU__DNANet_NUDT-SIRST_epoch.pth.tar
2025-05-12 22:52:07,808 - MainApp - INFO - 选择视频文件: D:/Github/Infrared-Small-Target-Detection/dataset/Anti-UAV410/3700000000002_153514_1.mp4
2025-05-12 22:52:07,809 - MainApp - INFO - 开始加载视频: D:/Github/Infrared-Small-Target-Detection/dataset/Anti-UAV410/3700000000002_153514_1.mp4
2025-05-12 22:52:07,814 - MainApp - INFO - 视频信息 - 帧数: 1500, FPS: 25.0, 分辨率: 640x512
2025-05-12 22:52:08,812 - MainApp - INFO - 停止视频播放
2025-05-12 22:52:08,813 - MainApp - INFO - 开始处理视频: D:/Github/Infrared-Small-Target-Detection/dataset/Anti-UAV410/3700000000002_153514_1.mp4
2025-05-12 22:52:08,814 - MainApp - INFO - 视频处理线程启动，处理视频: D:/Github/Infrared-Small-Target-Detection/dataset/Anti-UAV410/3700000000002_153514_1.mp4
2025-05-12 22:52:08,816 - MainApp - INFO - 创建临时目录: C:\Users\Nero\AppData\Local\Temp\tmphtqzlzfj
2025-05-12 22:52:08,816 - MainApp - INFO - 临时标签视频路径: C:\Users\Nero\AppData\Local\Temp\tmphtqzlzfj\temp_label.mp4
2025-05-12 22:52:08,816 - MainApp - INFO - 临时结果视频路径: C:\Users\Nero\AppData\Local\Temp\tmphtqzlzfj\temp_result.mp4
2025-05-12 22:52:09,806 - MainApp - INFO - 视频处理进度: 2.0% (30/1500)
2025-05-12 22:52:10,592 - MainApp - INFO - 视频处理进度: 4.0% (60/1500)
2025-05-12 22:52:11,373 - MainApp - INFO - 视频处理进度: 6.0% (90/1500)
2025-05-12 22:52:12,153 - MainApp - INFO - 视频处理进度: 8.0% (120/1500)
2025-05-12 22:52:12,932 - MainApp - INFO - 视频处理进度: 10.0% (150/1500)
2025-05-12 22:52:13,714 - MainApp - INFO - 视频处理进度: 12.0% (180/1500)
2025-05-12 22:52:14,490 - MainApp - INFO - 视频处理进度: 14.0% (210/1500)
2025-05-12 22:52:15,277 - MainApp - INFO - 视频处理进度: 16.0% (240/1500)
2025-05-12 22:52:16,063 - MainApp - INFO - 视频处理进度: 18.0% (270/1500)
2025-05-12 22:52:16,840 - MainApp - INFO - 视频处理进度: 20.0% (300/1500)
2025-05-12 22:52:17,630 - MainApp - INFO - 视频处理进度: 22.0% (330/1500)
2025-05-12 22:52:18,411 - MainApp - INFO - 视频处理进度: 24.0% (360/1500)
2025-05-12 22:52:19,191 - MainApp - INFO - 视频处理进度: 26.0% (390/1500)
2025-05-12 22:52:19,977 - MainApp - INFO - 视频处理进度: 28.0% (420/1500)
2025-05-12 22:52:20,760 - MainApp - INFO - 视频处理进度: 30.0% (450/1500)
2025-05-12 22:52:21,543 - MainApp - INFO - 视频处理进度: 32.0% (480/1500)
2025-05-12 22:52:22,337 - MainApp - INFO - 视频处理进度: 34.0% (510/1500)
2025-05-12 22:52:23,135 - MainApp - INFO - 视频处理进度: 36.0% (540/1500)
2025-05-12 22:52:23,966 - MainApp - INFO - 视频处理进度: 38.0% (570/1500)
2025-05-12 22:52:24,940 - MainApp - INFO - 视频处理进度: 40.0% (600/1500)
2025-05-12 22:52:25,803 - MainApp - INFO - 视频处理进度: 42.0% (630/1500)
2025-05-12 22:52:26,589 - MainApp - INFO - 视频处理进度: 44.0% (660/1500)
2025-05-12 22:52:27,369 - MainApp - INFO - 视频处理进度: 46.0% (690/1500)
2025-05-12 22:52:28,159 - MainApp - INFO - 视频处理进度: 48.0% (720/1500)
2025-05-12 22:52:28,945 - MainApp - INFO - 视频处理进度: 50.0% (750/1500)
2025-05-12 22:52:29,723 - MainApp - INFO - 视频处理进度: 52.0% (780/1500)
2025-05-12 22:52:30,496 - MainApp - INFO - 视频处理进度: 54.0% (810/1500)
2025-05-12 22:52:31,285 - MainApp - INFO - 视频处理进度: 56.0% (840/1500)
2025-05-12 22:52:32,086 - MainApp - INFO - 视频处理进度: 58.0% (870/1500)
2025-05-12 22:52:32,881 - MainApp - INFO - 视频处理进度: 60.0% (900/1500)
2025-05-12 22:52:33,679 - MainApp - INFO - 视频处理进度: 62.0% (930/1500)
2025-05-12 22:52:34,485 - MainApp - INFO - 视频处理进度: 64.0% (960/1500)
2025-05-12 22:52:35,303 - MainApp - INFO - 视频处理进度: 66.0% (990/1500)
2025-05-12 22:52:36,107 - MainApp - INFO - 视频处理进度: 68.0% (1020/1500)
2025-05-12 22:52:36,891 - MainApp - INFO - 视频处理进度: 70.0% (1050/1500)
2025-05-12 22:52:37,677 - MainApp - INFO - 视频处理进度: 72.0% (1080/1500)
2025-05-12 22:52:38,465 - MainApp - INFO - 视频处理进度: 74.0% (1110/1500)
2025-05-12 22:52:39,268 - MainApp - INFO - 视频处理进度: 76.0% (1140/1500)
2025-05-12 22:52:40,057 - MainApp - INFO - 视频处理进度: 78.0% (1170/1500)
2025-05-12 22:52:40,845 - MainApp - INFO - 视频处理进度: 80.0% (1200/1500)
2025-05-12 22:52:41,670 - MainApp - INFO - 视频处理进度: 82.0% (1230/1500)
2025-05-12 22:52:42,476 - MainApp - INFO - 视频处理进度: 84.0% (1260/1500)
2025-05-12 22:52:43,258 - MainApp - INFO - 视频处理进度: 86.0% (1290/1500)
2025-05-12 22:52:44,040 - MainApp - INFO - 视频处理进度: 88.0% (1320/1500)
2025-05-12 22:52:44,826 - MainApp - INFO - 视频处理进度: 90.0% (1350/1500)
2025-05-12 22:52:45,605 - MainApp - INFO - 视频处理进度: 92.0% (1380/1500)
2025-05-12 22:52:46,394 - MainApp - INFO - 视频处理进度: 94.0% (1410/1500)
2025-05-12 22:52:47,179 - MainApp - INFO - 视频处理进度: 96.0% (1440/1500)
2025-05-12 22:52:47,971 - MainApp - INFO - 视频处理进度: 98.0% (1470/1500)
2025-05-12 22:52:48,767 - MainApp - INFO - 视频处理进度: 100.0% (1500/1500)
2025-05-12 22:52:48,771 - MainApp - INFO - 视频处理完成，共处理 1500/1500 帧，错误帧: 0
2025-05-12 22:52:59,745 - MainApp - INFO - 选择视频文件: D:/Github/Infrared-Small-Target-Detection/dataset/Anti-UAV410/3700000000002_153918_1.mp4
2025-05-12 22:52:59,746 - MainApp - INFO - 开始加载视频: D:/Github/Infrared-Small-Target-Detection/dataset/Anti-UAV410/3700000000002_153918_1.mp4
2025-05-12 22:52:59,753 - MainApp - INFO - 视频信息 - 帧数: 1500, FPS: 25.0, 分辨率: 640x512
2025-05-12 22:53:00,852 - MainApp - INFO - 停止视频播放
2025-05-12 22:53:00,852 - MainApp - INFO - 开始处理视频: D:/Github/Infrared-Small-Target-Detection/dataset/Anti-UAV410/3700000000002_153918_1.mp4
2025-05-12 22:53:00,853 - MainApp - INFO - 视频处理线程启动，处理视频: D:/Github/Infrared-Small-Target-Detection/dataset/Anti-UAV410/3700000000002_153918_1.mp4
2025-05-12 22:53:00,854 - MainApp - INFO - 创建临时目录: C:\Users\Nero\AppData\Local\Temp\tmpa_ef_37m
2025-05-12 22:53:00,854 - MainApp - INFO - 临时标签视频路径: C:\Users\Nero\AppData\Local\Temp\tmpa_ef_37m\temp_label.mp4
2025-05-12 22:53:00,854 - MainApp - INFO - 临时结果视频路径: C:\Users\Nero\AppData\Local\Temp\tmpa_ef_37m\temp_result.mp4
2025-05-12 22:53:01,694 - MainApp - INFO - 视频处理进度: 2.0% (30/1500)
2025-05-12 22:53:02,478 - MainApp - INFO - 视频处理进度: 4.0% (60/1500)
2025-05-12 22:53:03,264 - MainApp - INFO - 视频处理进度: 6.0% (90/1500)
2025-05-12 22:53:04,047 - MainApp - INFO - 视频处理进度: 8.0% (120/1500)
2025-05-12 22:53:04,821 - MainApp - INFO - 视频处理进度: 10.0% (150/1500)
2025-05-12 22:53:05,608 - MainApp - INFO - 视频处理进度: 12.0% (180/1500)
2025-05-12 22:53:06,387 - MainApp - INFO - 视频处理进度: 14.0% (210/1500)
2025-05-12 22:53:07,166 - MainApp - INFO - 视频处理进度: 16.0% (240/1500)
2025-05-12 22:53:07,944 - MainApp - INFO - 视频处理进度: 18.0% (270/1500)
2025-05-12 22:53:08,730 - MainApp - INFO - 视频处理进度: 20.0% (300/1500)
2025-05-12 22:53:09,510 - MainApp - INFO - 视频处理进度: 22.0% (330/1500)
2025-05-12 22:53:10,293 - MainApp - INFO - 视频处理进度: 24.0% (360/1500)
2025-05-12 22:53:11,081 - MainApp - INFO - 视频处理进度: 26.0% (390/1500)
2025-05-12 22:53:11,866 - MainApp - INFO - 视频处理进度: 28.0% (420/1500)
2025-05-12 22:53:12,649 - MainApp - INFO - 视频处理进度: 30.0% (450/1500)
2025-05-12 22:53:13,440 - MainApp - INFO - 视频处理进度: 32.0% (480/1500)
2025-05-12 22:53:14,224 - MainApp - INFO - 视频处理进度: 34.0% (510/1500)
2025-05-12 22:53:14,996 - MainApp - INFO - 视频处理进度: 36.0% (540/1500)
2025-05-12 22:53:15,778 - MainApp - INFO - 视频处理进度: 38.0% (570/1500)
2025-05-12 22:53:16,561 - MainApp - INFO - 视频处理进度: 40.0% (600/1500)
2025-05-12 22:53:17,345 - MainApp - INFO - 视频处理进度: 42.0% (630/1500)
2025-05-12 22:53:18,126 - MainApp - INFO - 视频处理进度: 44.0% (660/1500)
2025-05-12 22:53:18,907 - MainApp - INFO - 视频处理进度: 46.0% (690/1500)
2025-05-12 22:53:19,689 - MainApp - INFO - 视频处理进度: 48.0% (720/1500)
2025-05-12 22:53:20,471 - MainApp - INFO - 视频处理进度: 50.0% (750/1500)
2025-05-12 22:53:21,268 - MainApp - INFO - 视频处理进度: 52.0% (780/1500)
2025-05-12 22:53:22,058 - MainApp - INFO - 视频处理进度: 54.0% (810/1500)
2025-05-12 22:53:22,845 - MainApp - INFO - 视频处理进度: 56.0% (840/1500)
2025-05-12 22:53:23,633 - MainApp - INFO - 视频处理进度: 58.0% (870/1500)
2025-05-12 22:53:24,419 - MainApp - INFO - 视频处理进度: 60.0% (900/1500)
2025-05-12 22:53:25,204 - MainApp - INFO - 视频处理进度: 62.0% (930/1500)
2025-05-12 22:53:25,988 - MainApp - INFO - 视频处理进度: 64.0% (960/1500)
2025-05-12 22:53:26,772 - MainApp - INFO - 视频处理进度: 66.0% (990/1500)
2025-05-12 22:53:27,557 - MainApp - INFO - 视频处理进度: 68.0% (1020/1500)
2025-05-12 22:53:28,338 - MainApp - INFO - 视频处理进度: 70.0% (1050/1500)
2025-05-12 22:53:29,122 - MainApp - INFO - 视频处理进度: 72.0% (1080/1500)
2025-05-12 22:53:29,907 - MainApp - INFO - 视频处理进度: 74.0% (1110/1500)
2025-05-12 22:53:30,685 - MainApp - INFO - 视频处理进度: 76.0% (1140/1500)
2025-05-12 22:53:31,476 - MainApp - INFO - 视频处理进度: 78.0% (1170/1500)
2025-05-12 22:53:32,258 - MainApp - INFO - 视频处理进度: 80.0% (1200/1500)
2025-05-12 22:53:33,056 - MainApp - INFO - 视频处理进度: 82.0% (1230/1500)
2025-05-12 22:53:33,847 - MainApp - INFO - 视频处理进度: 84.0% (1260/1500)
2025-05-12 22:53:34,629 - MainApp - INFO - 视频处理进度: 86.0% (1290/1500)
2025-05-12 22:53:35,415 - MainApp - INFO - 视频处理进度: 88.0% (1320/1500)
2025-05-12 22:53:36,196 - MainApp - INFO - 视频处理进度: 90.0% (1350/1500)
2025-05-12 22:53:36,980 - MainApp - INFO - 视频处理进度: 92.0% (1380/1500)
2025-05-12 22:53:37,758 - MainApp - INFO - 视频处理进度: 94.0% (1410/1500)
2025-05-12 22:53:38,543 - MainApp - INFO - 视频处理进度: 96.0% (1440/1500)
2025-05-12 22:53:39,324 - MainApp - INFO - 视频处理进度: 98.0% (1470/1500)
2025-05-12 22:53:40,101 - MainApp - INFO - 视频处理进度: 100.0% (1500/1500)
2025-05-12 22:53:40,106 - MainApp - INFO - 视频处理完成，共处理 1500/1500 帧，错误帧: 0
2025-05-12 22:53:47,168 - MainApp - INFO - 选择视频文件: D:/Github/Infrared-Small-Target-Detection/dataset/Anti-UAV410/02_6319_1500-2999.mp4
2025-05-12 22:53:47,168 - MainApp - INFO - 开始加载视频: D:/Github/Infrared-Small-Target-Detection/dataset/Anti-UAV410/02_6319_1500-2999.mp4
2025-05-12 22:53:47,176 - MainApp - INFO - 视频信息 - 帧数: 1500, FPS: 25.0, 分辨率: 640x512
2025-05-12 22:53:50,197 - MainApp - INFO - 停止视频播放
2025-05-12 22:53:50,197 - MainApp - INFO - 开始处理视频: D:/Github/Infrared-Small-Target-Detection/dataset/Anti-UAV410/02_6319_1500-2999.mp4
2025-05-12 22:53:50,198 - MainApp - INFO - 视频处理线程启动，处理视频: D:/Github/Infrared-Small-Target-Detection/dataset/Anti-UAV410/02_6319_1500-2999.mp4
2025-05-12 22:53:50,198 - MainApp - INFO - 创建临时目录: C:\Users\Nero\AppData\Local\Temp\tmpbbokcf19
2025-05-12 22:53:50,199 - MainApp - INFO - 临时标签视频路径: C:\Users\Nero\AppData\Local\Temp\tmpbbokcf19\temp_label.mp4
2025-05-12 22:53:50,199 - MainApp - INFO - 临时结果视频路径: C:\Users\Nero\AppData\Local\Temp\tmpbbokcf19\temp_result.mp4
2025-05-12 22:53:51,030 - MainApp - INFO - 视频处理进度: 2.0% (30/1500)
2025-05-12 22:53:51,813 - MainApp - INFO - 视频处理进度: 4.0% (60/1500)
2025-05-12 22:53:52,593 - MainApp - INFO - 视频处理进度: 6.0% (90/1500)
2025-05-12 22:53:53,371 - MainApp - INFO - 视频处理进度: 8.0% (120/1500)
2025-05-12 22:53:54,146 - MainApp - INFO - 视频处理进度: 10.0% (150/1500)
2025-05-12 22:53:54,923 - MainApp - INFO - 视频处理进度: 12.0% (180/1500)
2025-05-12 22:53:55,716 - MainApp - INFO - 视频处理进度: 14.0% (210/1500)
2025-05-12 22:53:56,534 - MainApp - INFO - 视频处理进度: 16.0% (240/1500)
2025-05-12 22:53:57,396 - MainApp - INFO - 视频处理进度: 18.0% (270/1500)
2025-05-12 22:53:58,213 - MainApp - INFO - 视频处理进度: 20.0% (300/1500)
2025-05-12 22:53:59,026 - MainApp - INFO - 视频处理进度: 22.0% (330/1500)
2025-05-12 22:53:59,846 - MainApp - INFO - 视频处理进度: 24.0% (360/1500)
2025-05-12 22:54:00,663 - MainApp - INFO - 视频处理进度: 26.0% (390/1500)
2025-05-12 22:54:01,475 - MainApp - INFO - 视频处理进度: 28.0% (420/1500)
2025-05-12 22:54:02,263 - MainApp - INFO - 视频处理进度: 30.0% (450/1500)
2025-05-12 22:54:03,046 - MainApp - INFO - 视频处理进度: 32.0% (480/1500)
2025-05-12 22:54:03,831 - MainApp - INFO - 视频处理进度: 34.0% (510/1500)
2025-05-12 22:54:04,616 - MainApp - INFO - 视频处理进度: 36.0% (540/1500)
2025-05-12 22:54:05,404 - MainApp - INFO - 视频处理进度: 38.0% (570/1500)
2025-05-12 22:54:06,195 - MainApp - INFO - 视频处理进度: 40.0% (600/1500)
2025-05-12 22:54:06,998 - MainApp - INFO - 视频处理进度: 42.0% (630/1500)
2025-05-12 22:54:07,791 - MainApp - INFO - 视频处理进度: 44.0% (660/1500)
2025-05-12 22:54:08,574 - MainApp - INFO - 视频处理进度: 46.0% (690/1500)
2025-05-12 22:54:09,349 - MainApp - INFO - 视频处理进度: 48.0% (720/1500)
2025-05-12 22:54:10,126 - MainApp - INFO - 视频处理进度: 50.0% (750/1500)
2025-05-12 22:54:10,900 - MainApp - INFO - 视频处理进度: 52.0% (780/1500)
2025-05-12 22:54:11,676 - MainApp - INFO - 视频处理进度: 54.0% (810/1500)
2025-05-12 22:54:12,451 - MainApp - INFO - 视频处理进度: 56.0% (840/1500)
2025-05-12 22:54:13,240 - MainApp - INFO - 视频处理进度: 58.0% (870/1500)
2025-05-12 22:54:14,018 - MainApp - INFO - 视频处理进度: 60.0% (900/1500)
2025-05-12 22:54:14,807 - MainApp - INFO - 视频处理进度: 62.0% (930/1500)
2025-05-12 22:54:15,590 - MainApp - INFO - 视频处理进度: 64.0% (960/1500)
2025-05-12 22:54:16,370 - MainApp - INFO - 视频处理进度: 66.0% (990/1500)
2025-05-12 22:54:17,147 - MainApp - INFO - 视频处理进度: 68.0% (1020/1500)
2025-05-12 22:54:17,943 - MainApp - INFO - 视频处理进度: 70.0% (1050/1500)
2025-05-12 22:54:18,739 - MainApp - INFO - 视频处理进度: 72.0% (1080/1500)
2025-05-12 22:54:19,528 - MainApp - INFO - 视频处理进度: 74.0% (1110/1500)
2025-05-12 22:54:20,305 - MainApp - INFO - 视频处理进度: 76.0% (1140/1500)
2025-05-12 22:54:21,086 - MainApp - INFO - 视频处理进度: 78.0% (1170/1500)
2025-05-12 22:54:21,865 - MainApp - INFO - 视频处理进度: 80.0% (1200/1500)
2025-05-12 22:54:22,642 - MainApp - INFO - 视频处理进度: 82.0% (1230/1500)
2025-05-12 22:54:23,416 - MainApp - INFO - 视频处理进度: 84.0% (1260/1500)
2025-05-12 22:54:24,197 - MainApp - INFO - 视频处理进度: 86.0% (1290/1500)
2025-05-12 22:54:24,972 - MainApp - INFO - 视频处理进度: 88.0% (1320/1500)
2025-05-12 22:54:25,750 - MainApp - INFO - 视频处理进度: 90.0% (1350/1500)
2025-05-12 22:54:26,526 - MainApp - INFO - 视频处理进度: 92.0% (1380/1500)
2025-05-12 22:54:27,301 - MainApp - INFO - 视频处理进度: 94.0% (1410/1500)
2025-05-12 22:54:28,078 - MainApp - INFO - 视频处理进度: 96.0% (1440/1500)
2025-05-12 22:54:28,860 - MainApp - INFO - 视频处理进度: 98.0% (1470/1500)
2025-05-12 22:54:29,635 - MainApp - INFO - 视频处理进度: 100.0% (1500/1500)
2025-05-12 22:54:29,639 - MainApp - INFO - 视频处理完成，共处理 1500/1500 帧，错误帧: 0
2025-05-12 22:54:35,261 - MainApp - INFO - 选择视频文件: D:/Github/Infrared-Small-Target-Detection/dataset/Anti-UAV410/3700000000002_135232_2.mp4
2025-05-12 22:54:35,261 - MainApp - INFO - 开始加载视频: D:/Github/Infrared-Small-Target-Detection/dataset/Anti-UAV410/3700000000002_135232_2.mp4
2025-05-12 22:54:35,270 - MainApp - INFO - 视频信息 - 帧数: 1500, FPS: 25.0, 分辨率: 640x512
2025-05-12 22:54:36,269 - MainApp - INFO - 停止视频播放
2025-05-12 22:54:36,269 - MainApp - INFO - 开始处理视频: D:/Github/Infrared-Small-Target-Detection/dataset/Anti-UAV410/3700000000002_135232_2.mp4
2025-05-12 22:54:36,270 - MainApp - INFO - 视频处理线程启动，处理视频: D:/Github/Infrared-Small-Target-Detection/dataset/Anti-UAV410/3700000000002_135232_2.mp4
2025-05-12 22:54:36,272 - MainApp - INFO - 创建临时目录: C:\Users\Nero\AppData\Local\Temp\tmpeo9aojx8
2025-05-12 22:54:36,272 - MainApp - INFO - 临时标签视频路径: C:\Users\Nero\AppData\Local\Temp\tmpeo9aojx8\temp_label.mp4
2025-05-12 22:54:36,272 - MainApp - INFO - 临时结果视频路径: C:\Users\Nero\AppData\Local\Temp\tmpeo9aojx8\temp_result.mp4
2025-05-12 22:54:37,113 - MainApp - INFO - 视频处理进度: 2.0% (30/1500)
2025-05-12 22:54:37,890 - MainApp - INFO - 视频处理进度: 4.0% (60/1500)
2025-05-12 22:54:38,673 - MainApp - INFO - 视频处理进度: 6.0% (90/1500)
2025-05-12 22:54:39,458 - MainApp - INFO - 视频处理进度: 8.0% (120/1500)
2025-05-12 22:54:40,254 - MainApp - INFO - 视频处理进度: 10.0% (150/1500)
2025-05-12 22:54:41,048 - MainApp - INFO - 视频处理进度: 12.0% (180/1500)
2025-05-12 22:54:41,852 - MainApp - INFO - 视频处理进度: 14.0% (210/1500)
2025-05-12 22:54:42,637 - MainApp - INFO - 视频处理进度: 16.0% (240/1500)
2025-05-12 22:54:43,427 - MainApp - INFO - 视频处理进度: 18.0% (270/1500)
2025-05-12 22:54:44,207 - MainApp - INFO - 视频处理进度: 20.0% (300/1500)
2025-05-12 22:54:44,992 - MainApp - INFO - 视频处理进度: 22.0% (330/1500)
2025-05-12 22:54:45,775 - MainApp - INFO - 视频处理进度: 24.0% (360/1500)
2025-05-12 22:54:46,563 - MainApp - INFO - 视频处理进度: 26.0% (390/1500)
2025-05-12 22:54:47,349 - MainApp - INFO - 视频处理进度: 28.0% (420/1500)
2025-05-12 22:54:48,134 - MainApp - INFO - 视频处理进度: 30.0% (450/1500)
2025-05-12 22:54:48,916 - MainApp - INFO - 视频处理进度: 32.0% (480/1500)
2025-05-12 22:54:49,699 - MainApp - INFO - 视频处理进度: 34.0% (510/1500)
2025-05-12 22:54:50,482 - MainApp - INFO - 视频处理进度: 36.0% (540/1500)
2025-05-12 22:54:51,258 - MainApp - INFO - 视频处理进度: 38.0% (570/1500)
2025-05-12 22:54:52,037 - MainApp - INFO - 视频处理进度: 40.0% (600/1500)
2025-05-12 22:54:52,821 - MainApp - INFO - 视频处理进度: 42.0% (630/1500)
2025-05-12 22:54:53,598 - MainApp - INFO - 视频处理进度: 44.0% (660/1500)
2025-05-12 22:54:54,390 - MainApp - INFO - 视频处理进度: 46.0% (690/1500)
2025-05-12 22:54:55,174 - MainApp - INFO - 视频处理进度: 48.0% (720/1500)
2025-05-12 22:54:55,959 - MainApp - INFO - 视频处理进度: 50.0% (750/1500)
2025-05-12 22:54:56,748 - MainApp - INFO - 视频处理进度: 52.0% (780/1500)
2025-05-12 22:54:57,530 - MainApp - INFO - 视频处理进度: 54.0% (810/1500)
2025-05-12 22:54:58,317 - MainApp - INFO - 视频处理进度: 56.0% (840/1500)
2025-05-12 22:54:59,101 - MainApp - INFO - 视频处理进度: 58.0% (870/1500)
2025-05-12 22:54:59,891 - MainApp - INFO - 视频处理进度: 60.0% (900/1500)
2025-05-12 22:55:00,673 - MainApp - INFO - 视频处理进度: 62.0% (930/1500)
2025-05-12 22:55:01,453 - MainApp - INFO - 视频处理进度: 64.0% (960/1500)
2025-05-12 22:55:02,240 - MainApp - INFO - 视频处理进度: 66.0% (990/1500)
2025-05-12 22:55:03,028 - MainApp - INFO - 视频处理进度: 68.0% (1020/1500)
2025-05-12 22:55:03,813 - MainApp - INFO - 视频处理进度: 70.0% (1050/1500)
2025-05-12 22:55:04,602 - MainApp - INFO - 视频处理进度: 72.0% (1080/1500)
2025-05-12 22:55:05,399 - MainApp - INFO - 视频处理进度: 74.0% (1110/1500)
2025-05-12 22:55:06,185 - MainApp - INFO - 视频处理进度: 76.0% (1140/1500)
2025-05-12 22:55:06,980 - MainApp - INFO - 视频处理进度: 78.0% (1170/1500)
2025-05-12 22:55:07,779 - MainApp - INFO - 视频处理进度: 80.0% (1200/1500)
2025-05-12 22:55:08,574 - MainApp - INFO - 视频处理进度: 82.0% (1230/1500)
2025-05-12 22:55:09,375 - MainApp - INFO - 视频处理进度: 84.0% (1260/1500)
2025-05-12 22:55:10,178 - MainApp - INFO - 视频处理进度: 86.0% (1290/1500)
2025-05-12 22:55:10,972 - MainApp - INFO - 视频处理进度: 88.0% (1320/1500)
2025-05-12 22:55:11,765 - MainApp - INFO - 视频处理进度: 90.0% (1350/1500)
2025-05-12 22:55:12,552 - MainApp - INFO - 视频处理进度: 92.0% (1380/1500)
2025-05-12 22:55:13,351 - MainApp - INFO - 视频处理进度: 94.0% (1410/1500)
2025-05-12 22:55:14,148 - MainApp - INFO - 视频处理进度: 96.0% (1440/1500)
2025-05-12 22:55:14,940 - MainApp - INFO - 视频处理进度: 98.0% (1470/1500)
2025-05-12 22:55:15,729 - MainApp - INFO - 视频处理进度: 100.0% (1500/1500)
2025-05-12 22:55:15,732 - MainApp - INFO - 视频处理完成，共处理 1500/1500 帧，错误帧: 0
2025-05-12 22:55:21,543 - MainApp - INFO - 选择视频文件: D:/Github/Infrared-Small-Target-Detection/dataset/Anti-UAV410/3700000000002_144152_1.mp4
2025-05-12 22:55:21,543 - MainApp - INFO - 开始加载视频: D:/Github/Infrared-Small-Target-Detection/dataset/Anti-UAV410/3700000000002_144152_1.mp4
2025-05-12 22:55:21,551 - MainApp - INFO - 视频信息 - 帧数: 1500, FPS: 25.0, 分辨率: 640x512
2025-05-12 22:55:22,624 - MainApp - INFO - 停止视频播放
2025-05-12 22:55:22,625 - MainApp - INFO - 开始处理视频: D:/Github/Infrared-Small-Target-Detection/dataset/Anti-UAV410/3700000000002_144152_1.mp4
2025-05-12 22:55:22,625 - MainApp - INFO - 视频处理线程启动，处理视频: D:/Github/Infrared-Small-Target-Detection/dataset/Anti-UAV410/3700000000002_144152_1.mp4
2025-05-12 22:55:22,626 - MainApp - INFO - 创建临时目录: C:\Users\Nero\AppData\Local\Temp\tmph5x3ez2x
2025-05-12 22:55:22,626 - MainApp - INFO - 临时标签视频路径: C:\Users\Nero\AppData\Local\Temp\tmph5x3ez2x\temp_label.mp4
2025-05-12 22:55:22,626 - MainApp - INFO - 临时结果视频路径: C:\Users\Nero\AppData\Local\Temp\tmph5x3ez2x\temp_result.mp4
2025-05-12 22:55:23,473 - MainApp - INFO - 视频处理进度: 2.0% (30/1500)
2025-05-12 22:55:24,255 - MainApp - INFO - 视频处理进度: 4.0% (60/1500)
2025-05-12 22:55:25,042 - MainApp - INFO - 视频处理进度: 6.0% (90/1500)
2025-05-12 22:55:25,825 - MainApp - INFO - 视频处理进度: 8.0% (120/1500)
2025-05-12 22:55:26,605 - MainApp - INFO - 视频处理进度: 10.0% (150/1500)
2025-05-12 22:55:27,389 - MainApp - INFO - 视频处理进度: 12.0% (180/1500)
2025-05-12 22:55:28,178 - MainApp - INFO - 视频处理进度: 14.0% (210/1500)
2025-05-12 22:55:28,957 - MainApp - INFO - 视频处理进度: 16.0% (240/1500)
2025-05-12 22:55:29,738 - MainApp - INFO - 视频处理进度: 18.0% (270/1500)
2025-05-12 22:55:30,519 - MainApp - INFO - 视频处理进度: 20.0% (300/1500)
2025-05-12 22:55:31,300 - MainApp - INFO - 视频处理进度: 22.0% (330/1500)
2025-05-12 22:55:32,080 - MainApp - INFO - 视频处理进度: 24.0% (360/1500)
2025-05-12 22:55:32,859 - MainApp - INFO - 视频处理进度: 26.0% (390/1500)
2025-05-12 22:55:33,645 - MainApp - INFO - 视频处理进度: 28.0% (420/1500)
2025-05-12 22:55:34,427 - MainApp - INFO - 视频处理进度: 30.0% (450/1500)
2025-05-12 22:55:35,214 - MainApp - INFO - 视频处理进度: 32.0% (480/1500)
2025-05-12 22:55:36,007 - MainApp - INFO - 视频处理进度: 34.0% (510/1500)
2025-05-12 22:55:36,793 - MainApp - INFO - 视频处理进度: 36.0% (540/1500)
2025-05-12 22:55:37,575 - MainApp - INFO - 视频处理进度: 38.0% (570/1500)
2025-05-12 22:55:38,356 - MainApp - INFO - 视频处理进度: 40.0% (600/1500)
2025-05-12 22:55:39,143 - MainApp - INFO - 视频处理进度: 42.0% (630/1500)
2025-05-12 22:55:39,920 - MainApp - INFO - 视频处理进度: 44.0% (660/1500)
2025-05-12 22:55:40,706 - MainApp - INFO - 视频处理进度: 46.0% (690/1500)
2025-05-12 22:55:41,488 - MainApp - INFO - 视频处理进度: 48.0% (720/1500)
2025-05-12 22:55:42,266 - MainApp - INFO - 视频处理进度: 50.0% (750/1500)
2025-05-12 22:55:43,049 - MainApp - INFO - 视频处理进度: 52.0% (780/1500)
2025-05-12 22:55:43,836 - MainApp - INFO - 视频处理进度: 54.0% (810/1500)
2025-05-12 22:55:44,625 - MainApp - INFO - 视频处理进度: 56.0% (840/1500)
2025-05-12 22:55:45,414 - MainApp - INFO - 视频处理进度: 58.0% (870/1500)
2025-05-12 22:55:46,194 - MainApp - INFO - 视频处理进度: 60.0% (900/1500)
2025-05-12 22:55:46,985 - MainApp - INFO - 视频处理进度: 62.0% (930/1500)
2025-05-12 22:55:47,769 - MainApp - INFO - 视频处理进度: 64.0% (960/1500)
2025-05-12 22:55:48,560 - MainApp - INFO - 视频处理进度: 66.0% (990/1500)
2025-05-12 22:55:49,333 - MainApp - INFO - 视频处理进度: 68.0% (1020/1500)
2025-05-12 22:55:50,126 - MainApp - INFO - 视频处理进度: 70.0% (1050/1500)
2025-05-12 22:55:50,923 - MainApp - INFO - 视频处理进度: 72.0% (1080/1500)
2025-05-12 22:55:51,722 - MainApp - INFO - 视频处理进度: 74.0% (1110/1500)
2025-05-12 22:55:52,506 - MainApp - INFO - 视频处理进度: 76.0% (1140/1500)
2025-05-12 22:55:53,314 - MainApp - INFO - 视频处理进度: 78.0% (1170/1500)
2025-05-12 22:55:54,107 - MainApp - INFO - 视频处理进度: 80.0% (1200/1500)
2025-05-12 22:55:54,890 - MainApp - INFO - 视频处理进度: 82.0% (1230/1500)
2025-05-12 22:55:55,669 - MainApp - INFO - 视频处理进度: 84.0% (1260/1500)
2025-05-12 22:55:56,459 - MainApp - INFO - 视频处理进度: 86.0% (1290/1500)
2025-05-12 22:55:57,239 - MainApp - INFO - 视频处理进度: 88.0% (1320/1500)
2025-05-12 22:55:58,026 - MainApp - INFO - 视频处理进度: 90.0% (1350/1500)
2025-05-12 22:55:58,815 - MainApp - INFO - 视频处理进度: 92.0% (1380/1500)
2025-05-12 22:55:59,594 - MainApp - INFO - 视频处理进度: 94.0% (1410/1500)
2025-05-12 22:56:00,378 - MainApp - INFO - 视频处理进度: 96.0% (1440/1500)
2025-05-12 22:56:01,162 - MainApp - INFO - 视频处理进度: 98.0% (1470/1500)
2025-05-12 22:56:01,941 - MainApp - INFO - 视频处理进度: 100.0% (1500/1500)
2025-05-12 22:56:01,946 - MainApp - INFO - 视频处理完成，共处理 1500/1500 帧，错误帧: 0
2025-05-12 22:56:07,339 - MainApp - INFO - 选择视频文件: D:/Github/Infrared-Small-Target-Detection/dataset/Anti-UAV410/3700000000002_130905_1.mp4
2025-05-12 22:56:07,340 - MainApp - INFO - 开始加载视频: D:/Github/Infrared-Small-Target-Detection/dataset/Anti-UAV410/3700000000002_130905_1.mp4
2025-05-12 22:56:07,348 - MainApp - INFO - 视频信息 - 帧数: 1500, FPS: 25.0, 分辨率: 640x512
2025-05-12 22:56:07,814 - MainApp - INFO - 停止视频播放
2025-05-12 22:56:07,815 - MainApp - INFO - 开始处理视频: D:/Github/Infrared-Small-Target-Detection/dataset/Anti-UAV410/3700000000002_130905_1.mp4
2025-05-12 22:56:07,816 - MainApp - INFO - 视频处理线程启动，处理视频: D:/Github/Infrared-Small-Target-Detection/dataset/Anti-UAV410/3700000000002_130905_1.mp4
2025-05-12 22:56:07,816 - MainApp - INFO - 创建临时目录: C:\Users\Nero\AppData\Local\Temp\tmphihyheue
2025-05-12 22:56:07,816 - MainApp - INFO - 临时标签视频路径: C:\Users\Nero\AppData\Local\Temp\tmphihyheue\temp_label.mp4
2025-05-12 22:56:07,816 - MainApp - INFO - 临时结果视频路径: C:\Users\Nero\AppData\Local\Temp\tmphihyheue\temp_result.mp4
2025-05-12 22:56:08,644 - MainApp - INFO - 视频处理进度: 2.0% (30/1500)
2025-05-12 22:56:09,425 - MainApp - INFO - 视频处理进度: 4.0% (60/1500)
2025-05-12 22:56:10,226 - MainApp - INFO - 视频处理进度: 6.0% (90/1500)
2025-05-12 22:56:11,023 - MainApp - INFO - 视频处理进度: 8.0% (120/1500)
2025-05-12 22:56:11,820 - MainApp - INFO - 视频处理进度: 10.0% (150/1500)
2025-05-12 22:56:12,603 - MainApp - INFO - 视频处理进度: 12.0% (180/1500)
2025-05-12 22:56:13,396 - MainApp - INFO - 视频处理进度: 14.0% (210/1500)
2025-05-12 22:56:14,181 - MainApp - INFO - 视频处理进度: 16.0% (240/1500)
2025-05-12 22:56:14,959 - MainApp - INFO - 视频处理进度: 18.0% (270/1500)
2025-05-12 22:56:15,736 - MainApp - INFO - 视频处理进度: 20.0% (300/1500)
2025-05-12 22:56:16,514 - MainApp - INFO - 视频处理进度: 22.0% (330/1500)
2025-05-12 22:56:17,299 - MainApp - INFO - 视频处理进度: 24.0% (360/1500)
2025-05-12 22:56:18,084 - MainApp - INFO - 视频处理进度: 26.0% (390/1500)
2025-05-12 22:56:18,862 - MainApp - INFO - 视频处理进度: 28.0% (420/1500)
2025-05-12 22:56:19,638 - MainApp - INFO - 视频处理进度: 30.0% (450/1500)
2025-05-12 22:56:20,412 - MainApp - INFO - 视频处理进度: 32.0% (480/1500)
2025-05-12 22:56:21,184 - MainApp - INFO - 视频处理进度: 34.0% (510/1500)
2025-05-12 22:56:21,962 - MainApp - INFO - 视频处理进度: 36.0% (540/1500)
2025-05-12 22:56:22,744 - MainApp - INFO - 视频处理进度: 38.0% (570/1500)
2025-05-12 22:56:23,524 - MainApp - INFO - 视频处理进度: 40.0% (600/1500)
2025-05-12 22:56:24,307 - MainApp - INFO - 视频处理进度: 42.0% (630/1500)
2025-05-12 22:56:25,087 - MainApp - INFO - 视频处理进度: 44.0% (660/1500)
2025-05-12 22:56:25,872 - MainApp - INFO - 视频处理进度: 46.0% (690/1500)
2025-05-12 22:56:26,653 - MainApp - INFO - 视频处理进度: 48.0% (720/1500)
2025-05-12 22:56:27,456 - MainApp - INFO - 视频处理进度: 50.0% (750/1500)
2025-05-12 22:56:28,230 - MainApp - INFO - 视频处理进度: 52.0% (780/1500)
2025-05-12 22:56:29,002 - MainApp - INFO - 视频处理进度: 54.0% (810/1500)
2025-05-12 22:56:29,777 - MainApp - INFO - 视频处理进度: 56.0% (840/1500)
2025-05-12 22:56:30,554 - MainApp - INFO - 视频处理进度: 58.0% (870/1500)
2025-05-12 22:56:31,330 - MainApp - INFO - 视频处理进度: 60.0% (900/1500)
2025-05-12 22:56:32,114 - MainApp - INFO - 视频处理进度: 62.0% (930/1500)
2025-05-12 22:56:32,894 - MainApp - INFO - 视频处理进度: 64.0% (960/1500)
2025-05-12 22:56:33,675 - MainApp - INFO - 视频处理进度: 66.0% (990/1500)
2025-05-12 22:56:34,452 - MainApp - INFO - 视频处理进度: 68.0% (1020/1500)
2025-05-12 22:56:35,233 - MainApp - INFO - 视频处理进度: 70.0% (1050/1500)
2025-05-12 22:56:36,006 - MainApp - INFO - 视频处理进度: 72.0% (1080/1500)
2025-05-12 22:56:36,788 - MainApp - INFO - 视频处理进度: 74.0% (1110/1500)
2025-05-12 22:56:37,564 - MainApp - INFO - 视频处理进度: 76.0% (1140/1500)
2025-05-12 22:56:38,339 - MainApp - INFO - 视频处理进度: 78.0% (1170/1500)
2025-05-12 22:56:39,114 - MainApp - INFO - 视频处理进度: 80.0% (1200/1500)
2025-05-12 22:56:39,893 - MainApp - INFO - 视频处理进度: 82.0% (1230/1500)
2025-05-12 22:56:40,666 - MainApp - INFO - 视频处理进度: 84.0% (1260/1500)
2025-05-12 22:56:41,444 - MainApp - INFO - 视频处理进度: 86.0% (1290/1500)
2025-05-12 22:56:42,219 - MainApp - INFO - 视频处理进度: 88.0% (1320/1500)
2025-05-12 22:56:42,996 - MainApp - INFO - 视频处理进度: 90.0% (1350/1500)
2025-05-12 22:56:43,767 - MainApp - INFO - 视频处理进度: 92.0% (1380/1500)
2025-05-12 22:56:44,554 - MainApp - INFO - 视频处理进度: 94.0% (1410/1500)
2025-05-12 22:56:45,328 - MainApp - INFO - 视频处理进度: 96.0% (1440/1500)
2025-05-12 22:56:46,105 - MainApp - INFO - 视频处理进度: 98.0% (1470/1500)
2025-05-12 22:56:46,885 - MainApp - INFO - 视频处理进度: 100.0% (1500/1500)
2025-05-12 22:56:46,891 - MainApp - INFO - 视频处理完成，共处理 1500/1500 帧，错误帧: 0
2025-05-12 22:56:58,230 - MainApp - INFO - 选择视频文件: D:/Github/Infrared-Small-Target-Detection/dataset/Anti-UAV410/3700000000002_132726_4.mp4
2025-05-12 22:56:58,231 - MainApp - INFO - 开始加载视频: D:/Github/Infrared-Small-Target-Detection/dataset/Anti-UAV410/3700000000002_132726_4.mp4
2025-05-12 22:56:58,238 - MainApp - INFO - 视频信息 - 帧数: 1500, FPS: 25.0, 分辨率: 640x512
2025-05-12 22:57:00,823 - MainApp - INFO - 停止视频播放
2025-05-12 22:57:00,825 - MainApp - INFO - 开始处理视频: D:/Github/Infrared-Small-Target-Detection/dataset/Anti-UAV410/3700000000002_132726_4.mp4
2025-05-12 22:57:00,826 - MainApp - INFO - 视频处理线程启动，处理视频: D:/Github/Infrared-Small-Target-Detection/dataset/Anti-UAV410/3700000000002_132726_4.mp4
2025-05-12 22:57:00,827 - MainApp - INFO - 创建临时目录: C:\Users\Nero\AppData\Local\Temp\tmp6iatf0b_
2025-05-12 22:57:00,827 - MainApp - INFO - 临时标签视频路径: C:\Users\Nero\AppData\Local\Temp\tmp6iatf0b_\temp_label.mp4
2025-05-12 22:57:00,827 - MainApp - INFO - 临时结果视频路径: C:\Users\Nero\AppData\Local\Temp\tmp6iatf0b_\temp_result.mp4
2025-05-12 22:57:01,675 - MainApp - INFO - 视频处理进度: 2.0% (30/1500)
2025-05-12 22:57:02,476 - MainApp - INFO - 视频处理进度: 4.0% (60/1500)
2025-05-12 22:57:03,272 - MainApp - INFO - 视频处理进度: 6.0% (90/1500)
2025-05-12 22:57:04,079 - MainApp - INFO - 视频处理进度: 8.0% (120/1500)
2025-05-12 22:57:04,876 - MainApp - INFO - 视频处理进度: 10.0% (150/1500)
2025-05-12 22:57:05,665 - MainApp - INFO - 视频处理进度: 12.0% (180/1500)
2025-05-12 22:57:06,451 - MainApp - INFO - 视频处理进度: 14.0% (210/1500)
2025-05-12 22:57:07,237 - MainApp - INFO - 视频处理进度: 16.0% (240/1500)
2025-05-12 22:57:08,029 - MainApp - INFO - 视频处理进度: 18.0% (270/1500)
2025-05-12 22:57:08,820 - MainApp - INFO - 视频处理进度: 20.0% (300/1500)
2025-05-12 22:57:09,607 - MainApp - INFO - 视频处理进度: 22.0% (330/1500)
2025-05-12 22:57:10,389 - MainApp - INFO - 视频处理进度: 24.0% (360/1500)
2025-05-12 22:57:11,180 - MainApp - INFO - 视频处理进度: 26.0% (390/1500)
2025-05-12 22:57:11,973 - MainApp - INFO - 视频处理进度: 28.0% (420/1500)
2025-05-12 22:57:12,785 - MainApp - INFO - 视频处理进度: 30.0% (450/1500)
2025-05-12 22:57:13,574 - MainApp - INFO - 视频处理进度: 32.0% (480/1500)
2025-05-12 22:57:14,361 - MainApp - INFO - 视频处理进度: 34.0% (510/1500)
2025-05-12 22:57:15,145 - MainApp - INFO - 视频处理进度: 36.0% (540/1500)
2025-05-12 22:57:15,926 - MainApp - INFO - 视频处理进度: 38.0% (570/1500)
2025-05-12 22:57:16,708 - MainApp - INFO - 视频处理进度: 40.0% (600/1500)
2025-05-12 22:57:17,491 - MainApp - INFO - 视频处理进度: 42.0% (630/1500)
2025-05-12 22:57:18,275 - MainApp - INFO - 视频处理进度: 44.0% (660/1500)
2025-05-12 22:57:19,058 - MainApp - INFO - 视频处理进度: 46.0% (690/1500)
2025-05-12 22:57:19,844 - MainApp - INFO - 视频处理进度: 48.0% (720/1500)
2025-05-12 22:57:20,639 - MainApp - INFO - 视频处理进度: 50.0% (750/1500)
2025-05-12 22:57:21,429 - MainApp - INFO - 视频处理进度: 52.0% (780/1500)
2025-05-12 22:57:22,227 - MainApp - INFO - 视频处理进度: 54.0% (810/1500)
2025-05-12 22:57:23,044 - MainApp - INFO - 视频处理进度: 56.0% (840/1500)
2025-05-12 22:57:23,843 - MainApp - INFO - 视频处理进度: 58.0% (870/1500)
2025-05-12 22:57:24,640 - MainApp - INFO - 视频处理进度: 60.0% (900/1500)
2025-05-12 22:57:25,439 - MainApp - INFO - 视频处理进度: 62.0% (930/1500)
2025-05-12 22:57:26,226 - MainApp - INFO - 视频处理进度: 64.0% (960/1500)
2025-05-12 22:57:27,005 - MainApp - INFO - 视频处理进度: 66.0% (990/1500)
2025-05-12 22:57:27,790 - MainApp - INFO - 视频处理进度: 68.0% (1020/1500)
2025-05-12 22:57:28,574 - MainApp - INFO - 视频处理进度: 70.0% (1050/1500)
2025-05-12 22:57:29,379 - MainApp - INFO - 视频处理进度: 72.0% (1080/1500)
2025-05-12 22:57:30,186 - MainApp - INFO - 视频处理进度: 74.0% (1110/1500)
2025-05-12 22:57:30,984 - MainApp - INFO - 视频处理进度: 76.0% (1140/1500)
2025-05-12 22:57:31,769 - MainApp - INFO - 视频处理进度: 78.0% (1170/1500)
2025-05-12 22:57:32,550 - MainApp - INFO - 视频处理进度: 80.0% (1200/1500)
2025-05-12 22:57:33,344 - MainApp - INFO - 视频处理进度: 82.0% (1230/1500)
2025-05-12 22:57:34,148 - MainApp - INFO - 视频处理进度: 84.0% (1260/1500)
2025-05-12 22:57:34,935 - MainApp - INFO - 视频处理进度: 86.0% (1290/1500)
2025-05-12 22:57:35,719 - MainApp - INFO - 视频处理进度: 88.0% (1320/1500)
2025-05-12 22:57:36,504 - MainApp - INFO - 视频处理进度: 90.0% (1350/1500)
2025-05-12 22:57:37,288 - MainApp - INFO - 视频处理进度: 92.0% (1380/1500)
2025-05-12 22:57:38,072 - MainApp - INFO - 视频处理进度: 94.0% (1410/1500)
2025-05-12 22:57:38,862 - MainApp - INFO - 视频处理进度: 96.0% (1440/1500)
2025-05-12 22:57:39,653 - MainApp - INFO - 视频处理进度: 98.0% (1470/1500)
2025-05-12 22:57:40,449 - MainApp - INFO - 视频处理进度: 100.0% (1500/1500)
2025-05-12 22:57:40,453 - MainApp - INFO - 视频处理完成，共处理 1500/1500 帧，错误帧: 0
2025-05-12 22:57:51,275 - MainApp - INFO - 应用程序关闭
