2025-04-28 12:49:09,108 - MainApp - INFO - 日志记录已启动，日志文件：d:\Github\Infrared-Small-Target-Detection\logs\MainApp_20250428_124909.log
2025-04-28 12:49:09,108 - MainApp - INFO - OpenCV 版本: 4.11.0
2025-04-28 12:49:09,108 - MainApp - INFO - OpenCV 路径: C:\Users\Nero\.conda\envs\Infrared-Small-Target-Detection\lib\site-packages\cv2\__init__.py
2025-04-28 12:49:09,873 - MainApp - INFO - 创建预测结果目录: d:\Github\Infrared-Small-Target-Detection\predicts
2025-04-28 12:49:09,892 - MainApp - INFO - 使用设备: cuda
2025-04-28 12:49:09,898 - MainApp - INFO - 切换到图像模式
2025-04-28 12:49:09,902 - MainApp - INFO - 开始加载模型: D:/Github/Infrared-Small-Target-Detection/result/NUDT-SIRST_DNANet_21_02_2025_23_09_23_wDS/mIoU__DNANet_NUDT-SIRST_epoch.pth.tar
2025-04-28 12:49:10,120 - MainApp - INFO - 更新模型路径: D:/Github/Infrared-Small-Target-Detection/result/NUDT-SIRST_DNANet_21_02_2025_23_09_23_wDS/mIoU__DNANet_NUDT-SIRST_epoch.pth.tar
2025-04-28 12:49:10,120 - MainApp - INFO - 模型加载成功: D:/Github/Infrared-Small-Target-Detection/result/NUDT-SIRST_DNANet_21_02_2025_23_09_23_wDS/mIoU__DNANet_NUDT-SIRST_epoch.pth.tar
2025-04-28 12:49:17,343 - MainApp - INFO - 选择图片: D:/Github/Infrared-Small-Target-Detection/dataset/NUDT-SIRST/images/Misc_125.png
2025-04-28 12:49:17,358 - MainApp - INFO - 找到真实标签: d:\Github\Infrared-Small-Target-Detection\dataset\NUDT-SIRST\masks\Misc_125.png
2025-04-28 12:49:18,897 - MainApp - INFO - 开始检测图像: D:/Github/Infrared-Small-Target-Detection/dataset/NUDT-SIRST/images/Misc_125.png
2025-04-28 12:49:19,086 - MainApp - INFO - 图像检测完成: D:/Github/Infrared-Small-Target-Detection/dataset/NUDT-SIRST/images/Misc_125.png
2025-04-28 12:49:26,136 - MainApp - INFO - 保存检测结果到目录: d:\Github\Infrared-Small-Target-Detection\predicts\images
2025-04-28 12:49:26,149 - MainApp - INFO - 预测掩码已保存: d:\Github\Infrared-Small-Target-Detection\predicts\images\Misc_125_mask_20250428_124926.png
2025-04-28 12:49:26,149 - MainApp - INFO - 标注结果已保存: d:\Github\Infrared-Small-Target-Detection\predicts\images\Misc_125_result_20250428_124926.png
2025-04-28 12:49:30,609 - MainApp - INFO - 切换到视频模式
2025-04-28 12:49:30,616 - MainApp - INFO - 视频模式初始化，使用设备：cuda
2025-04-28 12:49:30,621 - MainApp - INFO - 开始加载模型: D:/Github/Infrared-Small-Target-Detection/result/NUDT-SIRST_DNANet_21_02_2025_23_09_23_wDS/mIoU__DNANet_NUDT-SIRST_epoch.pth.tar
2025-04-28 12:49:30,737 - MainApp - INFO - 更新模型路径: D:/Github/Infrared-Small-Target-Detection/result/NUDT-SIRST_DNANet_21_02_2025_23_09_23_wDS/mIoU__DNANet_NUDT-SIRST_epoch.pth.tar
2025-04-28 12:49:30,737 - MainApp - INFO - 模型加载成功: D:/Github/Infrared-Small-Target-Detection/result/NUDT-SIRST_DNANet_21_02_2025_23_09_23_wDS/mIoU__DNANet_NUDT-SIRST_epoch.pth.tar
2025-04-28 12:49:42,264 - MainApp - INFO - 选择视频文件: D:/Github/Infrared-Small-Target-Detection/dataset/Anti-UAV410/20190925_200805_1_9.mp4
2025-04-28 12:49:42,265 - MainApp - INFO - 开始加载视频: D:/Github/Infrared-Small-Target-Detection/dataset/Anti-UAV410/20190925_200805_1_9.mp4
2025-04-28 12:49:42,269 - MainApp - INFO - 视频信息 - 帧数: 475, FPS: 25.0, 分辨率: 640x512
2025-04-28 12:49:42,892 - MainApp - INFO - 停止视频播放
2025-04-28 12:49:42,892 - MainApp - INFO - 开始处理视频: D:/Github/Infrared-Small-Target-Detection/dataset/Anti-UAV410/20190925_200805_1_9.mp4
2025-04-28 12:49:42,893 - MainApp - INFO - 视频处理线程启动，处理视频: D:/Github/Infrared-Small-Target-Detection/dataset/Anti-UAV410/20190925_200805_1_9.mp4
2025-04-28 12:49:42,896 - MainApp - INFO - 创建临时目录: C:\Users\Nero\AppData\Local\Temp\tmp1ofkclki
2025-04-28 12:49:42,896 - MainApp - INFO - 临时标签视频路径: C:\Users\Nero\AppData\Local\Temp\tmp1ofkclki\temp_label.mp4
2025-04-28 12:49:42,896 - MainApp - INFO - 临时结果视频路径: C:\Users\Nero\AppData\Local\Temp\tmp1ofkclki\temp_result.mp4
2025-04-28 12:49:43,741 - MainApp - INFO - 视频处理进度: 6.3% (30/475)
2025-04-28 12:49:44,532 - MainApp - INFO - 视频处理进度: 12.6% (60/475)
2025-04-28 12:49:45,318 - MainApp - INFO - 视频处理进度: 18.9% (90/475)
2025-04-28 12:49:46,102 - MainApp - INFO - 视频处理进度: 25.3% (120/475)
2025-04-28 12:49:46,880 - MainApp - INFO - 视频处理进度: 31.6% (150/475)
2025-04-28 12:49:47,670 - MainApp - INFO - 视频处理进度: 37.9% (180/475)
2025-04-28 12:49:48,457 - MainApp - INFO - 视频处理进度: 44.2% (210/475)
2025-04-28 12:49:49,236 - MainApp - INFO - 视频处理进度: 50.5% (240/475)
2025-04-28 12:49:50,004 - MainApp - INFO - 视频处理进度: 56.8% (270/475)
2025-04-28 12:49:50,782 - MainApp - INFO - 视频处理进度: 63.2% (300/475)
2025-04-28 12:49:51,564 - MainApp - INFO - 视频处理进度: 69.5% (330/475)
2025-04-28 12:49:52,344 - MainApp - INFO - 视频处理进度: 75.8% (360/475)
2025-04-28 12:49:53,131 - MainApp - INFO - 视频处理进度: 82.1% (390/475)
2025-04-28 12:49:53,917 - MainApp - INFO - 视频处理进度: 88.4% (420/475)
2025-04-28 12:49:54,699 - MainApp - INFO - 视频处理进度: 94.7% (450/475)
2025-04-28 12:49:55,361 - MainApp - INFO - 视频处理进度: 100.0% (475/475)
2025-04-28 12:49:55,365 - MainApp - INFO - 视频处理完成，共处理 475/475 帧，错误帧: 0
2025-04-28 12:49:58,512 - MainApp - INFO - 开始保存处理结果到: d:\Github\Infrared-Small-Target-Detection\predicts\videos
2025-04-28 12:49:58,516 - MainApp - INFO - 保存掩码视频到: d:\Github\Infrared-Small-Target-Detection\predicts\videos\20190925_200805_1_9_mask_20250428_124958.mp4
2025-04-28 12:49:58,516 - MainApp - INFO - 保存结果视频到: d:\Github\Infrared-Small-Target-Detection\predicts\videos\20190925_200805_1_9_result_20250428_124958.mp4
2025-04-28 12:50:00,034 - MainApp - INFO - 开始播放处理后的视频
2025-04-28 12:50:27,703 - MainApp - INFO - 播放结束，重新开始
2025-04-28 12:50:30,055 - MainApp - INFO - 停止视频播放
2025-04-28 12:50:31,161 - MainApp - INFO - 应用程序关闭
