2025-05-13 18:04:33,107 - MainApp - INFO - 日志记录已启动，日志文件：d:\Github\Infrared-Small-Target-Detection\logs\MainApp_20250513_180433.log
2025-05-13 18:04:33,107 - MainApp - INFO - OpenCV 版本: 4.11.0
2025-05-13 18:04:33,108 - MainApp - INFO - OpenCV 路径: C:\Users\Nero\.conda\envs\Infrared-Small-Target-Detection\lib\site-packages\cv2\__init__.py
2025-05-13 18:04:33,968 - MainApp - INFO - 创建预测结果目录: d:\Github\Infrared-Small-Target-Detection\predicts
2025-05-13 18:04:33,990 - MainApp - INFO - 使用设备: cuda
2025-05-13 18:04:34,034 - MainApp - INFO - 切换到图像模式
2025-05-13 18:04:34,054 - MainApp - INFO - 开始加载模型: D:/Github/Infrared-Small-Target-Detection/result/NUDT-SIRST_DNANet_21_02_2025_23_09_23_wDS/mIoU__DNANet_NUDT-SIRST_epoch.pth.tar
2025-05-13 18:04:34,269 - MainApp - INFO - 更新模型路径: D:/Github/Infrared-Small-Target-Detection/result/NUDT-SIRST_DNANet_21_02_2025_23_09_23_wDS/mIoU__DNANet_NUDT-SIRST_epoch.pth.tar
2025-05-13 18:04:34,269 - MainApp - INFO - 模型加载成功: D:/Github/Infrared-Small-Target-Detection/result/NUDT-SIRST_DNANet_21_02_2025_23_09_23_wDS/mIoU__DNANet_NUDT-SIRST_epoch.pth.tar
2025-05-13 19:23:02,669 - MainApp - INFO - 用户打开日志文件: d:\Github\Infrared-Small-Target-Detection\logs\MainApp_20250513_180433.log
2025-05-13 19:27:01,340 - MainApp - INFO - 用户打开日志文件: d:\Github\Infrared-Small-Target-Detection\logs\MainApp_20250513_180433.log
2025-05-13 19:29:11,498 - MainApp - INFO - 选择图片: D:/Github/Infrared-Small-Target-Detection/dataset/NUDT-SIRST/images/Misc_303.png
2025-05-13 19:29:11,515 - MainApp - INFO - 找到真实标签: d:\Github\Infrared-Small-Target-Detection\dataset\NUDT-SIRST\masks\Misc_303.png
2025-05-13 19:29:13,074 - MainApp - INFO - 开始检测图像: D:/Github/Infrared-Small-Target-Detection/dataset/NUDT-SIRST/images/Misc_303.png
2025-05-13 19:29:13,280 - MainApp - INFO - 图像检测完成: D:/Github/Infrared-Small-Target-Detection/dataset/NUDT-SIRST/images/Misc_303.png
2025-05-13 19:31:11,312 - MainApp - INFO - 切换到视频模式
2025-05-13 19:31:11,320 - MainApp - INFO - 视频模式初始化，使用设备：cuda
2025-05-13 19:31:11,324 - MainApp - INFO - 开始加载模型: D:/Github/Infrared-Small-Target-Detection/result/NUDT-SIRST_DNANet_21_02_2025_23_09_23_wDS/mIoU__DNANet_NUDT-SIRST_epoch.pth.tar
2025-05-13 19:31:11,453 - MainApp - INFO - 更新模型路径: D:/Github/Infrared-Small-Target-Detection/result/NUDT-SIRST_DNANet_21_02_2025_23_09_23_wDS/mIoU__DNANet_NUDT-SIRST_epoch.pth.tar
2025-05-13 19:31:11,454 - MainApp - INFO - 模型加载成功: D:/Github/Infrared-Small-Target-Detection/result/NUDT-SIRST_DNANet_21_02_2025_23_09_23_wDS/mIoU__DNANet_NUDT-SIRST_epoch.pth.tar
2025-05-13 19:32:22,966 - MainApp - INFO - 选择视频文件: D:/Github/Infrared-Small-Target-Detection/dataset/Anti-UAV410/3700000000002_133828_2.mp4
2025-05-13 19:32:22,967 - MainApp - INFO - 开始加载视频: D:/Github/Infrared-Small-Target-Detection/dataset/Anti-UAV410/3700000000002_133828_2.mp4
2025-05-13 19:32:22,972 - MainApp - INFO - 视频信息 - 帧数: 1500, FPS: 25.0, 分辨率: 640x512
2025-05-13 19:32:23,914 - MainApp - INFO - 停止视频播放
2025-05-13 19:32:23,914 - MainApp - INFO - 开始处理视频: D:/Github/Infrared-Small-Target-Detection/dataset/Anti-UAV410/3700000000002_133828_2.mp4
2025-05-13 19:32:23,915 - MainApp - INFO - 视频处理线程启动，处理视频: D:/Github/Infrared-Small-Target-Detection/dataset/Anti-UAV410/3700000000002_133828_2.mp4
2025-05-13 19:32:23,916 - MainApp - INFO - 创建临时目录: C:\Users\Nero\AppData\Local\Temp\tmpz3olo1tw
2025-05-13 19:32:23,917 - MainApp - INFO - 临时标签视频路径: C:\Users\Nero\AppData\Local\Temp\tmpz3olo1tw\temp_label.mp4
2025-05-13 19:32:23,917 - MainApp - INFO - 临时结果视频路径: C:\Users\Nero\AppData\Local\Temp\tmpz3olo1tw\temp_result.mp4
2025-05-13 19:32:24,861 - MainApp - INFO - 视频处理进度: 2.0% (30/1500)
2025-05-13 19:32:25,761 - MainApp - INFO - 视频处理进度: 4.0% (60/1500)
2025-05-13 19:32:26,649 - MainApp - INFO - 视频处理进度: 6.0% (90/1500)
2025-05-13 19:32:27,553 - MainApp - INFO - 视频处理进度: 8.0% (120/1500)
2025-05-13 19:32:28,447 - MainApp - INFO - 视频处理进度: 10.0% (150/1500)
2025-05-13 19:32:29,345 - MainApp - INFO - 视频处理进度: 12.0% (180/1500)
2025-05-13 19:32:30,229 - MainApp - INFO - 视频处理进度: 14.0% (210/1500)
2025-05-13 19:32:31,121 - MainApp - INFO - 视频处理进度: 16.0% (240/1500)
2025-05-13 19:32:32,010 - MainApp - INFO - 视频处理进度: 18.0% (270/1500)
2025-05-13 19:32:32,904 - MainApp - INFO - 视频处理进度: 20.0% (300/1500)
2025-05-13 19:32:33,855 - MainApp - INFO - 视频处理进度: 22.0% (330/1500)
2025-05-13 19:32:34,750 - MainApp - INFO - 视频处理进度: 24.0% (360/1500)
2025-05-13 19:32:35,652 - MainApp - INFO - 视频处理进度: 26.0% (390/1500)
2025-05-13 19:32:36,544 - MainApp - INFO - 视频处理进度: 28.0% (420/1500)
2025-05-13 19:32:37,448 - MainApp - INFO - 视频处理进度: 30.0% (450/1500)
2025-05-13 19:32:38,345 - MainApp - INFO - 视频处理进度: 32.0% (480/1500)
2025-05-13 19:32:39,238 - MainApp - INFO - 视频处理进度: 34.0% (510/1500)
2025-05-13 19:32:40,134 - MainApp - INFO - 视频处理进度: 36.0% (540/1500)
2025-05-13 19:32:41,036 - MainApp - INFO - 视频处理进度: 38.0% (570/1500)
2025-05-13 19:32:41,935 - MainApp - INFO - 视频处理进度: 40.0% (600/1500)
2025-05-13 19:32:42,848 - MainApp - INFO - 视频处理进度: 42.0% (630/1500)
2025-05-13 19:32:43,743 - MainApp - INFO - 视频处理进度: 44.0% (660/1500)
2025-05-13 19:32:44,632 - MainApp - INFO - 视频处理进度: 46.0% (690/1500)
2025-05-13 19:32:45,527 - MainApp - INFO - 视频处理进度: 48.0% (720/1500)
2025-05-13 19:32:46,416 - MainApp - INFO - 视频处理进度: 50.0% (750/1500)
2025-05-13 19:32:47,310 - MainApp - INFO - 视频处理进度: 52.0% (780/1500)
2025-05-13 19:32:48,219 - MainApp - INFO - 视频处理进度: 54.0% (810/1500)
2025-05-13 19:32:49,139 - MainApp - INFO - 视频处理进度: 56.0% (840/1500)
2025-05-13 19:32:50,041 - MainApp - INFO - 视频处理进度: 58.0% (870/1500)
2025-05-13 19:32:50,938 - MainApp - INFO - 视频处理进度: 60.0% (900/1500)
2025-05-13 19:32:51,863 - MainApp - INFO - 视频处理进度: 62.0% (930/1500)
2025-05-13 19:32:52,783 - MainApp - INFO - 视频处理进度: 64.0% (960/1500)
2025-05-13 19:32:53,700 - MainApp - INFO - 视频处理进度: 66.0% (990/1500)
2025-05-13 19:32:54,631 - MainApp - INFO - 视频处理进度: 68.0% (1020/1500)
2025-05-13 19:32:55,551 - MainApp - INFO - 视频处理进度: 70.0% (1050/1500)
2025-05-13 19:32:56,447 - MainApp - INFO - 视频处理进度: 72.0% (1080/1500)
2025-05-13 19:32:57,334 - MainApp - INFO - 视频处理进度: 74.0% (1110/1500)
2025-05-13 19:32:58,223 - MainApp - INFO - 视频处理进度: 76.0% (1140/1500)
2025-05-13 19:32:59,122 - MainApp - INFO - 视频处理进度: 78.0% (1170/1500)
2025-05-13 19:33:00,034 - MainApp - INFO - 视频处理进度: 80.0% (1200/1500)
2025-05-13 19:33:00,933 - MainApp - INFO - 视频处理进度: 82.0% (1230/1500)
2025-05-13 19:33:01,835 - MainApp - INFO - 视频处理进度: 84.0% (1260/1500)
2025-05-13 19:33:02,737 - MainApp - INFO - 视频处理进度: 86.0% (1290/1500)
2025-05-13 19:33:03,621 - MainApp - INFO - 视频处理进度: 88.0% (1320/1500)
2025-05-13 19:33:04,523 - MainApp - INFO - 视频处理进度: 90.0% (1350/1500)
2025-05-13 19:33:05,412 - MainApp - INFO - 视频处理进度: 92.0% (1380/1500)
2025-05-13 19:33:06,303 - MainApp - INFO - 视频处理进度: 94.0% (1410/1500)
2025-05-13 19:33:07,210 - MainApp - INFO - 视频处理进度: 96.0% (1440/1500)
2025-05-13 19:33:08,134 - MainApp - INFO - 视频处理进度: 98.0% (1470/1500)
2025-05-13 19:33:09,082 - MainApp - INFO - 视频处理进度: 100.0% (1500/1500)
2025-05-13 19:33:09,086 - MainApp - INFO - 视频处理完成，共处理 1500/1500 帧，错误帧: 0
2025-05-13 19:33:24,217 - MainApp - INFO - 选择视频文件: D:/Github/Infrared-Small-Target-Detection/dataset/Anti-UAV410/3700000000002_130905_1.mp4
2025-05-13 19:33:24,218 - MainApp - INFO - 开始加载视频: D:/Github/Infrared-Small-Target-Detection/dataset/Anti-UAV410/3700000000002_130905_1.mp4
2025-05-13 19:33:24,226 - MainApp - INFO - 视频信息 - 帧数: 1500, FPS: 25.0, 分辨率: 640x512
2025-05-13 19:33:25,085 - MainApp - INFO - 停止视频播放
2025-05-13 19:33:25,085 - MainApp - INFO - 开始处理视频: D:/Github/Infrared-Small-Target-Detection/dataset/Anti-UAV410/3700000000002_130905_1.mp4
2025-05-13 19:33:25,086 - MainApp - INFO - 视频处理线程启动，处理视频: D:/Github/Infrared-Small-Target-Detection/dataset/Anti-UAV410/3700000000002_130905_1.mp4
2025-05-13 19:33:25,087 - MainApp - INFO - 创建临时目录: C:\Users\Nero\AppData\Local\Temp\tmp7dedveiq
2025-05-13 19:33:25,087 - MainApp - INFO - 临时标签视频路径: C:\Users\Nero\AppData\Local\Temp\tmp7dedveiq\temp_label.mp4
2025-05-13 19:33:25,087 - MainApp - INFO - 临时结果视频路径: C:\Users\Nero\AppData\Local\Temp\tmp7dedveiq\temp_result.mp4
2025-05-13 19:33:26,018 - MainApp - INFO - 视频处理进度: 2.0% (30/1500)
2025-05-13 19:33:26,907 - MainApp - INFO - 视频处理进度: 4.0% (60/1500)
2025-05-13 19:33:27,799 - MainApp - INFO - 视频处理进度: 6.0% (90/1500)
2025-05-13 19:33:28,692 - MainApp - INFO - 视频处理进度: 8.0% (120/1500)
2025-05-13 19:33:29,607 - MainApp - INFO - 视频处理进度: 10.0% (150/1500)
2025-05-13 19:33:30,509 - MainApp - INFO - 视频处理进度: 12.0% (180/1500)
2025-05-13 19:33:31,407 - MainApp - INFO - 视频处理进度: 14.0% (210/1500)
2025-05-13 19:33:32,295 - MainApp - INFO - 视频处理进度: 16.0% (240/1500)
2025-05-13 19:33:33,226 - MainApp - INFO - 视频处理进度: 18.0% (270/1500)
2025-05-13 19:33:34,112 - MainApp - INFO - 视频处理进度: 20.0% (300/1500)
2025-05-13 19:33:35,005 - MainApp - INFO - 视频处理进度: 22.0% (330/1500)
2025-05-13 19:33:35,900 - MainApp - INFO - 视频处理进度: 24.0% (360/1500)
2025-05-13 19:33:36,793 - MainApp - INFO - 视频处理进度: 26.0% (390/1500)
2025-05-13 19:33:37,715 - MainApp - INFO - 视频处理进度: 28.0% (420/1500)
2025-05-13 19:33:38,598 - MainApp - INFO - 视频处理进度: 30.0% (450/1500)
2025-05-13 19:33:39,499 - MainApp - INFO - 视频处理进度: 32.0% (480/1500)
2025-05-13 19:33:40,425 - MainApp - INFO - 视频处理进度: 34.0% (510/1500)
2025-05-13 19:33:41,316 - MainApp - INFO - 视频处理进度: 36.0% (540/1500)
2025-05-13 19:33:42,207 - MainApp - INFO - 视频处理进度: 38.0% (570/1500)
2025-05-13 19:33:43,103 - MainApp - INFO - 视频处理进度: 40.0% (600/1500)
2025-05-13 19:33:44,003 - MainApp - INFO - 视频处理进度: 42.0% (630/1500)
2025-05-13 19:33:44,880 - MainApp - INFO - 视频处理进度: 44.0% (660/1500)
2025-05-13 19:33:45,771 - MainApp - INFO - 视频处理进度: 46.0% (690/1500)
2025-05-13 19:33:46,683 - MainApp - INFO - 视频处理进度: 48.0% (720/1500)
2025-05-13 19:33:47,606 - MainApp - INFO - 视频处理进度: 50.0% (750/1500)
2025-05-13 19:33:48,504 - MainApp - INFO - 视频处理进度: 52.0% (780/1500)
2025-05-13 19:33:49,437 - MainApp - INFO - 视频处理进度: 54.0% (810/1500)
2025-05-13 19:33:50,345 - MainApp - INFO - 视频处理进度: 56.0% (840/1500)
2025-05-13 19:33:51,243 - MainApp - INFO - 视频处理进度: 58.0% (870/1500)
2025-05-13 19:33:52,143 - MainApp - INFO - 视频处理进度: 60.0% (900/1500)
2025-05-13 19:33:53,048 - MainApp - INFO - 视频处理进度: 62.0% (930/1500)
2025-05-13 19:33:53,928 - MainApp - INFO - 视频处理进度: 64.0% (960/1500)
2025-05-13 19:33:54,844 - MainApp - INFO - 视频处理进度: 66.0% (990/1500)
2025-05-13 19:33:55,729 - MainApp - INFO - 视频处理进度: 68.0% (1020/1500)
2025-05-13 19:33:56,612 - MainApp - INFO - 视频处理进度: 70.0% (1050/1500)
2025-05-13 19:33:57,496 - MainApp - INFO - 视频处理进度: 72.0% (1080/1500)
2025-05-13 19:33:58,368 - MainApp - INFO - 视频处理进度: 74.0% (1110/1500)
2025-05-13 19:33:59,247 - MainApp - INFO - 视频处理进度: 76.0% (1140/1500)
2025-05-13 19:34:00,124 - MainApp - INFO - 视频处理进度: 78.0% (1170/1500)
2025-05-13 19:34:01,005 - MainApp - INFO - 视频处理进度: 80.0% (1200/1500)
2025-05-13 19:34:01,886 - MainApp - INFO - 视频处理进度: 82.0% (1230/1500)
2025-05-13 19:34:02,771 - MainApp - INFO - 视频处理进度: 84.0% (1260/1500)
2025-05-13 19:34:03,656 - MainApp - INFO - 视频处理进度: 86.0% (1290/1500)
2025-05-13 19:34:04,545 - MainApp - INFO - 视频处理进度: 88.0% (1320/1500)
2025-05-13 19:34:05,425 - MainApp - INFO - 视频处理进度: 90.0% (1350/1500)
2025-05-13 19:34:06,310 - MainApp - INFO - 视频处理进度: 92.0% (1380/1500)
2025-05-13 19:34:07,199 - MainApp - INFO - 视频处理进度: 94.0% (1410/1500)
2025-05-13 19:34:08,077 - MainApp - INFO - 视频处理进度: 96.0% (1440/1500)
2025-05-13 19:34:08,951 - MainApp - INFO - 视频处理进度: 98.0% (1470/1500)
2025-05-13 19:34:09,832 - MainApp - INFO - 视频处理进度: 100.0% (1500/1500)
2025-05-13 19:34:09,836 - MainApp - INFO - 视频处理完成，共处理 1500/1500 帧，错误帧: 0
2025-05-13 19:35:43,627 - MainApp - INFO - 开始播放处理后的视频
2025-05-13 19:35:44,694 - MainApp - INFO - 停止视频播放
2025-05-13 19:44:31,499 - MainApp - INFO - 应用程序关闭
