01/04/2025 13:13:21-0
Recall-----:   0.99999996      0.34698922      0.33957265      0.33494613      0.33116721      0.32798869      0.32477484      0.32106656      0.31689916      0.31057742      0.0   
Precision--:   0.00065068      0.19929814      0.20672529      0.21180989      0.21598525      0.21960274      0.22301442      0.22681003      0.23138812      0.23910383      0.0   
01/04/2025 13:13:40-1
Recall-----:   0.99999998      0.4181176      0.40598622      0.39763376      0.39118841      0.38585555      0.38043439      0.37390075      0.36659014      0.35534169      0.0   
Precision--:   0.00065068      0.29299016      0.30427474      0.3110221      0.31672028      0.32190156      0.32666181      0.33163656      0.33751158      0.34686454      0.0   
01/04/2025 13:14:00-2
Recall-----:   0.99999999      0.43063158      0.41871799      0.41083053      0.40429689      0.39871681      0.39318382      0.38662664      0.37928071      0.36837954      0.0   
Precision--:   0.00065068      0.34764262      0.35996721      0.36747501      0.37357365      0.37901745      0.38413056      0.38942775      0.39587147      0.40626825      0.0   
01/04/2025 13:14:19-3
Recall-----:   0.99999999      0.47766201      0.46638707      0.4591206      0.45294896      0.44766025      0.44245099      0.43621755      0.42901289      0.41817941      0.0   
Precision--:   0.00065068      0.36573329      0.37848314      0.38666309      0.39306894      0.39872288      0.4041877      0.40985864      0.41692765      0.42770709      0.0   
01/04/2025 13:14:38-4
Recall-----:   0.99999999      0.49892283      0.48755783      0.48020484      0.47403143      0.46854317      0.46316793      0.45680381      0.44919654      0.43805756      0.0   
Precision--:   0.00065068      0.39432256      0.40749989      0.41585872      0.42257343      0.42835371      0.43396801      0.43988273      0.44707759      0.45827914      0.0   
01/04/2025 13:14:58-5
Recall-----:   0.99999999      0.50335511      0.49166519      0.48420743      0.47783271      0.47224086      0.46667844      0.46020366      0.45236329      0.44093237      0.0   
Precision--:   0.00065068      0.4217527      0.43504234      0.44358048      0.45037143      0.45619911      0.46184764      0.46783989      0.4750666      0.48624544      0.0   
01/04/2025 13:15:17-6
Recall-----:   0.99999999      0.53881082      0.52717136      0.51970434      0.51337252      0.50785298      0.5022174      0.49571403      0.48783835      0.47619384      0.0   
Precision--:   0.00065068      0.44957987      0.46346418      0.47236208      0.47940165      0.48556695      0.49149747      0.4978213      0.505513      0.51729732      0.0   
01/04/2025 13:15:37-7
Recall-----:   1.0      0.56536288      0.5541056      0.54670669      0.54051739      0.53501677      0.5294102      0.52301342      0.51531873      0.50366413      0.0   
Precision--:   0.00065068      0.4700929      0.48417098      0.49308981      0.50025945      0.50651999      0.51251346      0.5188697      0.52687167      0.53873977      0.0   
01/04/2025 13:15:56-8
Recall-----:   1.0      0.58176467      0.57067122      0.56344301      0.55728608      0.5517374      0.54619263      0.53991406      0.53236015      0.5207291      0.0   
Precision--:   0.00065068      0.49210332      0.50647075      0.51568403      0.523058      0.52948464      0.53566164      0.54222693      0.55049058      0.56269585      0.0   
01/04/2025 13:16:16-9
Recall-----:   1.0      0.60484195      0.59391842      0.58682324      0.58082995      0.57541232      0.56996998      0.56379304      0.55637648      0.54495497      0.0   
Precision--:   0.00065068      0.50767165      0.52233386      0.53170199      0.53928509      0.5458517      0.55221485      0.55895658      0.56742641      0.57999864      0.0   
01/04/2025 13:16:35-10
Recall-----:   1.0      0.62213411      0.61158396      0.60472284      0.59890517      0.593659      0.58840319      0.58240573      0.57515933      0.56398311      0.0   
Precision--:   0.00065068      0.52192357      0.53639725      0.54564469      0.55312146      0.55962156      0.56593233      0.57257074      0.58092069      0.59331302      0.0   
01/04/2025 13:16:54-11
Recall-----:   1.0      0.63306257      0.62260286      0.61581023      0.61002119      0.60478545      0.59959974      0.5936194      0.58643828      0.57533404      0.0   
Precision--:   0.00065068      0.53930821      0.55382102      0.56309525      0.57053006      0.57701639      0.58335314      0.59009046      0.59847902      0.61081861      0.0   
01/04/2025 13:17:14-12
Recall-----:   1.0      0.6508673      0.6407748      0.63416781      0.62848178      0.62341243      0.61843274      0.61258914      0.60554476      0.59477309      0.0   
Precision--:   0.00065068      0.54105795      0.55567701      0.56501712      0.57253554      0.5791401      0.58560742      0.59239497      0.60097656      0.61356362      0.0   
01/04/2025 13:17:33-13
Recall-----:   1.0      0.65952171      0.64956484      0.64304382      0.63741833      0.6323907      0.62743624      0.62160894      0.61466411      0.60404631      0.0   
Precision--:   0.00065068      0.55597236      0.57055554      0.57986447      0.58735376      0.59395257      0.60039057      0.60714145      0.61571565      0.62825178      0.0   
01/04/2025 13:17:52-14
Recall-----:   1.0      0.6700312      0.66024604      0.65387486      0.64832539      0.64336453      0.63845547      0.63271293      0.62586379      0.61534875      0.0   
Precision--:   0.00065068      0.56812174      0.58272015      0.59209283      0.59959411      0.60622121      0.61263182      0.61940675      0.62803153      0.64057039      0.0   
01/04/2025 13:18:12-15
Recall-----:   1.0      0.68037701      0.67077741      0.66453735      0.65908529      0.6541983      0.64935988      0.64375552      0.63702322      0.62671949      0.0   
Precision--:   0.00065068      0.57856387      0.59306639      0.60236253      0.60979206      0.61638064      0.62273844      0.62947886      0.63804992      0.6504912      0.0   
01/04/2025 13:18:31-16
Recall-----:   1.0      0.68744689      0.67804011      0.67190535      0.66651432      0.66173406      0.65696627      0.65143813      0.64482347      0.6347519      0.0   
Precision--:   0.00065068      0.58960328      0.60396303      0.61315702      0.62050932      0.62704904      0.63334708      0.64001282      0.64849737      0.66084209      0.0   
01/04/2025 13:18:51-17
Recall-----:   1.0      0.69545      0.68618518      0.68010085      0.67479349      0.67006298      0.66537956      0.65993486      0.65337767      0.64343399      0.0   
Precision--:   0.00065068      0.59794023      0.61229142      0.62145261      0.62879166      0.63529957      0.64154884      0.64820118      0.65663722      0.66897929      0.0   
01/04/2025 13:19:10-18
Recall-----:   1.0      0.69774622      0.6885099      0.68243167      0.67712483      0.67242395      0.66777326      0.66236419      0.65585286      0.64592507      0.0   
Precision--:   0.00065068      0.60749363      0.62174134      0.63082022      0.63809665      0.6445563      0.65074693      0.6573666      0.66572768      0.67799196      0.0   
01/04/2025 13:19:30-19
Recall-----:   1.0      0.70452587      0.6954547      0.68951086      0.68431043      0.67966625      0.67511213      0.66982695      0.663454      0.65364294      0.0   
Precision--:   0.00065069      0.61566962      0.62980305      0.63881513      0.64602251      0.65242965      0.65861364      0.6651697      0.67345172      0.68561871      0.0   
01/04/2025 13:19:49-20
Recall-----:   1.0      0.70943888      0.70044314      0.69457884      0.68942088      0.68480613      0.68029397      0.67505529      0.66872178      0.65893898      0.0   
Precision--:   0.00065069      0.62453623      0.63856236      0.6475372      0.65470144      0.6610593      0.66718731      0.67370587      0.68189488      0.69391387      0.0   
01/04/2025 13:20:08-21
Recall-----:   1.0      0.71396626      0.70506638      0.69929205      0.69419196      0.68963768      0.68519577      0.68002183      0.67379962      0.66416772      0.0   
Precision--:   0.00065069      0.62958349      0.64350128      0.65239205      0.65948014      0.66579876      0.67188491      0.67837743      0.68648841      0.69837867      0.0   
01/04/2025 13:20:28-22
Recall-----:   1.0      0.71892913      0.71018434      0.70449677      0.69947869      0.69499804      0.69065559      0.68556995      0.67943554      0.66993374      0.0   
Precision--:   0.00065069      0.63578922      0.64957423      0.65837716      0.66538128      0.6716567      0.67769066      0.68412028      0.69213045      0.70388362      0.0   
01/04/2025 13:20:47-23
Recall-----:   1.0      0.72390812      0.71530696      0.70969745      0.70477662      0.70036788      0.69607834      0.69106775      0.68504326      0.67566366      0.0   
Precision--:   0.00065069      0.64199256      0.65563011      0.66432681      0.67127416      0.67750908      0.68347416      0.68982425      0.697761      0.70935697      0.0   
01/04/2025 13:21:06-24
Recall-----:   1.0      0.7281003      0.71965389      0.71414445      0.70929754      0.70497475      0.70075366      0.69583189      0.68990429      0.68072047      0.0   
Precision--:   0.00065069      0.64726803      0.66075767      0.66935056      0.67619993      0.6823706      0.68826833      0.69455243      0.70240191      0.71389205      0.0   
01/04/2025 13:21:26-25
Recall-----:   1.0      0.72570124      0.71722653      0.71170893      0.70686779      0.70251973      0.69828848      0.69338078      0.68744346      0.67825018      0.0   
Precision--:   0.00065069      0.65344018      0.66681274      0.67532335      0.68209004      0.68818194      0.69399737      0.70023485      0.70799304      0.71933449      0.0   
01/04/2025 13:21:45-26
Recall-----:   1.0      0.73127579      0.72293445      0.7175231      0.71278409      0.70849635      0.70435118      0.69954153      0.69371816      0.68468224      0.0   
Precision--:   0.00065069      0.65764808      0.67087913      0.67931047      0.68600883      0.69204312      0.69779496      0.70396233      0.71164459      0.72286077      0.0   
01/04/2025 13:22:04-27
Recall-----:   1.0      0.73629575      0.72809213      0.72276431      0.71810499      0.71390101      0.70981181      0.70510204      0.69936177      0.69047072      0.0   
Precision--:   0.00065069      0.66166428      0.6747351      0.68305784      0.6896682      0.69562209      0.70129966      0.7073996      0.71499882      0.7260613      0.0   
01/04/2025 13:22:24-28
Recall-----:   1.0      0.73814172      0.73001029      0.72472736      0.7200984      0.71592004      0.71186102      0.70717361      0.70144739      0.69263519      0.0   
Precision--:   0.00065069      0.66716713      0.68013116      0.68839035      0.69493914      0.70083953      0.70648112      0.71252666      0.72005165      0.73102318      0.0   
01/04/2025 13:22:43-29
Recall-----:   1.0      0.74206251      0.73405027      0.7288575      0.72428395      0.72014127      0.71614221      0.71151451      0.70586733      0.69720054      0.0   
Precision--:   0.00065069      0.67053841      0.68338358      0.69156223      0.69805224      0.70391424      0.70951191      0.71551387      0.72299467      0.73385938      0.0   
01/04/2025 13:23:03-30
Recall-----:   1.0      0.74445666      0.73653996      0.73140419      0.72688818      0.72280052      0.7188473      0.71426749      0.7086931      0.70011563      0.0   
Precision--:   0.00065069      0.67529083      0.68799803      0.69607714      0.70249978      0.70830068      0.71384175      0.71979449      0.72719005      0.73793793      0.0   
01/04/2025 13:23:22-31
Recall-----:   1.0      0.74668572      0.73883984      0.73376413      0.72928439      0.72522404      0.72130938      0.71676011      0.711233      0.70272382      0.0   
Precision--:   0.00065069      0.68003675      0.69261959      0.70061837      0.70696545      0.71270792      0.71819904      0.72409149      0.73141621      0.74204635      0.0   
01/04/2025 13:23:41-32
Recall-----:   1.0      0.74951279      0.74172807      0.73669701      0.73226954      0.72825732      0.72437673      0.71986794      0.71438631      0.70594556      0.0   
Precision--:   0.00065069      0.68434712      0.69680536      0.7047154      0.71099734      0.71668778      0.72211933      0.72795069      0.73520976      0.74574547      0.0   
01/04/2025 13:24:01-33
Recall-----:   1.0      0.75227327      0.74456794      0.73958721      0.73523179      0.73126487      0.72743921      0.72297369      0.7175463      0.70918345      0.0   
Precision--:   0.00065069      0.68817638      0.70052559      0.70835149      0.71457127      0.72020788      0.72557836      0.73135298      0.73855426      0.74898579      0.0   
01/04/2025 13:24:20-34
Recall-----:   1.0      0.75602634      0.74844227      0.74352716      0.73924573      0.73532454      0.73155672      0.72714714      0.72179915      0.71353901      0.0   
Precision--:   0.00065069      0.68891733      0.7011634      0.70890268      0.7150787      0.72065938      0.72600159      0.73172418      0.7388718      0.749194      0.0   
01/04/2025 13:24:39-35
Recall-----:   1.0      0.75806698      0.75056998      0.7457031      0.74147586      0.73760178      0.73387094      0.72949948      0.72421273      0.71603194      0.0   
Precision--:   0.00065069      0.69165187      0.70376874      0.71140913      0.71752118      0.72303872      0.7283065      0.7339543      0.74099774      0.75117661      0.0   
01/04/2025 13:24:59-36
Recall-----:   1.0      0.76174408      0.7543657      0.74957978      0.74542096      0.74159909      0.73791468      0.73360696      0.72838482      0.72029246      0.0   
Precision--:   0.00065069      0.69226065      0.70430901      0.7119147      0.71798464      0.72347855      0.72872815      0.73434856      0.7413399      0.75143791      0.0   
01/04/2025 13:25:18-37
Recall-----:   1.0      0.76237163      0.7550164      0.75024304      0.7461063      0.74229207      0.73862004      0.73432159      0.72910862      0.72102382      0.0   
Precision--:   0.00065069      0.69578461      0.7077547      0.71530893      0.72133746      0.72678465      0.73199651      0.73757978      0.74451412      0.75452173      0.0   
01/04/2025 13:25:37-38
Recall-----:   1.0      0.76516751      0.757923      0.75322584      0.74915081      0.74539091      0.74177137      0.73753877      0.73240694      0.72443798      0.0   
Precision--:   0.00065069      0.69801136      0.70983749      0.71732407      0.72328055      0.72867078      0.73383221      0.73934716      0.74621856      0.756114      0.0   
01/04/2025 13:25:57-39
Recall-----:   1.0      0.76732121      0.76014392      0.75549091      0.75146124      0.74772912      0.74412326      0.7399276      0.73484814      0.72694067      0.0   
Precision--:   0.00065069      0.70091668      0.71265419      0.72009159      0.72601792      0.73136352      0.73648722      0.74196167      0.7487805      0.75861761      0.0   
01/04/2025 13:26:16-40
Recall-----:   1.0      0.76935865      0.76226855      0.75766529      0.75368481      0.74999203      0.74642674      0.74227484      0.73726414      0.7294634      0.0   
Precision--:   0.00065069      0.70404894      0.71566552      0.72303552      0.72890645      0.73419277      0.73927354      0.74469126      0.75144028      0.76120078      0.0   
01/04/2025 13:26:36-41
Recall-----:   1.0      0.77174811      0.76474525      0.76019777      0.75627255      0.75262228      0.74909143      0.74495514      0.73998301      0.7322528      0.0   
Precision--:   0.00065069      0.70631468      0.71785185      0.72518      0.73102123      0.73627022      0.74132122      0.74669563      0.75341129      0.7630847      0.0   
01/04/2025 13:26:55-42
Recall-----:   1.0      0.77357059      0.76665092      0.76215499      0.75827259      0.75466615      0.75116238      0.74707547      0.74215162      0.73449195      0.0   
Precision--:   0.00065069      0.7085494      0.71996298      0.72720391      0.73297607      0.7381747      0.74316518      0.7484857      0.75512819      0.76469094      0.0   
01/04/2025 13:27:14-43
Recall-----:   1.0      0.77606553      0.76924133      0.7647962      0.76096592      0.75739971      0.75394025      0.74989886      0.74503957      0.73746167      0.0   
Precision--:   0.00065069      0.71063211      0.72193317      0.72909241      0.73480772      0.73994723      0.74489173      0.75016199      0.7567295      0.76619666      0.0   
01/04/2025 13:27:34-44
Recall-----:   1.0      0.77802892      0.77127945      0.76686797      0.76308121      0.75954794      0.75612063      0.75211568      0.74728824      0.73975945      0.0   
Precision--:   0.00065069      0.71286961      0.72407767      0.73116625      0.7368313      0.74193153      0.74682875      0.75205312      0.75856756      0.7679472      0.0   
01/04/2025 13:27:53-45
Recall-----:   1.0      0.77969812      0.77300478      0.76862471      0.76485961      0.76135556      0.75795438      0.75398199      0.74919807      0.74172316      0.0   
Precision--:   0.00065069      0.71510737      0.72621447      0.73323817      0.73884471      0.74390102      0.7487571      0.7539351      0.76040012      0.76968556      0.0   
01/04/2025 13:28:13-46
Recall-----:   1.0      0.78198233      0.77537581      0.7710476      0.76732729      0.76387149      0.76051262      0.75658417      0.75185245      0.74446594      0.0   
Precision--:   0.00065069      0.71706077      0.72806644      0.73503236      0.74058766      0.74559583      0.7504052      0.75553218      0.76193134      0.77114174      0.0   
01/04/2025 13:28:32-47
Recall-----:   1.0      0.78387412      0.77733607      0.77305168      0.76936547      0.76595518      0.76262876      0.75875419      0.75406954      0.74676187      0.0   
Precision--:   0.00065069      0.71876379      0.72968019      0.73658965      0.742116      0.74708833      0.75186951      0.75696137      0.76332126      0.7724676      0.0   
01/04/2025 13:28:51-48
Recall-----:   1.0      0.78526057      0.77876585      0.77451989      0.7708635      0.76748388      0.76417201      0.76033472      0.75569018      0.74843794      0.0   
Precision--:   0.00065069      0.72108872      0.73191776      0.73876974      0.74424691      0.74917666      0.75391878      0.75897151      0.76527937      0.77435537      0.0   
01/04/2025 13:29:11-49
Recall-----:   1.0      0.78704008      0.78061098      0.77640332      0.77278404      0.76944305      0.7661621      0.76235917      0.75775172      0.75056684      0.0   
Precision--:   0.00065069      0.72299097      0.73373682      0.74053192      0.7459641      0.75085919      0.7555684      0.76058309      0.76683951      0.77585395      0.0   
01/04/2025 13:29:30-50
Recall-----:   1.0      0.78926364      0.78290728      0.77875165      0.77517217      0.77186068      0.76861152      0.76484161      0.76028849      0.75318424      0.0   
Precision--:   0.00065069      0.72403798      0.734681      0.74141067      0.74679822      0.75164424      0.75630948      0.76128734      0.76749057      0.7764426      0.0   
01/04/2025 13:29:50-51
Recall-----:   1.0      0.79040669      0.784106      0.7799746      0.77640555      0.77311428      0.76988413      0.76614325      0.76162132      0.75456404      0.0   
Precision--:   0.00065069      0.72641799      0.73697999      0.74366513      0.74901211      0.75381903      0.75845309      0.76339016      0.7695532      0.77844536      0.0   
01/04/2025 13:30:09-52
Recall-----:   1.0      0.7912194      0.78495164      0.78084221      0.77729985      0.77403869      0.77083418      0.7671239      0.76262998      0.75563189      0.0   
Precision--:   0.00065069      0.72864425      0.73911846      0.74575242      0.75105367      0.75581831      0.76041424      0.76530586      0.77141438      0.78023052      0.0   
01/04/2025 13:30:28-53
Recall-----:   1.0      0.79300724      0.78679407      0.78272215      0.779214      0.77598904      0.77282425      0.76914932      0.76470265      0.75776614      0.0   
Precision--:   0.00065069      0.73020523      0.74059646      0.74718212      0.75244314      0.75716405      0.76173065      0.76658436      0.77264533      0.78139593      0.0   
01/04/2025 13:30:48-54
Recall-----:   1.0      0.79477309      0.78861895      0.78458896      0.78110542      0.77791598      0.77478111      0.77113833      0.76673527      0.75986451      0.0   
Precision--:   0.00065069      0.73105847      0.74135225      0.74788768      0.75311027      0.75778936      0.7623241      0.76713597      0.77314703      0.78182484      0.0   
01/04/2025 13:31:07-55
Recall-----:   1.0      0.79642983      0.79032315      0.78633422      0.78287821      0.77971418      0.77659872      0.77298567      0.76861961      0.76180785      0.0   
Precision--:   0.00065069      0.73276508      0.74296501      0.74946052      0.75464723      0.75928964      0.76379147      0.76856662      0.77453595      0.78315744      0.0   
01/04/2025 13:31:27-56
Recall-----:   1.0      0.79784504      0.79177486      0.78781812      0.78438122      0.78124049      0.77813941      0.77455443      0.7702123      0.76344322      0.0   
Precision--:   0.00065069      0.73462418      0.74474568      0.75119961      0.75635139      0.76095671      0.7654256      0.77017092      0.77608794      0.78464827      0.0   
01/04/2025 13:31:46-57
Recall-----:   1.0      0.79919684      0.79317895      0.78925816      0.78585007      0.78273548      0.77966534      0.77611172      0.77179635      0.76508674      0.0   
Precision--:   0.00065069      0.73642616      0.74647682      0.75288625      0.75799711      0.76257197      0.76701816      0.77172368      0.77759278      0.78609235      0.0   
01/04/2025 13:32:05-58
Recall-----:   1.0      0.8006387      0.79468031      0.79078526      0.78740082      0.78431807      0.78127422      0.77774492      0.773459      0.76679786      0.0   
Precision--:   0.00065069      0.73787747      0.74786597      0.75422063      0.75929186      0.76384015      0.76825434      0.77293451      0.77875501      0.78720332      0.0   
01/04/2025 13:32:25-59
Recall-----:   1.0      0.80197363      0.79606745      0.79220319      0.78885338      0.78579963      0.78278121      0.77927365      0.77501678      0.76839602      0.0   
Precision--:   0.00065069      0.7396536      0.74958639      0.7559026      0.76094101      0.76545903      0.76984978      0.77450055      0.78027972      0.78866102      0.0   
01/04/2025 13:32:44-60
Recall-----:   1.0      0.80334701      0.79747281      0.7936331      0.79031215      0.787283      0.78429321      0.78081536      0.77659238      0.77002689      0.0   
Precision--:   0.00065069      0.74110296      0.75096364      0.7572464      0.76225393      0.76673813      0.77109822      0.7757246      0.78146837      0.7897996      0.0   
01/04/2025 13:33:03-61
Recall-----:   1.0      0.80463165      0.79880606      0.79499069      0.79169425      0.78868262      0.78571884      0.78226974      0.77807443      0.77154876      0.0   
Precision--:   0.00065069      0.74228422      0.75207093      0.75830952      0.76327465      0.76772162      0.77205128      0.77664376      0.7823455      0.79061415      0.0   
01/04/2025 13:33:23-62
Recall-----:   1.0      0.80247779      0.79664096      0.79283234      0.7895473      0.7865347      0.78357425      0.78012215      0.77593793      0.76941943      0.0   
Precision--:   0.00065069      0.74340065      0.75311722      0.75931079      0.76424242      0.76865671      0.77295131      0.77751524      0.78317237      0.79138265      0.0   
01/04/2025 13:33:42-63
Recall-----:   1.0      0.80415361      0.79837652      0.79459816      0.79134624      0.78836637      0.78543506      0.78201594      0.77787061      0.77141422      0.0   
Precision--:   0.00065069      0.74386179      0.75350926      0.75966504      0.76455949      0.76894749      0.77321071      0.7777396      0.78335708      0.79150183      0.0   
01/04/2025 13:34:01-64
Recall-----:   1.0      0.80544642      0.79971366      0.7959706      0.79274589      0.78978525      0.78687513      0.78347763      0.77936946      0.77296078      0.0   
Precision--:   0.00065069      0.74487947      0.75445826      0.76057142      0.76544045      0.76979743      0.7740279      0.77852554      0.78410482      0.7921954      0.0   
01/04/2025 13:34:21-65
Recall-----:   1.0      0.80645605      0.80075557      0.7970307      0.79382863      0.79088983      0.78799062      0.78461357      0.78053339      0.77416457      0.0   
Precision--:   0.00065069      0.74589672      0.75540858      0.76148231      0.76631646      0.77064342      0.77485027      0.77931497      0.78486132      0.79290016      0.0   
01/04/2025 13:34:40-66
Recall-----:   1.0      0.80695217      0.80127668      0.79757262      0.79438671      0.79146278      0.78857839      0.78522275      0.78115919      0.77481478      0.0   
Precision--:   0.00065069      0.74746994      0.75691332      0.76294596      0.76775201      0.77204908      0.7762338      0.78067148      0.78617935      0.79416805      0.0   
01/04/2025 13:34:59-67
Recall-----:   1.0      0.80844179      0.80280666      0.79913577      0.79598062      0.79308203      0.79021668      0.78688338      0.78285621      0.77655992      0.0   
Precision--:   0.00065069      0.74801426      0.75738414      0.76337443      0.76814628      0.7724151      0.77657572      0.7809877      0.78646622      0.79438534      0.0   
01/04/2025 13:35:19-68
Recall-----:   1.0      0.8098734      0.8042795      0.80063878      0.79750939      0.79463182      0.79179008      0.78848206      0.7844892      0.77825038      0.0   
Precision--:   0.00065069      0.7486866      0.75798786      0.76393445      0.76867239      0.7729091      0.77704218      0.78142667      0.7868634      0.79473378      0.0   
01/04/2025 13:35:38-69
Recall-----:   1.0      0.81091244      0.80536263      0.80175273      0.79864332      0.79578921      0.79296839      0.78967988      0.78572236      0.77952524      0.0   
Precision--:   0.00065069      0.7496129      0.75884673      0.76475268      0.76945224      0.77366384      0.77777008      0.78212088      0.78752185      0.79533401      0.0   
01/04/2025 13:35:58-70
Recall-----:   1.0      0.81207144      0.80656249      0.80297906      0.79989305      0.79705476      0.79425776      0.79099019      0.78705708      0.78090446      0.0   
Precision--:   0.00065069      0.75052949      0.75970015      0.76557694      0.77024773      0.7744316      0.77851638      0.78284772      0.78821841      0.79598545      0.0   
01/04/2025 13:36:17-71
Recall-----:   1.0      0.81229472      0.80679214      0.80321188      0.80013587      0.7972958      0.79450183      0.79123992      0.78730453      0.78116281      0.0   
Precision--:   0.00065069      0.75222293      0.76134478      0.7671897      0.77183364      0.77599058      0.78004746      0.78435544      0.78969063      0.7974072      0.0   
01/04/2025 13:36:36-72
Recall-----:   1.0      0.81316452      0.80769668      0.80414224      0.8010866      0.79826753      0.7954891      0.79224575      0.78833234      0.78222782      0.0   
Precision--:   0.00065069      0.75337917      0.76243932      0.76824536      0.77286265      0.77699211      0.78102406      0.78531053      0.79061315      0.79828431      0.0   
01/04/2025 13:36:56-73
Recall-----:   1.0      0.81402513      0.80858823      0.80505176      0.80200829      0.79919821      0.79642487      0.79320148      0.78930755      0.78324114      0.0   
Precision--:   0.00065069      0.75450844      0.76351198      0.76928757      0.7738855      0.77799495      0.78200636      0.78627057      0.79154432      0.79917693      0.0   
01/04/2025 13:37:15-74
Recall-----:   1.0      0.81508788      0.80968909      0.80617435      0.80314745      0.80035223      0.79759703      0.79439355      0.79051998      0.78448926      0.0   
Precision--:   0.00065069      0.75482224      0.7637567      0.7694844      0.77404106      0.77811844      0.78210248      0.78633735      0.79157486      0.7991497      0.0   
01/04/2025 13:37:34-75
Recall-----:   1.0      0.81556874      0.81017919      0.80667677      0.80365716      0.80086527      0.79812309      0.79493155      0.79106759      0.78504187      0.0   
Precision--:   0.00065068      0.75619033      0.76507814      0.7707756      0.77531      0.77936936      0.78333683      0.78755352      0.79276738      0.80029854      0.0   
01/04/2025 13:37:54-76
Recall-----:   1.0      0.81608711      0.81072214      0.80723539      0.80422978      0.80145075      0.79871529      0.79553814      0.79170143      0.78570672      0.0   
Precision--:   0.00065068      0.75747673      0.76632512      0.77199646      0.77650434      0.78054358      0.78448361      0.7886796      0.7938661      0.80135971      0.0   
01/04/2025 13:38:13-77
Recall-----:   1.0      0.81702459      0.81168584      0.80821844      0.8052251      0.80246132      0.79973467      0.79656837      0.79275142      0.78678013      0.0   
Precision--:   0.00065068      0.75838988      0.7672004      0.7728484      0.77734233      0.7813684      0.78529858      0.78947883      0.79464108      0.80210444      0.0   
01/04/2025 13:38:33-78
Recall-----:   1.0      0.81799511      0.8126922      0.80924634      0.8062748      0.80352946      0.80082213      0.79766908      0.79387675      0.7879435      0.0   
Precision--:   0.00065068      0.75907787      0.76784429      0.77345798      0.77792515      0.78193036      0.78584119      0.79000315      0.79513724      0.80256222      0.0   
01/04/2025 13:38:52-79
Recall-----:   1.0      0.81882394      0.81354847      0.81012052      0.80717067      0.80444685      0.8017526      0.79861822      0.79484063      0.78893299      0.0   
Precision--:   0.00065068      0.75990046      0.76861606      0.77419522      0.77863957      0.78262343      0.78650955      0.79065029      0.79575154      0.80313174      0.0   
01/04/2025 13:39:11-80
Recall-----:   1.0      0.81967766      0.81444072      0.81103459      0.80810372      0.80539783      0.80272289      0.7996102      0.79585832      0.78998262      0.0   
Precision--:   0.00065068      0.76012144      0.76877349      0.7743173      0.77873342      0.78269057      0.78655364      0.79067479      0.79574313      0.80308862      0.0   
01/04/2025 13:39:31-81
Recall-----:   1.0      0.82080428      0.81560493      0.81222139      0.8093099      0.80662279      0.80396756      0.80087517      0.79714406      0.79131203      0.0   
Precision--:   0.00065068      0.76013261      0.76872734      0.7742354      0.7786199      0.78254644      0.78638008      0.79046828      0.79549745      0.80280101      0.0   
01/04/2025 13:39:50-82
Recall-----:   1.0      0.82186035      0.81669131      0.81332811      0.8104351      0.80776761      0.80512777      0.80205349      0.79834521      0.79255705      0.0   
Precision--:   0.00065068      0.7604912      0.76903718      0.77451793      0.77888141      0.78278886      0.78660748      0.79067785      0.79567833      0.80294204      0.0   
01/04/2025 13:40:10-83
Recall-----:   1.0      0.8226962      0.81755674      0.81421718      0.81133927      0.8086905      0.80606653      0.80300951      0.79932519      0.79356937      0.0   
Precision--:   0.00065068      0.76110946      0.76961249      0.77506165      0.77940146      0.78328286      0.78708549      0.79113218      0.79611024      0.80333964      0.0   
01/04/2025 13:40:29-84
Recall-----:   1.0      0.82341972      0.81830582      0.81498354      0.81212328      0.80948655      0.80687185      0.80383501      0.80016537      0.79444443      0.0   
Precision--:   0.00065068      0.76205158      0.77051472      0.77593308      0.78025186      0.78411558      0.78790248      0.79192735      0.79688119      0.8040779      0.0   
01/04/2025 13:40:48-85
Recall-----:   1.0      0.8241412      0.81904734      0.81574274      0.81289809      0.81027888      0.80767774      0.80465568      0.8010053      0.79531352      0.0   
Precision--:   0.00065068      0.76308825      0.77151939      0.77690985      0.78120788      0.78505364      0.78881966      0.79282688      0.79776163      0.80493235      0.0   
01/04/2025 13:41:08-86
Recall-----:   1.0      0.82485381      0.81978684      0.81649871      0.81366483      0.81106071      0.80847445      0.80546439      0.80182877      0.79615654      0.0   
Precision--:   0.00065068      0.76410375      0.77249816      0.77786058      0.78213501      0.78596254      0.78971139      0.79369813      0.79861344      0.80574804      0.0   
01/04/2025 13:41:27-87
Recall-----:   1.0      0.82563771      0.82059461      0.81731735      0.81449842      0.81190704      0.80933612      0.80633538      0.80271579      0.79706388      0.0   
Precision--:   0.00065068      0.76502365      0.77337173      0.77870434      0.78295486      0.78676376      0.79049999      0.79446804      0.79936144      0.80646648      0.0   
01/04/2025 13:41:46-88
Recall-----:   1.0      0.82658138      0.82156676      0.81831125      0.81550891      0.81293038      0.81037525      0.80739037      0.80378884      0.79816828      0.0   
Precision--:   0.00065068      0.76550749      0.77381158      0.77910989      0.78333929      0.78712793      0.79084204      0.79478749      0.79964786      0.80672036      0.0   
01/04/2025 13:42:06-89
Recall-----:   1.0      0.82720976      0.82221398      0.81897345      0.81617556      0.81360096      0.811055      0.80807856      0.80448447      0.79888752      0.0   
Precision--:   0.00065068      0.76648639      0.77475748      0.78002792      0.78423795      0.78800693      0.79170288      0.79562844      0.80047042      0.80751546      0.0   
01/04/2025 13:42:25-90
Recall-----:   1.0      0.82805332      0.82307983      0.81985279      0.81706663      0.81450286      0.81197051      0.80901281      0.80543687      0.79986222      0.0   
Precision--:   0.00065068      0.76704934      0.7752857      0.78053501      0.78472284      0.78847461      0.79214944      0.79606435      0.80088983      0.80790945      0.0   
01/04/2025 13:42:45-91
Recall-----:   1.0      0.82862747      0.82367734      0.82045851      0.81768267      0.81512564      0.81260509      0.80965382      0.8060941      0.80054511      0.0   
Precision--:   0.00065069      0.76793207      0.77612565      0.78135077      0.78552157      0.78925192      0.79291181      0.79681144      0.80161272      0.8086086      0.0   
01/04/2025 13:43:04-92
Recall-----:   1.0      0.8294498      0.82453048      0.82132689      0.81857217      0.81603049      0.81352412      0.81059433      0.80705808      0.80154217      0.0   
Precision--:   0.00065069      0.76847021      0.77662046      0.78182044      0.78597044      0.78967921      0.79331831      0.79719907      0.80197964      0.80893048      0.0   
01/04/2025 13:43:23-93
Recall-----:   1.0      0.82983645      0.82492326      0.82173158      0.81898663      0.81644907      0.81394607      0.81102303      0.80749283      0.80199954      0.0   
Precision--:   0.00065069      0.76945622      0.77756214      0.78274057      0.78686869      0.79056166      0.79418666      0.79805085      0.80281069      0.80973268      0.0   
01/04/2025 13:43:43-94
Recall-----:   1.0      0.83064063      0.8257602      0.82258464      0.81985743      0.81733357      0.81484391      0.81193825      0.80842663      0.80296514      0.0   
Precision--:   0.00065069      0.76999563      0.77805539      0.7832066      0.78731327      0.79098538      0.79459102      0.79843454      0.80317094      0.81005619      0.0   
01/04/2025 13:44:02-95
Recall-----:   1.0      0.83134786      0.82649398      0.82333201      0.82061444      0.81810215      0.81562408      0.81273508      0.80924532      0.80380467      0.0   
Precision--:   0.00065069      0.77065125      0.77867123      0.78379344      0.78787696      0.79153085      0.79511468      0.7989409      0.80365277      0.81049589      0.0   
01/04/2025 13:44:21-96
Recall-----:   1.0      0.83196768      0.82713909      0.82398641      0.82128157      0.81878462      0.81631462      0.81343465      0.80995684      0.80453878      0.0   
Precision--:   0.00065069      0.77135732      0.77933916      0.78443418      0.7884986      0.79213074      0.79569109      0.79949636      0.80418317      0.81098549      0.0   
01/04/2025 13:44:41-97
Recall-----:   1.0      0.83281163      0.82801176      0.8248772      0.82218446      0.81970002      0.81724513      0.81438157      0.81092484      0.80553756      0.0   
Precision--:   0.00065069      0.77185116      0.77979274      0.78486314      0.78890231      0.79251699      0.79606117      0.7998507      0.80451279      0.81128877      0.0   
01/04/2025 13:45:00-98
Recall-----:   1.0      0.83341021      0.82862744      0.82550171      0.82282118      0.82034686      0.81790214      0.81505002      0.81160466      0.80623969      0.0   
Precision--:   0.00065069      0.77262238      0.78052724      0.78557483      0.78959611      0.79319686      0.79672619      0.8004992      0.8051387      0.81188602      0.0   
01/04/2025 13:45:20-99
Recall-----:   1.0      0.83393219      0.82916652      0.8260498      0.82337736      0.82091365      0.81847431      0.81563306      0.81219142      0.80683772      0.0   
Precision--:   0.00065069      0.77357554      0.78144185      0.78646543      0.79046911      0.79405569      0.79757071      0.80132384      0.80594312      0.81265387      0.0   
01/04/2025 13:45:39-100
Recall-----:   1.0      0.83439069      0.82964562      0.82654158      0.82387987      0.82142691      0.81899354      0.81616398      0.81273474      0.80740083      0.0   
Precision--:   0.00065069      0.7743425      0.78216693      0.78717138      0.79115997      0.79473353      0.79823392      0.80197043      0.8065686      0.81324892      0.0   
01/04/2025 13:45:58-101
Recall-----:   1.0      0.83471346      0.82997995      0.82688383      0.82422363      0.82177603      0.81934539      0.81651899      0.81309706      0.80777146      0.0   
Precision--:   0.00065069      0.77527574      0.78306871      0.78805244      0.79202046      0.79558195      0.7990637      0.80278307      0.80736358      0.81401611      0.0   
01/04/2025 13:46:18-102
Recall-----:   1.0      0.83543766      0.83073194      0.82764667      0.82499996      0.82256651      0.82014645      0.81733069      0.81391934      0.80861734      0.0   
Precision--:   0.00065069      0.77544084      0.78319906      0.78816112      0.792113      0.79566323      0.79913482      0.80283993      0.80739748      0.81402689      0.0   
01/04/2025 13:46:37-103
Recall-----:   1.0      0.83579545      0.83109897      0.82802368      0.82538068      0.82295739      0.82054225      0.81773455      0.81433631      0.80904963      0.0   
Precision--:   0.00065069      0.7763227      0.78404774      0.78898464      0.79291768      0.79645321      0.79991048      0.80359906      0.80813662      0.81473665      0.0   
01/04/2025 13:46:57-104
Recall-----:   1.0      0.83635024      0.83168134      0.82861751      0.82598454      0.82357189      0.82116832      0.81836987      0.81499155      0.809731      0.0   
Precision--:   0.00065068      0.77707379      0.78476553      0.78967526      0.79358915      0.79711079      0.80054924      0.80422182      0.80874265      0.81531466      0.0   
01/04/2025 13:47:16-105
Recall-----:   1.0      0.83688424      0.83223873      0.82918714      0.82656636      0.82416547      0.82177658      0.8189902      0.81562509      0.81039152      0.0   
Precision--:   0.00065068      0.77784828      0.78551343      0.79040016      0.79429787      0.79780466      0.80122844      0.80488258      0.80938573      0.81593212      0.0   
01/04/2025 13:47:35-106
Recall-----:   1.0      0.83745051      0.83282927      0.82979036      0.82718086      0.82478954      0.82241142      0.81964119      0.81629102      0.81108392      0.0   
Precision--:   0.00065068      0.77851982      0.78615023      0.7910151      0.7948935      0.79838162      0.80179172      0.80543334      0.80991931      0.81643898      0.0   
01/04/2025 13:47:55-107
Recall-----:   1.0      0.8380367      0.83344059      0.83041151      0.82781538      0.82543737      0.82307081      0.82031543      0.81698321      0.81180143      0.0   
Precision--:   0.00065068      0.77916527      0.78676257      0.791605      0.79546704      0.79894209      0.80233896      0.80596627      0.81043353      0.8169279      0.0   
01/04/2025 13:48:14-108
Recall-----:   1.0      0.83869185      0.83412008      0.83111069      0.82852866      0.82616469      0.8238085      0.82106609      0.81775472      0.81259876      0.0   
Precision--:   0.00065068      0.77980737      0.78737291      0.79219909      0.79604821      0.7995069      0.80288781      0.80649868      0.81094911      0.81741772      0.0   
01/04/2025 13:48:34-109
Recall-----:   1.0      0.8389848      0.83442891      0.83143274      0.82885525      0.82649704      0.82414718      0.82141268      0.81811215      0.81297417      0.0   
Precision--:   0.00065068      0.78066425      0.78819596      0.79300231      0.79683525      0.80027761      0.80364433      0.80723943      0.8116663      0.81810742      0.0   
01/04/2025 13:48:53-110
Recall-----:   1.0      0.8394726      0.8349358      0.83195581      0.82939199      0.8270458      0.82470756      0.8219872      0.81870113      0.81358494      0.0   
Precision--:   0.00065068      0.78131321      0.78881034      0.79359734      0.79741438      0.80084516      0.80419636      0.80777579      0.81218369      0.81860078      0.0   
01/04/2025 13:49:12-111
Recall-----:   1.0      0.83988263      0.83536269      0.8323926      0.82983622      0.82749994      0.82517122      0.82246159      0.81918815      0.81408926      0.0   
Precision--:   0.00065069      0.78216628      0.78963583      0.79440386      0.79820725      0.80162449      0.80496115      0.80852714      0.81291864      0.81931422      0.0   
01/04/2025 13:49:32-112
Recall-----:   1.0      0.84025603      0.83574984      0.83278727      0.83023945      0.82790728      0.82558636      0.82288258      0.81961842      0.81453528      0.0   
Precision--:   0.00065069      0.78278819      0.79022887      0.79497829      0.79876632      0.80216943      0.80549257      0.80904117      0.81341787      0.81978693      0.0   
01/04/2025 13:49:51-113
Recall-----:   1.0      0.84079637      0.83630739      0.83335533      0.83081684      0.82849181      0.82617979      0.82348795      0.82023693      0.81516895      0.0   
Precision--:   0.00065069      0.78337087      0.79078271      0.795512      0.79928601      0.80267446      0.80598588      0.80952058      0.81388152      0.82022383      0.0   
01/04/2025 13:50:11-114
Recall-----:   1.0      0.84115502      0.8366799      0.83373938      0.83121037      0.82889573      0.82658999      0.82390897      0.82066903      0.81562484      0.0   
Precision--:   0.00065069      0.78417164      0.79155582      0.79626517      0.8000227      0.80339728      0.80669431      0.81021857      0.81456422      0.82088815      0.0   
01/04/2025 13:50:30-115
Recall-----:   1.0      0.84174527      0.83728985      0.8343628      0.8318416      0.82953534      0.82724065      0.82457239      0.82134637      0.81632527      0.0   
Precision--:   0.00065069      0.78454567      0.79189684      0.79658831      0.8003286      0.80368985      0.80697308      0.8104833      0.81480838      0.82110987      0.0   
01/04/2025 13:50:49-116
Recall-----:   1.0      0.84228347      0.83784349      0.83492788      0.83242098      0.83012658      0.82784245      0.82518341      0.82197349      0.81697478      0.0   
Precision--:   0.00065069      0.78520313      0.79252275      0.79719689      0.80092183      0.80426986      0.80754044      0.81103726      0.81534145      0.82161926      0.0   
01/04/2025 13:51:08-117
Recall-----:   1.0      0.84306994      0.83865353      0.83575304      0.8332614      0.83098076      0.8287112      0.82606692      0.82287492      0.81790211      0.0   
Precision--:   0.00065069      0.78526287      0.79254229      0.79719201      0.80089915      0.80423161      0.80748799      0.81096709      0.8152523      0.82150119      0.0   
01/04/2025 13:51:28-118
Recall-----:   1.0      0.84362061      0.83921697      0.8363281      0.83384375      0.83157485      0.8293113      0.82667856      0.82350033      0.81853844      0.0   
Precision--:   0.00065069      0.78565186      0.79290495      0.79753229      0.80122715      0.80454817      0.80779409      0.81126269      0.81553326      0.82175891      0.0   
01/04/2025 13:51:47-119
Recall-----:   1.0      0.84411678      0.839731      0.83685679      0.83438342      0.83212314      0.82986933      0.82724763      0.82408617      0.81914739      0.0   
Precision--:   0.00065069      0.78610816      0.79333168      0.797938      0.80161869      0.80492282      0.80815396      0.81160973      0.81586557      0.82206689      0.0   
01/04/2025 13:52:07-120
Recall-----:   1.0      0.84461701      0.84024996      0.83738987      0.83492877      0.83268075      0.83043885      0.82782977      0.82468277      0.8197705      0.0   
Precision--:   0.00065069      0.78654888      0.7937423      0.79832788      0.80199337      0.8052846      0.80850379      0.81194291      0.81618105      0.82235943      0.0   
01/04/2025 13:52:26-121
Recall-----:   1.0      0.84517127      0.84082179      0.83797211      0.83552337      0.83328248      0.83105114      0.82845129      0.82531792      0.82042826      0.0   
Precision--:   0.00065069      0.78697474      0.79413829      0.79870583      0.80235788      0.80563722      0.80884418      0.81226953      0.81649314      0.82264871      0.0   
01/04/2025 13:52:46-122
Recall-----:   1.0      0.84583454      0.84150806      0.83867409      0.83623492      0.83400622      0.83178728      0.82919852      0.82608115      0.82121775      0.0   
Precision--:   0.00065069      0.78722945      0.79435681      0.79890572      0.80254426      0.80580805      0.80900164      0.81240868      0.81661147      0.82274074      0.0   
01/04/2025 13:53:05-123
Recall-----:   1.0      0.84608978      0.84177542      0.83894978      0.83651917      0.83429762      0.83208917      0.82951046      0.82639943      0.8215499      0.0   
Precision--:   0.00065069      0.78781324      0.79491281      0.79944693      0.80307074      0.80632254      0.80950346      0.81289899      0.81708377      0.82318992      0.0   
01/04/2025 13:53:24-124
Recall-----:   1.0      0.84642289      0.84212297      0.83930948      0.83689041      0.83468013      0.83248116      0.82991037      0.82681264      0.8219858      0.0   
Precision--:   0.00065069      0.78839356      0.7954618      0.79997948      0.80359155      0.80683155      0.81000259      0.81338426      0.81755371      0.82364036      0.0   
01/04/2025 13:53:44-125
Recall-----:   1.0      0.84678658      0.84250397      0.83969964      0.83728827      0.83508489      0.83289019      0.83032691      0.82723751      0.82242964      0.0   
Precision--:   0.00065069      0.78892265      0.79596182      0.80046043      0.80405783      0.80728477      0.81044297      0.81381224      0.81796423      0.82402286      0.0   
01/04/2025 13:54:03-126
Recall-----:   1.0      0.84714092      0.84287202      0.84007725      0.83767681      0.8354841      0.83329778      0.83074384      0.8276632      0.82287372      0.0   
Precision--:   0.00065069      0.78928198      0.79629105      0.80077031      0.80435517      0.80757149      0.81072358      0.81408079      0.81821708      0.82425886      0.0   
01/04/2025 13:54:22-127
Recall-----:   1.0      0.8474856      0.84323514      0.84045145      0.83806176      0.83587901      0.83370205      0.83115426      0.82808334      0.82330727      0.0   
Precision--:   0.00065069      0.7898796      0.79686121      0.80132318      0.80489498      0.80810012      0.81123981      0.81458221      0.81870386      0.82472242      0.0   
01/04/2025 13:54:42-128
Recall-----:   0.99999973      0.84787776      0.84363945      0.84086639      0.83848865      0.83631652      0.8341474      0.83161033      0.82855144      0.8237946      0.0   
Precision--:   0.00065069      0.79032679      0.79727955      0.80172332      0.80528163      0.80847395      0.81160398      0.81493168      0.81903861      0.82504008      0.0   
01/04/2025 13:55:01-129
Recall-----:   0.99999973      0.84821527      0.84399462      0.84122686      0.83885817      0.83669189      0.83453103      0.83200478      0.82895584      0.82421657      0.0   
Precision--:   0.00065069      0.79087668      0.79780517      0.80223293      0.80577751      0.80895667      0.8120748      0.81538844      0.81947971      0.82545578      0.0   
01/04/2025 13:55:21-130
Recall-----:   0.99999973      0.84849451      0.84429018      0.84153168      0.83916841      0.83700895      0.83485246      0.83233471      0.82929071      0.82456983      0.0   
Precision--:   0.00065069      0.79143245      0.79833506      0.80274699      0.80627876      0.80944653      0.81255469      0.81585879      0.81993431      0.82588951      0.0   
01/04/2025 13:55:40-131
Recall-----:   0.99999973      0.8485619      0.844364      0.84161008      0.83925107      0.83709807      0.83494534      0.83243623      0.82939496      0.82468496      0.0   
Precision--:   0.00065069      0.79208032      0.79895828      0.80335795      0.80687528      0.81003282      0.81312957      0.81642374      0.82048691      0.82642422      0.0   
01/04/2025 13:55:59-132
Recall-----:   0.99999973      0.84882319      0.84464171      0.84189628      0.83954598      0.83740041      0.83525457      0.83275423      0.82972308      0.82503362      0.0   
Precision--:   0.00065069      0.79261754      0.79947098      0.80385389      0.80735836      0.81050347      0.8135855      0.81686675      0.82091252      0.8268296      0.0   
01/04/2025 13:56:19-133
Recall-----:   0.99999974      0.84909111      0.84492608      0.84219007      0.83984571      0.83770535      0.83556445      0.83307171      0.830055      0.8253813      0.0   
Precision--:   0.00065069      0.79317008      0.80000314      0.80436942      0.80786239      0.8109957      0.81406836      0.81733912      0.82137476      0.82727298      0.0   
01/04/2025 13:56:38-134
Recall-----:   0.99999974      0.84934644      0.84519552      0.84246983      0.84013342      0.83799949      0.83586844      0.83338526      0.83037521      0.82572017      0.0   
Precision--:   0.00065069      0.7937155      0.80052356      0.8048752      0.80835497      0.81147787      0.81454009      0.81780083      0.82182336      0.82770514      0.0   
01/04/2025 13:56:58-135
Recall-----:   0.99999974      0.84997014      0.84583519      0.8431228      0.84079655      0.83867156      0.83654917      0.83407672      0.83107867      0.82644384      0.0   
Precision--:   0.00065069      0.79280817      0.79960702      0.80395354      0.80743415      0.81055441      0.81361447      0.81687455      0.82088739      0.82677297      0.0   
01/04/2025 13:57:17-136
Recall-----:   0.99999974      0.85033519      0.84621316      0.84350458      0.84118706      0.83906804      0.83695109      0.83448663      0.83149732      0.82688034      0.0   
Precision--:   0.00065069      0.79327924      0.8000505      0.80438116      0.80784935      0.81096007      0.81400887      0.8172577      0.82125815      0.82712981      0.0   
01/04/2025 13:57:36-137
Recall-----:   0.99999974      0.8507597      0.84665321      0.84395171      0.84164101      0.83952967      0.83742012      0.83496022      0.83198131      0.82737679      0.0   
Precision--:   0.00065069      0.79376349      0.80051376      0.80482743      0.80828243      0.81138182      0.81442005      0.81765837      0.82164812      0.82750047      0.0   
01/04/2025 13:57:56-138
Recall-----:   0.99999975      0.85109857      0.84700689      0.8443139      0.84200992      0.83990538      0.83780212      0.83535      0.83238033      0.82779293      0.0   
Precision--:   0.00065069      0.79416535      0.80089819      0.80519496      0.80864137      0.81173044      0.81476028      0.81798923      0.82196754      0.82780155      0.0   
01/04/2025 13:58:15-139
Recall-----:   0.99999975      0.85150904      0.84743044      0.84474635      0.84244822      0.84034863      0.83824828      0.83580308      0.83283948      0.82826367      0.0   
Precision--:   0.00065069      0.79457808      0.80128801      0.8055697      0.8090028      0.81208177      0.81510034      0.81831766      0.82228222      0.82809613      0.0   
01/04/2025 13:58:35-140
Recall-----:   0.99999975      0.85176416      0.8476977      0.84502212      0.84272727      0.84063255      0.83853833      0.83609995      0.83314084      0.82857519      0.0   
Precision--:   0.00065069      0.79518427      0.80187278      0.8061427      0.80956648      0.81263694      0.81564721      0.81885593      0.82281061      0.8286086      0.0   
01/04/2025 13:58:54-141
Recall-----:   0.99999975      0.85219649      0.84814598      0.84548179      0.84319688      0.84111094      0.83902301      0.83659211      0.83364066      0.82909024      0.0   
Precision--:   0.00065069      0.79544174      0.80210532      0.80635978      0.80977302      0.81283312      0.81583183      0.81902936      0.82296817      0.82875117      0.0   
01/04/2025 13:59:13-142
Recall-----:   0.99999975      0.85252992      0.84849119      0.84583328      0.8435557      0.84147743      0.83939275      0.83696748      0.83402234      0.82948621      0.0   
Precision--:   0.00065069      0.79582694      0.80247007      0.80671168      0.81011737      0.8131677      0.81615486      0.81934399      0.82327234      0.82903556      0.0   
01/04/2025 13:59:33-143
Recall-----:   0.99999975      0.85264681      0.84861896      0.84596773      0.84369518      0.84161835      0.83954029      0.83711887      0.83418094      0.82965178      0.0   
Precision--:   0.00065069      0.79645637      0.80308061      0.80730903      0.81070325      0.8137451      0.81672216      0.81990342      0.82382075      0.82956898      0.0   
01/04/2025 13:59:52-144
Recall-----:   0.99999976      0.85313864      0.84912737      0.84648809      0.84422488      0.84215677      0.84008817      0.83767785      0.83475117      0.8302379      0.0   
Precision--:   0.00065069      0.79661722      0.80321601      0.80743286      0.81081151      0.81384382      0.81681003      0.8199833      0.82389361      0.82962281      0.0   
01/04/2025 14:00:11-145
Recall-----:   0.99999976      0.8533741      0.84937385      0.84674128      0.84448293      0.84242221      0.84036077      0.83795824      0.83503976      0.8305366      0.0   
Precision--:   0.00065069      0.79704213      0.80362118      0.80782509      0.81119426      0.81421493      0.81717461      0.82033703      0.82423653      0.82994837      0.0   
01/04/2025 14:00:31-146
Recall-----:   0.99999976      0.85345043      0.84946058      0.84683343      0.84457794      0.84251995      0.84046292      0.83806473      0.83515072      0.83066282      0.0   
Precision--:   0.00065069      0.7975958      0.80415419      0.80834767      0.81170419      0.81471348      0.81766486      0.82081661      0.82470182      0.83039588      0.0   
01/04/2025 14:00:50-147
Recall-----:   0.99999976      0.85369349      0.8497115      0.84708969      0.84483967      0.84278961      0.84073645      0.83834397      0.8354401      0.83096582      0.0   
Precision--:   0.00065069      0.79815845      0.80469863      0.80887697      0.8122213      0.81522131      0.81816394      0.82130433      0.82517927      0.83085816      0.0   
01/04/2025 14:01:09-148
Recall-----:   0.99999976      0.85386075      0.84988747      0.84726951      0.84502558      0.84298194      0.84093047      0.83854361      0.83564454      0.83118109      0.0   
Precision--:   0.00065069      0.79862723      0.80514612      0.80931239      0.81264487      0.81563765      0.81857181      0.82170206      0.82556598      0.8312272      0.0   
01/04/2025 14:01:29-149
Recall-----:   0.99999976      0.85415245      0.85019389      0.84758279      0.84534793      0.84331108      0.84126859      0.83888752      0.83599812      0.83154794      0.0   
Precision--:   0.00065069      0.79912325      0.80562121      0.80977426      0.81309833      0.8160824      0.81900762      0.82212808      0.82598075      0.83162509      0.0   
01/04/2025 14:01:48-150
Recall-----:   0.99999977      0.85466903      0.8507292      0.84812955      0.84590575      0.84387677      0.84184336      0.83947315      0.8365968      0.83216627      0.0   
Precision--:   0.00065069      0.79918734      0.80566128      0.80979973      0.81311209      0.81608341      0.81899703      0.82210791      0.82594554      0.83157229      0.0   
01/04/2025 14:02:07-151
Recall-----:   0.99999977      0.85499503      0.85106555      0.84847161      0.84625385      0.84423288      0.84220424      0.83984056      0.83697408      0.83255876      0.0   
Precision--:   0.00065069      0.79958193      0.80603744      0.81016017      0.81346213      0.81642362      0.81932939      0.82243125      0.82625606      0.83186314      0.0   
01/04/2025 14:02:27-152
Recall-----:   0.99999977      0.85526113      0.85134303      0.84875635      0.84654569      0.84452939      0.84250409      0.84014616      0.83728895      0.83288587      0.0   
Precision--:   0.00065069      0.79996865      0.80640562      0.81051565      0.81380883      0.81676223      0.81965782      0.82275178      0.82656846      0.83215844      0.0   
01/04/2025 14:02:46-153
Recall-----:   0.99999977      0.85566      0.85175679      0.8491775      0.84697386      0.84496401      0.84294452      0.84059594      0.83774558      0.83335596      0.0   
Precision--:   0.00065069      0.80024425      0.80665909      0.81075749      0.81404206      0.81698552      0.81986995      0.82295579      0.82675913      0.83233208      0.0   
01/04/2025 14:03:06-154
Recall-----:   0.99999977      0.85602342      0.85213172      0.84955814      0.84736165      0.8453577      0.84334167      0.8410005      0.83815782      0.83378057      0.0   
Precision--:   0.00065069      0.8005626      0.80695758      0.81104358      0.81431731      0.81725269      0.82012953      0.82320659      0.82699939      0.83256061      0.0   
01/04/2025 14:03:26-155
Recall-----:   0.99999977      0.85628959      0.85240767      0.84984198      0.84764825      0.8456465      0.84363321      0.84130025      0.83846516      0.83409831      0.0   
Precision--:   0.00065069      0.80105551      0.80743373      0.81151198      0.81477602      0.81770276      0.82057282      0.82364165      0.82742241      0.83296855      0.0   
01/04/2025 14:03:46-156
Recall-----:   0.99999977      0.85631572      0.85244143      0.84987948      0.84768736      0.84568869      0.84367764      0.84134852      0.83852069      0.83416141      0.0   
Precision--:   0.00065069      0.80158084      0.80794244      0.81200798      0.81526161      0.81817826      0.82104049      0.82409999      0.82786973      0.83339783      0.0   
01/04/2025 14:04:09-157
Recall-----:   0.99999978      0.85648435      0.85261804      0.8500618      0.84787483      0.84588323      0.84387776      0.84155243      0.83873199      0.83438375      0.0   
Precision--:   0.00065069      0.80206048      0.8084045      0.81245973      0.81570428      0.81861485      0.82146872      0.82452133      0.82828367      0.83379611      0.0   
01/04/2025 14:04:31-158
Recall-----:   0.99999978      0.85672172      0.85286528      0.85031646      0.84813547      0.84614706      0.84414466      0.8418264      0.83901348      0.8346786      0.0   
Precision--:   0.00065069      0.80250883      0.80883798      0.81288147      0.81611856      0.81902004      0.82186473      0.82491163      0.82866203      0.83416092      0.0   
01/04/2025 14:04:50-159
Recall-----:   0.99999978      0.85702962      0.8531836      0.85064144      0.84846504      0.84648044      0.84448128      0.84216912      0.83936452      0.83503951      0.0   
Precision--:   0.00065069      0.80287856      0.8091904      0.81322646      0.81645577      0.8193511      0.82218975      0.82522884      0.82897398      0.83446317      0.0   
01/04/2025 14:05:10-160
Recall-----:   0.99999978      0.85735344      0.85351574      0.85098103      0.84880893      0.84682745      0.84483259      0.84252558      0.83972786      0.83541086      0.0   
Precision--:   0.00065069      0.80327366      0.80956695      0.81359099      0.81680981      0.81969735      0.82252857      0.82556007      0.82929706      0.8347716      0.0   
01/04/2025 14:05:29-161
Recall-----:   0.99999978      0.85763773      0.85381064      0.85128373      0.84911915      0.84714292      0.84515471      0.84285431      0.84006601      0.83576148      0.0   
Precision--:   0.00065069      0.80366892      0.80994265      0.81395473      0.81716323      0.82004099      0.8228631      0.82588568      0.82961192      0.83507188      0.0   
01/04/2025 14:05:48-162
Recall-----:   0.99999978      0.85789686      0.85408003      0.85155909      0.84939956      0.84743091      0.84544622      0.84315365      0.84037445      0.83607791      0.0   
Precision--:   0.00065069      0.80404699      0.81029956      0.81429741      0.81749706      0.82036566      0.82317802      0.82619176      0.82990565      0.83534742      0.0   
01/04/2025 14:06:08-163
Recall-----:   0.99999978      0.85820129      0.85439589      0.85187847      0.84972543      0.84776125      0.84578242      0.84349349      0.84072219      0.83643505      0.0   
Precision--:   0.00065069      0.80435022      0.81058579      0.81457122      0.81775968      0.82062184      0.82342767      0.82643327      0.83013664      0.8355611      0.0   
01/04/2025 14:06:28-164
Recall-----:   0.99999979      0.85850716      0.85471048      0.85219998      0.85005164      0.84808951      0.84611433      0.84383157      0.8410655      0.83678937      0.0   
Precision--:   0.00065069      0.80478005      0.81099976      0.81497386      0.81815279      0.8210072      0.82380311      0.82680135      0.83049635      0.83591015      0.0   
01/04/2025 14:06:47-165
Recall-----:   0.99999979      0.8586017      0.8548113      0.85230358      0.85015733      0.84819809      0.84622821      0.84394814      0.84118576      0.83691538      0.0   
Precision--:   0.00065069      0.80519633      0.8113983      0.81536182      0.81853073      0.82137757      0.82416663      0.82715684      0.83084206      0.83624234      0.0   
01/04/2025 14:07:06-166
Recall-----:   0.99999979      0.85858345      0.85479608      0.85228836      0.85014587      0.8481899      0.84622082      0.84394425      0.84118593      0.83692083      0.0   
Precision--:   0.00065069      0.8057409      0.81192234      0.81587279      0.81903234      0.82187215      0.82465301      0.82763486      0.83130942      0.83669611      0.0   
01/04/2025 14:07:26-167
Recall-----:   0.99999979      0.8588984      0.85512327      0.85262397      0.85048834      0.8485396      0.84657678      0.84430913      0.8415624      0.83731154      0.0   
Precision--:   0.00065069      0.80593121      0.81209257      0.81603129      0.81918038      0.82200952      0.82478523      0.82775804      0.83142227      0.83679313      0.0   
01/04/2025 14:07:45-168
Recall-----:   0.99999979      0.85902093      0.85525392      0.85275791      0.85062761      0.84868225      0.84672331      0.84446009      0.84171958      0.83747172      0.0   
Precision--:   0.00065069      0.80644118      0.81258454      0.81651071      0.81965128      0.82247103      0.82524035      0.82820539      0.83185927      0.83721401      0.0   
01/04/2025 14:08:04-169
Recall-----:   0.99999979      0.85925959      0.8555002      0.85300973      0.85088469      0.84894205      0.84698549      0.84472645      0.84199125      0.8377501      0.0   
Precision--:   0.00065069      0.80685362      0.81298155      0.81690002      0.82003017      0.82284099      0.82560321      0.82856044      0.83220476      0.83754583      0.0   
01/04/2025 14:08:24-170
Recall-----:   0.99999979      0.85955329      0.8558066      0.85332325      0.85120754      0.84926924      0.84731937      0.84506611      0.84234009      0.83811114      0.0   
Precision--:   0.00065069      0.80717701      0.81328754      0.81719229      0.82031656      0.82311959      0.82587369      0.82882466      0.83245811      0.83778654      0.0   
01/04/2025 14:08:43-171
Recall-----:   0.99999979      0.85988998      0.85615378      0.85367769      0.85156914      0.84963554      0.8476929      0.84544575      0.84272717      0.83851049      0.0   
Precision--:   0.00065069      0.80740434      0.81349704      0.81739251      0.82050873      0.82330266      0.82605      0.82899031      0.83261545      0.83792688      0.0   
01/04/2025 14:09:03-172
Recall-----:   0.9999998      0.86001435      0.85628484      0.85381061      0.85170527      0.84977304      0.84783592      0.84559094      0.8428748      0.83866371      0.0   
Precision--:   0.00065069      0.80784594      0.81392371      0.81780639      0.82091534      0.82369997      0.82644006      0.8293744      0.83298979      0.83828705      0.0   
01/04/2025 14:09:22-173
Recall-----:   0.9999998      0.86021462      0.85649599      0.85402603      0.85192305      0.84999442      0.84805949      0.84581808      0.84310477      0.838899      0.0   
Precision--:   0.00065069      0.80829073      0.81435265      0.81822375      0.82132304      0.82410025      0.82683239      0.8297605      0.8333665      0.83864861      0.0   
01/04/2025 14:09:42-174
Recall-----:   0.9999998      0.86047032      0.85676184      0.85429772      0.8522007      0.85027623      0.84834651      0.84610943      0.84340476      0.8392089      0.0   
Precision--:   0.00065069      0.80865718      0.81470411      0.8185646      0.82165705      0.82442843      0.82715323      0.8300749      0.83367132      0.83894021      0.0   
01/04/2025 14:10:01-175
Recall-----:   0.9999998      0.86075141      0.85705316      0.85459361      0.85250128      0.85058273      0.84865595      0.84642335      0.84372281      0.83953735      0.0   
Precision--:   0.00065069      0.80902513      0.81505496      0.81890245      0.82198719      0.82475028      0.82746748      0.83038303      0.83396943      0.83922681      0.0   
01/04/2025 14:10:21-176
Recall-----:   0.9999998      0.86113328      0.85744894      0.8549977      0.8529134      0.8510009      0.84907882      0.84685405      0.84416178      0.83999018      0.0   
Precision--:   0.00065069      0.80894263      0.81495799      0.81879559      0.82187306      0.82463052      0.82734123      0.83025233      0.83383269      0.83908141      0.0   
01/04/2025 14:10:40-177
Recall-----:   0.9999998      0.86142058      0.85774523      0.85529903      0.8532191      0.8513106      0.84939376      0.84717335      0.84449006      0.84033019      0.0   
Precision--:   0.00065069      0.80925064      0.81524887      0.81907544      0.82214553      0.82489628      0.8276009      0.83050321      0.83407633      0.83931121      0.0   
01/04/2025 14:11:00-178
Recall-----:   0.9999998      0.86169717      0.8580317      0.85559246      0.8535204      0.85161763      0.84970558      0.84749185      0.84481743      0.84066976      0.0   
Precision--:   0.00065069      0.80953665      0.81551854      0.81933542      0.82239852      0.82514246      0.82783956      0.83073693      0.83429879      0.83952238      0.0   
01/04/2025 14:11:19-179
Recall-----:   0.9999998      0.86201895      0.85836384      0.85593286      0.85386525      0.85196774      0.85005847      0.84785077      0.84518375      0.84104656      0.0   
Precision--:   0.00065069      0.8095103      0.81547215      0.81927825      0.82233102      0.82506424      0.82775566      0.83064671      0.83420052      0.83940915      0.0   
01/04/2025 14:11:39-180
Recall-----:   0.9999998      0.86230284      0.85865583      0.85623184      0.85416882      0.85227751      0.85037332      0.84817001      0.84550757      0.8413829      0.0   
Precision--:   0.00065069      0.80977447      0.81571829      0.8195148      0.82255874      0.82528489      0.82797068      0.83085456      0.8343975      0.83959837      0.0   
01/04/2025 14:11:59-181
Recall-----:   0.99999981      0.86265386      0.85901815      0.85660165      0.85454512      0.85265954      0.85076077      0.84856588      0.8459107      0.84179569      0.0   
Precision--:   0.00065069      0.80981703      0.81574331      0.81952882      0.82256591      0.82528468      0.82796515      0.83084438      0.83437798      0.83956357      0.0   
01/04/2025 14:12:18-182
Recall-----:   0.99999981      0.86289508      0.85926786      0.85685704      0.85480653      0.85292566      0.85103264      0.84884414      0.84619518      0.84209049      0.0   
Precision--:   0.00065069      0.81001038      0.81592034      0.81969791      0.82272825      0.82544238      0.82811815      0.8309901      0.83451551      0.83968793      0.0   
01/04/2025 14:12:38-183
Recall-----:   0.99999981      0.8631811      0.85956207      0.85715898      0.85511463      0.85323668      0.85134895      0.84916775      0.84652454      0.84243008      0.0   
Precision--:   0.00065069      0.81024086      0.81613371      0.81990028      0.82292582      0.825632      0.82830164      0.83116749      0.8346868      0.8398454      0.0   
01/04/2025 14:12:58-184
Recall-----:   0.99999981      0.8634455      0.85983382      0.85743704      0.85539839      0.85352315      0.85164047      0.84946438      0.84682877      0.84274327      0.0   
Precision--:   0.00065069      0.81052566      0.81640175      0.82015873      0.82317751      0.82587528      0.82853862      0.83139727      0.83490907      0.84005597      0.0   
01/04/2025 14:13:17-185
Recall-----:   0.99999981      0.8636577      0.86005575      0.85766388      0.85562973      0.8537604      0.85188253      0.84971129      0.84708189      0.84300468      0.0   
Precision--:   0.00065069      0.81084346      0.81670764      0.82045483      0.82346473      0.82615523      0.82881368      0.83166495      0.83516789      0.84030343      0.0   
01/04/2025 14:13:36-186
Recall-----:   0.99999981      0.86370992      0.86011043      0.85771945      0.85568674      0.85382136      0.8519439      0.84977389      0.84714778      0.84307424      0.0   
Precision--:   0.00065069      0.8113339      0.81718719      0.8209267      0.82392963      0.82661411      0.82926532      0.83210943      0.83560564      0.84072825      0.0   
01/04/2025 14:13:56-187
Recall-----:   0.99999981      0.86396579      0.86037718      0.8579914      0.85596368      0.85410259      0.85223042      0.85006613      0.84744891      0.84338596      0.0   
Precision--:   0.00065069      0.8116129      0.81745132      0.82117976      0.82417682      0.82685404      0.82950012      0.83233988      0.8358268      0.84093577      0.0   
01/04/2025 14:14:15-188
Recall-----:   0.99999981      0.86427987      0.86070221      0.85832327      0.85630029      0.85444344      0.85257688      0.85041675      0.84780554      0.84375418      0.0   
Precision--:   0.00065069      0.81175028      0.81757214      0.82128944      0.82427848      0.82694872      0.82958777      0.83241895      0.83589718      0.84099196      0.0   
01/04/2025 14:14:35-189
Recall-----:   0.99999981      0.86438785      0.86081694      0.85844215      0.85642276      0.85456881      0.85270649      0.85055011      0.84794204      0.84389751      0.0   
Precision--:   0.00065069      0.8121709      0.81797889      0.82168683      0.82466891      0.82733236      0.82996842      0.83279468      0.83626356      0.8413479      0.0   
01/04/2025 14:14:55-190
Recall-----:   0.99999981      0.86457921      0.86101774      0.85864928      0.85663381      0.85478328      0.85292498      0.85077378      0.84817031      0.84413549      0.0   
Precision--:   0.00065069      0.81255376      0.81834697      0.82204464      0.82501818      0.8276747      0.83030403      0.8331248      0.83658425      0.84165682      0.0   
01/04/2025 14:15:14-191
Recall-----:   0.99999982      0.8647395      0.86118775      0.85882556      0.8568125      0.85496424      0.85310955      0.85096294      0.84836512      0.8443377      0.0   
Precision--:   0.00065069      0.81294078      0.81871974      0.8224073      0.82537481      0.82802651      0.8306508      0.83346374      0.83691338      0.84197709      0.0   
01/04/2025 14:15:34-192
Recall-----:   0.99999982      0.86491387      0.8613679      0.8590066      0.85699921      0.85515486      0.85330374      0.85116166      0.84857071      0.84454952      0.0   
Precision--:   0.00065069      0.81330607      0.81907164      0.8227499      0.82571034      0.82835546      0.83097277      0.83377964      0.83722025      0.84227091      0.0   
01/04/2025 14:15:53-193
Recall-----:   0.99999982      0.86509536      0.86155766      0.85920435      0.85720002      0.85535826      0.85351085      0.8513749      0.84878857      0.844775      0.0   
Precision--:   0.00065069      0.81352822      0.81927962      0.82295017      0.82590222      0.82854226      0.83115367      0.83395318      0.83738569      0.8424246      0.0   
01/04/2025 14:16:13-194
Recall-----:   0.99999982      0.86532879      0.86179818      0.85945023      0.85744984      0.85561245      0.85376981      0.8516383      0.84905853      0.84505522      0.0   
Precision--:   0.00065069      0.81382726      0.81956552      0.82322658      0.82617276      0.82880585      0.83140991      0.83420268      0.83762666      0.84265518      0.0   
01/04/2025 14:16:32-195
Recall-----:   0.99999982      0.86544198      0.86191713      0.85957306      0.85757639      0.85574387      0.85390216      0.8517745      0.84920086      0.84520284      0.0   
Precision--:   0.00065069      0.81419807      0.81992004      0.82357279      0.82651136      0.82913776      0.83173589      0.83452194      0.83793874      0.84295667      0.0   
01/04/2025 14:16:52-196
Recall-----:   0.99999982      0.86559168      0.86207415      0.85973408      0.85774199      0.85591268      0.85407261      0.85194857      0.84937778      0.84538697      0.0   
Precision--:   0.00065069      0.81449386      0.82020247      0.82384589      0.82677814      0.82939836      0.83198961      0.8347682      0.8381773      0.84318259      0.0   
01/04/2025 14:17:12-197
Recall-----:   0.99999982      0.86580907      0.86229753      0.85996108      0.85797281      0.85614792      0.85431143      0.85219242      0.84962355      0.84563934      0.0   
Precision--:   0.00065069      0.8147224      0.82041661      0.82405474      0.82697964      0.82959365      0.83217722      0.83494755      0.83835024      0.84334638      0.0   
01/04/2025 14:17:31-198
Recall-----:   0.99999982      0.86611603      0.86261433      0.86028553      0.85830157      0.85648089      0.8546499      0.85253745      0.84997475      0.84600204      0.0   
Precision--:   0.00065069      0.81471158      0.82038742      0.82401612      0.82693315      0.82954144      0.83211954      0.83488462      0.83827925      0.84326468      0.0   
01/04/2025 14:17:51-199
Recall-----:   0.99999982      0.86632068      0.86282324      0.86049973      0.85851898      0.85670192      0.85487268      0.85276691      0.8502119      0.84624881      0.0   
Precision--:   0.00065069      0.81493569      0.82059512      0.82421743      0.82712884      0.82973148      0.83230363      0.83506379      0.83845196      0.84342795      0.0   
