01/04/2025 09:25:03-0
Recall-----:   0.99999996      0.2532933      0.23817764      0.22765318      0.21984813      0.2122903      0.20575666      0.19872858      0.1894049      0.17598445      0.0   
Precision--:   0.00065068      0.40666816      0.42527428      0.4374618      0.44739108      0.45506848      0.46552134      0.4758562      0.48666057      0.50460754      0.0   
01/04/2025 09:25:23-1
Recall-----:   0.99999998      0.40554476      0.39039378      0.37951615      0.3712873      0.3638001      0.35698392      0.34935546      0.33996115      0.32597563      0.0   
Precision--:   0.00065068      0.44426819      0.4644245      0.47669956      0.48696094      0.49597957      0.50660317      0.516567      0.52869774      0.54623463      0.0   
01/04/2025 09:25:42-2
Recall-----:   0.99999999      0.56451821      0.5523574      0.5440226      0.53735946      0.53130849      0.52570486      0.51957148      0.51175466      0.50066513      0.0   
Precision--:   0.00065068      0.16179403      0.16845401      0.17272996      0.17630745      0.1795191      0.18286051      0.18652585      0.19072586      0.19732929      0.0   
01/04/2025 09:26:02-3
Recall-----:   0.99999999      0.54281299      0.52882747      0.51942433      0.51167225      0.50487374      0.49807522      0.49095002      0.48205015      0.46889457      0.0   
Precision--:   0.00065068      0.19580921      0.20292384      0.20747517      0.21118918      0.21456741      0.21792811      0.22169461      0.22599406      0.23257046      0.0   
01/04/2025 09:26:21-4
Recall-----:   0.99999999      0.56202719      0.54829595      0.53909941      0.53152039      0.52490906      0.51827653      0.51130496      0.50239096      0.4894932      0.0   
Precision--:   0.00065068      0.23459848      0.24298817      0.24836238      0.25279587      0.25680154      0.26079709      0.26524884      0.2702828      0.27805418      0.0   
01/04/2025 09:26:41-5
Recall-----:   0.99999999      0.59517923      0.58219436      0.57352993      0.5663547      0.56004473      0.55375242      0.54707752      0.53856613      0.52630525      0.0   
Precision--:   0.00065068      0.25695009      0.26660395      0.27279523      0.27793087      0.28257971      0.28720189      0.29229564      0.29820193      0.30726988      0.0   
01/04/2025 09:27:00-6
Recall-----:   0.99999999      0.62311748      0.61071617      0.60242678      0.59557529      0.58952599      0.58345147      0.57700865      0.56880502      0.55681743      0.0   
Precision--:   0.00065069      0.28866223      0.29938267      0.30630547      0.31203593      0.31722076      0.32234084      0.32795657      0.33451326      0.34453435      0.0   
01/04/2025 09:27:20-7
Recall-----:   0.99998675      0.64580611      0.63392636      0.6260286      0.61947731      0.61368974      0.60790658      0.60166872      0.59371799      0.58218259      0.0   
Precision--:   0.00065068      0.31609334      0.3275606      0.33500274      0.3411553      0.34670388      0.35222482      0.35825156      0.36527561      0.3760365      0.0   
01/04/2025 09:27:39-8
Recall-----:   0.99998822      0.66842466      0.65713893      0.64968705      0.64344379      0.63793042      0.63243275      0.62651127      0.61873369      0.60759315      0.0   
Precision--:   0.00065068      0.34051868      0.35276101      0.36072807      0.3672706      0.37313995      0.37899207      0.38539637      0.39285768      0.40425043      0.0   
01/04/2025 09:27:59-9
Recall-----:   0.9999894      0.68040967      0.6694261      0.66214374      0.65617164      0.65077167      0.64533286      0.63948437      0.63187709      0.6209253      0.0   
Precision--:   0.00065069      0.36208941      0.37484377      0.38315857      0.39003474      0.39611848      0.40217279      0.40878203      0.41653125      0.42829998      0.0   
